analyzing data
micron
SOL1
5000000
./logs/micron
##### micron_SOL1_5M #####
[control] control passed 500/500 (100.00%)
[control] avg: 0.000 (min: 0.000 - max: 0.000)
##### micron_SOL1_5M #####
[rand_rows_rep_flip_count] avg: 0.000 (min: 0.000 - max: 0.000)
[rand_rows_rep] insufficient flip count, skipping jaccard
[rand_rows_rep_flip_count] avg: 2.000 (min: 2.000 - max: 2.000)
[rand_rows_rep] insufficient flip count, skipping jaccard
[rand_rows_rep_flip_count] avg: 0.000 (min: 0.000 - max: 0.000)
[rand_rows_rep] insufficient flip count, skipping jaccard
[rand_rows_rep_flip_count] avg: 0.000 (min: 0.000 - max: 0.000)
[rand_rows_rep] insufficient flip count, skipping jaccard
[rand_rows_rep_flip_count] avg: 0.000 (min: 0.000 - max: 0.000)
[rand_rows_rep] insufficient flip count, skipping jaccard
[rand_rows_rep_flip_count] avg: 1.000 (min: 1.000 - max: 1.000)
[rand_rows_rep] insufficient flip count, skipping jaccard
[rand_rows_rep_flip_count] avg: 1.000 (min: 1.000 - max: 1.000)
[rand_rows_rep] insufficient flip count, skipping jaccard
[rand_rows_rep_flip_count] avg: 0.000 (min: 0.000 - max: 0.000)
[rand_rows_rep] insufficient flip count, skipping jaccard
[rand_rows_rep_flip_count] avg: 0.000 (min: 0.000 - max: 0.000)
[rand_rows_rep] insufficient flip count, skipping jaccard
[rand_rows_rep_flip_count] avg: 0.000 (min: 0.000 - max: 0.000)
[rand_rows_rep] insufficient flip count, skipping jaccard
[rand_rows_rep_flip_count] avg: 0.000 (min: 0.000 - max: 0.000)
[rand_rows_rep] insufficient flip count, skipping jaccard
[rand_rows_rep_flip_count] avg: 0.000 (min: 0.000 - max: 0.000)
[rand_rows_rep] insufficient flip count, skipping jaccard
[rand_rows_rep_flip_count] avg: 0.000 (min: 0.000 - max: 0.000)
[rand_rows_rep] insufficient flip count, skipping jaccard
[rand_rows_rep_flip_count] avg: 1.000 (min: 1.000 - max: 1.000)
[rand_rows_rep] insufficient flip count, skipping jaccard
[rand_rows_rep_flip_count] avg: 3.000 (min: 3.000 - max: 3.000)
[rand_rows_rep] insufficient flip count, skipping jaccard
[rand_rows_rep_flip_count] avg: 0.000 (min: 0.000 - max: 0.000)
[rand_rows_rep] insufficient flip count, skipping jaccard
[rand_rows_rep_flip_count] avg: 0.000 (min: 0.000 - max: 0.000)
[rand_rows_rep] insufficient flip count, skipping jaccard
[rand_rows_rep_flip_count] avg: 0.000 (min: 0.000 - max: 0.000)
[rand_rows_rep] insufficient flip count, skipping jaccard
[rand_rows_rep_flip_count] avg: 0.000 (min: 0.000 - max: 0.000)
[rand_rows_rep] insufficient flip count, skipping jaccard
[rand_rows_rep_flip_count] avg: 3.000 (min: 3.000 - max: 3.000)
[rand_rows_rep] insufficient flip count, skipping jaccard
[rand_rows_rep_flip_count] avg: 0.000 (min: 0.000 - max: 0.000)
[rand_rows_rep] insufficient flip count, skipping jaccard
[rand_rows_rep_flip_count] avg: 0.000 (min: 0.000 - max: 0.000)
[rand_rows_rep] insufficient flip count, skipping jaccard
[rand_rows_rep_flip_count] avg: 0.000 (min: 0.000 - max: 0.000)
[rand_rows_rep] insufficient flip count, skipping jaccard
[rand_rows_rep_flip_count] avg: 0.000 (min: 0.000 - max: 0.000)
[rand_rows_rep] insufficient flip count, skipping jaccard
[rand_rows_rep_flip_count] avg: 0.000 (min: 0.000 - max: 0.000)
[rand_rows_rep] insufficient flip count, skipping jaccard
[rand_rows_rep_flip_count] avg: 0.000 (min: 0.000 - max: 0.000)
[rand_rows_rep] insufficient flip count, skipping jaccard
[rand_rows_rep_flip_count] avg: 0.000 (min: 0.000 - max: 0.000)
[rand_rows_rep] insufficient flip count, skipping jaccard
[rand_rows_rep_flip_count] avg: 0.000 (min: 0.000 - max: 0.000)
[rand_rows_rep] insufficient flip count, skipping jaccard
[rand_rows_rep_flip_count] avg: 1.520 (min: 1.000 - max: 2.000)
[rand_rows_rep] insufficient flip count, skipping jaccard
[rand_rows_rep_flip_count] avg: 0.000 (min: 0.000 - max: 0.000)
[rand_rows_rep] insufficient flip count, skipping jaccard
[rand_rows_rep_flip_count] avg: 0.000 (min: 0.000 - max: 0.000)
[rand_rows_rep] insufficient flip count, skipping jaccard
[rand_rows_rep_flip_count] avg: 0.000 (min: 0.000 - max: 0.000)
[rand_rows_rep] insufficient flip count, skipping jaccard
[rand_rows_rep_flip_count] avg: 0.000 (min: 0.000 - max: 0.000)
[rand_rows_rep] insufficient flip count, skipping jaccard
[rand_rows_rep_flip_count] avg: 0.000 (min: 0.000 - max: 0.000)
[rand_rows_rep] insufficient flip count, skipping jaccard
[rand_rows_rep_flip_count] avg: 0.000 (min: 0.000 - max: 0.000)
[rand_rows_rep] insufficient flip count, skipping jaccard
[rand_rows_rep_flip_count] avg: 2.990 (min: 2.000 - max: 3.000)
[rand_rows_rep] insufficient flip count, skipping jaccard
[rand_rows_rep_flip_count] avg: 0.000 (min: 0.000 - max: 0.000)
[rand_rows_rep] insufficient flip count, skipping jaccard
[rand_rows_rep_flip_count] avg: 0.000 (min: 0.000 - max: 0.000)
[rand_rows_rep] insufficient flip count, skipping jaccard
[rand_rows_rep_flip_count] avg: 0.000 (min: 0.000 - max: 0.000)
[rand_rows_rep] insufficient flip count, skipping jaccard
[rand_rows_rep_flip_count] avg: 0.000 (min: 0.000 - max: 0.000)
[rand_rows_rep] insufficient flip count, skipping jaccard
[rand_rows_rep_flip_count] avg: 0.000 (min: 0.000 - max: 0.000)
[rand_rows_rep] insufficient flip count, skipping jaccard
[rand_rows_rep_flip_count] avg: 1.000 (min: 1.000 - max: 1.000)
[rand_rows_rep] insufficient flip count, skipping jaccard
[rand_rows_rep_flip_count] avg: 0.000 (min: 0.000 - max: 0.000)
[rand_rows_rep] insufficient flip count, skipping jaccard
[rand_rows_rep_flip_count] avg: 3.810 (min: 3.000 - max: 4.000)
[rand_rows_rep] insufficient flip count, skipping jaccard
[rand_rows_rep_flip_count] avg: 2.000 (min: 2.000 - max: 2.000)
[rand_rows_rep] insufficient flip count, skipping jaccard
[rand_rows_rep_flip_count] avg: 1.000 (min: 1.000 - max: 1.000)
[rand_rows_rep] insufficient flip count, skipping jaccard
[rand_rows_rep_flip_count] avg: 0.000 (min: 0.000 - max: 0.000)
[rand_rows_rep] insufficient flip count, skipping jaccard
[rand_rows_rep_flip_count] avg: 0.000 (min: 0.000 - max: 0.000)
[rand_rows_rep] insufficient flip count, skipping jaccard
[rand_rows_rep_flip_count] avg: 0.000 (min: 0.000 - max: 0.000)
[rand_rows_rep] insufficient flip count, skipping jaccard
[rand_rows_rep_flip_count] avg: 0.000 (min: 0.000 - max: 0.000)
[rand_rows_rep] insufficient flip count, skipping jaccard
##### micron_SOL1_5M #####
[rand_rows_uniq_flip_count] avg: 0.526 (min: 0.000 - max: 75.000)
[rand_rows_uniq] insufficient flip count, skipping plots and jaccards
##### micron_SOL1_5M #####
[seq_rows_rep_flip_count] avg: 0.000 (min: 0.000 - max: 0.000)
[seq_rows_rep] insufficient flip count, skipping jaccard
[seq_rows_rep_flip_count] avg: 0.000 (min: 0.000 - max: 0.000)
[seq_rows_rep] insufficient flip count, skipping jaccard
[seq_rows_rep_flip_count] avg: 0.000 (min: 0.000 - max: 0.000)
[seq_rows_rep] insufficient flip count, skipping jaccard
[seq_rows_rep_flip_count] avg: 0.000 (min: 0.000 - max: 0.000)
[seq_rows_rep] insufficient flip count, skipping jaccard
[seq_rows_rep_flip_count] avg: 3.000 (min: 3.000 - max: 3.000)
[seq_rows_rep] insufficient flip count, skipping jaccard
[seq_rows_rep_flip_count] avg: 3.920 (min: 2.000 - max: 4.000)
[seq_rows_rep] insufficient flip count, skipping jaccard
[seq_rows_rep_flip_count] avg: 2.000 (min: 2.000 - max: 2.000)
[seq_rows_rep] insufficient flip count, skipping jaccard
[seq_rows_rep_flip_count] avg: 0.000 (min: 0.000 - max: 0.000)
[seq_rows_rep] insufficient flip count, skipping jaccard
[seq_rows_rep_flip_count] avg: 0.000 (min: 0.000 - max: 0.000)
[seq_rows_rep] insufficient flip count, skipping jaccard
[seq_rows_rep_flip_count] avg: 0.720 (min: 0.000 - max: 1.000)
[seq_rows_rep] insufficient flip count, skipping jaccard
[seq_rows_rep_flip_count] avg: 0.000 (min: 0.000 - max: 0.000)
[seq_rows_rep] insufficient flip count, skipping jaccard
[seq_rows_rep_flip_count] avg: 0.000 (min: 0.000 - max: 0.000)
[seq_rows_rep] insufficient flip count, skipping jaccard
[seq_rows_rep_flip_count] avg: 0.000 (min: 0.000 - max: 0.000)
[seq_rows_rep] insufficient flip count, skipping jaccard
[seq_rows_rep_flip_count] avg: 0.000 (min: 0.000 - max: 0.000)
[seq_rows_rep] insufficient flip count, skipping jaccard
[seq_rows_rep_flip_count] avg: 0.000 (min: 0.000 - max: 0.000)
[seq_rows_rep] insufficient flip count, skipping jaccard
[seq_rows_rep_flip_count] avg: 0.000 (min: 0.000 - max: 0.000)
[seq_rows_rep] insufficient flip count, skipping jaccard
[seq_rows_rep_flip_count] avg: 1.000 (min: 1.000 - max: 1.000)
[seq_rows_rep] insufficient flip count, skipping jaccard
[seq_rows_rep_flip_count] avg: 1.000 (min: 1.000 - max: 1.000)
[seq_rows_rep] insufficient flip count, skipping jaccard
[seq_rows_rep_flip_count] avg: 0.000 (min: 0.000 - max: 0.000)
[seq_rows_rep] insufficient flip count, skipping jaccard
[seq_rows_rep_flip_count] avg: 0.000 (min: 0.000 - max: 0.000)
[seq_rows_rep] insufficient flip count, skipping jaccard
[seq_rows_rep_flip_count] avg: 3.000 (min: 3.000 - max: 3.000)
[seq_rows_rep] insufficient flip count, skipping jaccard
[seq_rows_rep_flip_count] avg: 0.000 (min: 0.000 - max: 0.000)
[seq_rows_rep] insufficient flip count, skipping jaccard
[seq_rows_rep_flip_count] avg: 2.990 (min: 2.000 - max: 3.000)
[seq_rows_rep] insufficient flip count, skipping jaccard
[seq_rows_rep_flip_count] avg: 1.000 (min: 1.000 - max: 1.000)
[seq_rows_rep] insufficient flip count, skipping jaccard
[seq_rows_rep_flip_count] avg: 1.000 (min: 1.000 - max: 1.000)
[seq_rows_rep] insufficient flip count, skipping jaccard
[seq_rows_rep_flip_count] avg: 0.000 (min: 0.000 - max: 0.000)
[seq_rows_rep] insufficient flip count, skipping jaccard
[seq_rows_rep_flip_count] avg: 1.000 (min: 1.000 - max: 1.000)
[seq_rows_rep] insufficient flip count, skipping jaccard
[seq_rows_rep_flip_count] avg: 2.000 (min: 2.000 - max: 2.000)
[seq_rows_rep] insufficient flip count, skipping jaccard
[seq_rows_rep_flip_count] avg: 1.000 (min: 1.000 - max: 1.000)
[seq_rows_rep] insufficient flip count, skipping jaccard
[seq_rows_rep_flip_count] avg: 0.000 (min: 0.000 - max: 0.000)
[seq_rows_rep] insufficient flip count, skipping jaccard
[seq_rows_rep_flip_count] avg: 2.000 (min: 2.000 - max: 2.000)
[seq_rows_rep] insufficient flip count, skipping jaccard
[seq_rows_rep_flip_count] avg: 1.000 (min: 1.000 - max: 1.000)
[seq_rows_rep] insufficient flip count, skipping jaccard
[seq_rows_rep_flip_count] avg: 0.000 (min: 0.000 - max: 0.000)
[seq_rows_rep] insufficient flip count, skipping jaccard
[seq_rows_rep_flip_count] avg: 2.000 (min: 2.000 - max: 2.000)
[seq_rows_rep] insufficient flip count, skipping jaccard
[seq_rows_rep_flip_count] avg: 0.000 (min: 0.000 - max: 0.000)
[seq_rows_rep] insufficient flip count, skipping jaccard
[seq_rows_rep_flip_count] avg: 1.090 (min: 1.000 - max: 2.000)
[seq_rows_rep] insufficient flip count, skipping jaccard
[seq_rows_rep_flip_count] avg: 1.000 (min: 1.000 - max: 1.000)
[seq_rows_rep] insufficient flip count, skipping jaccard
[seq_rows_rep_flip_count] avg: 0.000 (min: 0.000 - max: 0.000)
[seq_rows_rep] insufficient flip count, skipping jaccard
[seq_rows_rep_flip_count] avg: 1.000 (min: 1.000 - max: 1.000)
[seq_rows_rep] insufficient flip count, skipping jaccard
[seq_rows_rep_flip_count] avg: 0.000 (min: 0.000 - max: 0.000)
[seq_rows_rep] insufficient flip count, skipping jaccard
[seq_rows_rep_flip_count] avg: 1.000 (min: 1.000 - max: 1.000)
[seq_rows_rep] insufficient flip count, skipping jaccard
[seq_rows_rep_flip_count] avg: 0.000 (min: 0.000 - max: 0.000)
[seq_rows_rep] insufficient flip count, skipping jaccard
[seq_rows_rep_flip_count] avg: 1.000 (min: 1.000 - max: 1.000)
[seq_rows_rep] insufficient flip count, skipping jaccard
[seq_rows_rep_flip_count] avg: 0.000 (min: 0.000 - max: 0.000)
[seq_rows_rep] insufficient flip count, skipping jaccard
[seq_rows_rep_flip_count] avg: 2.020 (min: 2.000 - max: 3.000)
[seq_rows_rep] insufficient flip count, skipping jaccard
[seq_rows_rep_flip_count] avg: 1.000 (min: 1.000 - max: 1.000)
[seq_rows_rep] insufficient flip count, skipping jaccard
[seq_rows_rep_flip_count] avg: 0.060 (min: 0.000 - max: 1.000)
[seq_rows_rep] insufficient flip count, skipping jaccard
[seq_rows_rep_flip_count] avg: 0.000 (min: 0.000 - max: 0.000)
[seq_rows_rep] insufficient flip count, skipping jaccard
[seq_rows_rep_flip_count] avg: 1.000 (min: 1.000 - max: 1.000)
[seq_rows_rep] insufficient flip count, skipping jaccard
[seq_rows_rep_flip_count] avg: 3.000 (min: 3.000 - max: 3.000)
[seq_rows_rep] insufficient flip count, skipping jaccard
