analyzing data
micron
CHK1
10000000
./logs/micron
##### micron_CHK1_10M #####
[control] control passed 500/500 (100.00%)
[control] avg: 0.000 (min: 0.000 - max: 0.000)
##### micron_CHK1_10M #####
[rand_rows_rep_flip_count] avg: 30.210 (min: 30.000 - max: 31.000)
[rand_rows_rep_jintra] avg: 0.989 (min: 0.968 - max: 1.000)
[rand_rows_rep_flip_count] avg: 70.260 (min: 66.000 - max: 72.000)
[rand_rows_rep_jintra] avg: 0.974 (min: 0.903 - max: 1.000)
[rand_rows_rep_flip_count] avg: 75.280 (min: 73.000 - max: 77.000)
[rand_rows_rep_jintra] avg: 0.986 (min: 0.947 - max: 1.000)
[rand_rows_rep_flip_count] avg: 75.850 (min: 74.000 - max: 78.000)
[rand_rows_rep_jintra] avg: 0.983 (min: 0.937 - max: 1.000)
[rand_rows_rep_flip_count] avg: 28.050 (min: 25.000 - max: 29.000)
[rand_rows_rep_jintra] avg: 0.987 (min: 0.862 - max: 1.000)
[rand_rows_rep_flip_count] avg: 22.960 (min: 22.000 - max: 23.000)
[rand_rows_rep_jintra] avg: 0.997 (min: 0.957 - max: 1.000)
[rand_rows_rep_flip_count] avg: 22.000 (min: 21.000 - max: 23.000)
[rand_rows_rep_jintra] avg: 0.998 (min: 0.913 - max: 1.000)
[rand_rows_rep_flip_count] avg: 47.360 (min: 46.000 - max: 50.000)
[rand_rows_rep_jintra] avg: 0.972 (min: 0.898 - max: 1.000)
[rand_rows_rep_flip_count] avg: 23.120 (min: 22.000 - max: 24.000)
[rand_rows_rep_jintra] avg: 0.962 (min: 0.875 - max: 1.000)
[rand_rows_rep_flip_count] avg: 23.000 (min: 23.000 - max: 23.000)
[rand_rows_rep_jintra] avg: 1.000 (min: 1.000 - max: 1.000)
[rand_rows_rep_flip_count] avg: 22.990 (min: 22.000 - max: 23.000)
[rand_rows_rep_jintra] avg: 0.999 (min: 0.957 - max: 1.000)
[rand_rows_rep_flip_count] avg: 62.690 (min: 62.000 - max: 64.000)
[rand_rows_rep_jintra] avg: 0.990 (min: 0.969 - max: 1.000)
[rand_rows_rep_flip_count] avg: 90.680 (min: 89.000 - max: 92.000)
[rand_rows_rep_jintra] avg: 0.991 (min: 0.957 - max: 1.000)
[rand_rows_rep_flip_count] avg: 65.400 (min: 63.000 - max: 67.000)
[rand_rows_rep_jintra] avg: 0.984 (min: 0.940 - max: 1.000)
[rand_rows_rep_flip_count] avg: 75.210 (min: 74.000 - max: 76.000)
[rand_rows_rep_jintra] avg: 0.989 (min: 0.961 - max: 1.000)
[rand_rows_rep_flip_count] avg: 23.120 (min: 21.000 - max: 24.000)
[rand_rows_rep_jintra] avg: 0.964 (min: 0.840 - max: 1.000)
[rand_rows_rep_flip_count] avg: 22.770 (min: 22.000 - max: 23.000)
[rand_rows_rep_jintra] avg: 0.984 (min: 0.957 - max: 1.000)
[rand_rows_rep_flip_count] avg: 15.270 (min: 14.000 - max: 17.000)
[rand_rows_rep_jintra] avg: 0.932 (min: 0.824 - max: 1.000)
[rand_rows_rep_flip_count] avg: 68.060 (min: 68.000 - max: 69.000)
[rand_rows_rep_jintra] avg: 0.998 (min: 0.971 - max: 1.000)
[rand_rows_rep_flip_count] avg: 82.030 (min: 81.000 - max: 84.000)
[rand_rows_rep_jintra] avg: 0.984 (min: 0.952 - max: 1.000)
[rand_rows_rep_flip_count] avg: 72.820 (min: 71.000 - max: 74.000)
[rand_rows_rep_jintra] avg: 0.986 (min: 0.946 - max: 1.000)
[rand_rows_rep_flip_count] avg: 18.240 (min: 18.000 - max: 19.000)
[rand_rows_rep_jintra] avg: 0.981 (min: 0.947 - max: 1.000)
[rand_rows_rep_flip_count] avg: 75.910 (min: 74.000 - max: 78.000)
[rand_rows_rep_jintra] avg: 0.983 (min: 0.924 - max: 1.000)
[rand_rows_rep_flip_count] avg: 21.670 (min: 21.000 - max: 24.000)
[rand_rows_rep_jintra] avg: 0.958 (min: 0.875 - max: 1.000)
[rand_rows_rep_flip_count] avg: 76.260 (min: 74.000 - max: 78.000)
[rand_rows_rep_jintra] avg: 0.985 (min: 0.948 - max: 1.000)
[rand_rows_rep_flip_count] avg: 33.370 (min: 32.000 - max: 34.000)
[rand_rows_rep_jintra] avg: 0.979 (min: 0.941 - max: 1.000)
[rand_rows_rep_flip_count] avg: 83.730 (min: 81.000 - max: 85.000)
[rand_rows_rep_jintra] avg: 0.979 (min: 0.929 - max: 1.000)
[rand_rows_rep_flip_count] avg: 17.860 (min: 17.000 - max: 18.000)
[rand_rows_rep_jintra] avg: 0.986 (min: 0.944 - max: 1.000)
[rand_rows_rep_flip_count] avg: 55.000 (min: 53.000 - max: 57.000)
[rand_rows_rep_jintra] avg: 0.972 (min: 0.930 - max: 1.000)
[rand_rows_rep_flip_count] avg: 17.850 (min: 17.000 - max: 19.000)
[rand_rows_rep_jintra] avg: 0.953 (min: 0.850 - max: 1.000)
[rand_rows_rep_flip_count] avg: 29.590 (min: 28.000 - max: 31.000)
[rand_rows_rep_jintra] avg: 0.965 (min: 0.903 - max: 1.000)
[rand_rows_rep_flip_count] avg: 19.000 (min: 19.000 - max: 19.000)
[rand_rows_rep_jintra] avg: 1.000 (min: 1.000 - max: 1.000)
[rand_rows_rep_flip_count] avg: 16.000 (min: 16.000 - max: 16.000)
[rand_rows_rep_jintra] avg: 1.000 (min: 1.000 - max: 1.000)
[rand_rows_rep_flip_count] avg: 21.830 (min: 21.000 - max: 22.000)
[rand_rows_rep_jintra] avg: 0.986 (min: 0.909 - max: 1.000)
[rand_rows_rep_flip_count] avg: 17.020 (min: 17.000 - max: 18.000)
[rand_rows_rep_jintra] avg: 0.998 (min: 0.944 - max: 1.000)
[rand_rows_rep_flip_count] avg: 68.640 (min: 67.000 - max: 70.000)
[rand_rows_rep_jintra] avg: 0.984 (min: 0.943 - max: 1.000)
[rand_rows_rep_flip_count] avg: 19.320 (min: 18.000 - max: 20.000)
[rand_rows_rep_jintra] avg: 0.970 (min: 0.900 - max: 1.000)
[rand_rows_rep_flip_count] avg: 21.400 (min: 20.000 - max: 22.000)
[rand_rows_rep_jintra] avg: 0.963 (min: 0.909 - max: 1.000)
[rand_rows_rep_flip_count] avg: 70.770 (min: 66.000 - max: 72.000)
[rand_rows_rep_jintra] avg: 0.991 (min: 0.903 - max: 1.000)
[rand_rows_rep_flip_count] avg: 28.950 (min: 28.000 - max: 29.000)
[rand_rows_rep_jintra] avg: 0.997 (min: 0.931 - max: 1.000)
[rand_rows_rep_flip_count] avg: 23.710 (min: 23.000 - max: 25.000)
[rand_rows_rep_jintra] avg: 0.975 (min: 0.880 - max: 1.000)
[rand_rows_rep_flip_count] avg: 62.870 (min: 61.000 - max: 65.000)
[rand_rows_rep_jintra] avg: 0.982 (min: 0.938 - max: 1.000)
[rand_rows_rep_flip_count] avg: 16.000 (min: 16.000 - max: 16.000)
[rand_rows_rep_jintra] avg: 1.000 (min: 1.000 - max: 1.000)
[rand_rows_rep_flip_count] avg: 58.530 (min: 57.000 - max: 59.000)
[rand_rows_rep_jintra] avg: 0.987 (min: 0.932 - max: 1.000)
[rand_rows_rep_flip_count] avg: 25.000 (min: 25.000 - max: 25.000)
[rand_rows_rep_jintra] avg: 1.000 (min: 1.000 - max: 1.000)
[rand_rows_rep_flip_count] avg: 24.880 (min: 24.000 - max: 25.000)
[rand_rows_rep_jintra] avg: 0.991 (min: 0.960 - max: 1.000)
[rand_rows_rep_flip_count] avg: 24.610 (min: 24.000 - max: 26.000)
[rand_rows_rep_jintra] avg: 0.979 (min: 0.923 - max: 1.000)
[rand_rows_rep_flip_count] avg: 23.150 (min: 23.000 - max: 24.000)
[rand_rows_rep_jintra] avg: 0.989 (min: 0.958 - max: 1.000)
[rand_rows_rep_flip_count] avg: 14.060 (min: 13.000 - max: 15.000)
[rand_rows_rep_jintra] avg: 0.961 (min: 0.812 - max: 1.000)
[rand_rows_rep_flip_count] avg: 26.860 (min: 26.000 - max: 27.000)
[rand_rows_rep_jintra] avg: 0.991 (min: 0.926 - max: 1.000)
##### micron_CHK1_10M #####
[rand_rows_uniq_flip_count] avg: 46.172 (min: 0.000 - max: 111.000)
[rand_rows_uniq] col distr entropy: 13.988 bits
[micron_CHK1_10Mjinter] avg: 0.001 (min: 0.000 - max: 0.500)
[micron_CHK1_10Mjinter_exp] avg: 0.001 (min: 0.000 - max: 0.003)
##### micron_CHK1_10M #####
[seq_rows_rep_flip_count] avg: 18.960 (min: 18.000 - max: 20.000)
[seq_rows_rep_jintra] avg: 0.992 (min: 0.895 - max: 1.000)
[seq_rows_rep_flip_count] avg: 77.650 (min: 75.000 - max: 79.000)
[seq_rows_rep_jintra] avg: 0.983 (min: 0.938 - max: 1.000)
[seq_rows_rep_flip_count] avg: 20.410 (min: 19.000 - max: 22.000)
[seq_rows_rep_jintra] avg: 0.965 (min: 0.864 - max: 1.000)
[seq_rows_rep_flip_count] avg: 85.020 (min: 84.000 - max: 86.000)
[seq_rows_rep_jintra] avg: 0.990 (min: 0.965 - max: 1.000)
[seq_rows_rep_flip_count] avg: 60.880 (min: 58.000 - max: 63.000)
[seq_rows_rep_jintra] avg: 0.972 (min: 0.905 - max: 1.000)
[seq_rows_rep_flip_count] avg: 63.520 (min: 62.000 - max: 66.000)
[seq_rows_rep_jintra] avg: 0.986 (min: 0.939 - max: 1.000)
[seq_rows_rep_flip_count] avg: 16.990 (min: 16.000 - max: 17.000)
[seq_rows_rep_jintra] avg: 0.999 (min: 0.941 - max: 1.000)
[seq_rows_rep_flip_count] avg: 20.690 (min: 18.000 - max: 22.000)
[seq_rows_rep_jintra] avg: 0.955 (min: 0.773 - max: 1.000)
[seq_rows_rep_flip_count] avg: 19.800 (min: 18.000 - max: 21.000)
[seq_rows_rep_jintra] avg: 0.959 (min: 0.857 - max: 1.000)
[seq_rows_rep_flip_count] avg: 80.610 (min: 77.000 - max: 84.000)
[seq_rows_rep_jintra] avg: 0.977 (min: 0.917 - max: 1.000)
[seq_rows_rep_flip_count] avg: 19.030 (min: 18.000 - max: 21.000)
[seq_rows_rep_jintra] avg: 0.936 (min: 0.818 - max: 1.000)
[seq_rows_rep_flip_count] avg: 22.300 (min: 21.000 - max: 24.000)
[seq_rows_rep_jintra] avg: 0.946 (min: 0.875 - max: 1.000)
[seq_rows_rep_flip_count] avg: 14.650 (min: 13.000 - max: 16.000)
[seq_rows_rep_jintra] avg: 0.945 (min: 0.800 - max: 1.000)
[seq_rows_rep_flip_count] avg: 18.000 (min: 18.000 - max: 18.000)
[seq_rows_rep_jintra] avg: 1.000 (min: 1.000 - max: 1.000)
[seq_rows_rep_flip_count] avg: 24.130 (min: 21.000 - max: 25.000)
[seq_rows_rep_jintra] avg: 0.976 (min: 0.840 - max: 1.000)
[seq_rows_rep_flip_count] avg: 21.220 (min: 21.000 - max: 22.000)
[seq_rows_rep_jintra] avg: 0.984 (min: 0.955 - max: 1.000)
[seq_rows_rep_flip_count] avg: 86.510 (min: 84.000 - max: 89.000)
[seq_rows_rep_jintra] avg: 0.971 (min: 0.923 - max: 1.000)
[seq_rows_rep_flip_count] avg: 24.220 (min: 22.000 - max: 26.000)
[seq_rows_rep_jintra] avg: 0.932 (min: 0.815 - max: 1.000)
[seq_rows_rep_flip_count] avg: 71.720 (min: 70.000 - max: 74.000)
[seq_rows_rep_jintra] avg: 0.983 (min: 0.946 - max: 1.000)
[seq_rows_rep_flip_count] avg: 12.520 (min: 12.000 - max: 13.000)
[seq_rows_rep_jintra] avg: 0.958 (min: 0.857 - max: 1.000)
[seq_rows_rep_flip_count] avg: 85.340 (min: 79.000 - max: 87.000)
[seq_rows_rep_jintra] avg: 0.974 (min: 0.886 - max: 1.000)
[seq_rows_rep_flip_count] avg: 72.570 (min: 72.000 - max: 75.000)
[seq_rows_rep_jintra] avg: 0.986 (min: 0.935 - max: 1.000)
[seq_rows_rep_flip_count] avg: 68.310 (min: 65.000 - max: 71.000)
[seq_rows_rep_jintra] avg: 0.971 (min: 0.915 - max: 1.000)
[seq_rows_rep_flip_count] avg: 19.030 (min: 18.000 - max: 20.000)
[seq_rows_rep_jintra] avg: 0.993 (min: 0.900 - max: 1.000)
[seq_rows_rep_flip_count] avg: 11.000 (min: 10.000 - max: 12.000)
[seq_rows_rep_jintra] avg: 0.997 (min: 0.833 - max: 1.000)
[seq_rows_rep_flip_count] avg: 16.870 (min: 15.000 - max: 18.000)
[seq_rows_rep_jintra] avg: 0.936 (min: 0.789 - max: 1.000)
[seq_rows_rep_flip_count] avg: 68.760 (min: 66.000 - max: 70.000)
[seq_rows_rep_jintra] avg: 0.977 (min: 0.914 - max: 1.000)
[seq_rows_rep_flip_count] avg: 80.730 (min: 78.000 - max: 84.000)
[seq_rows_rep_jintra] avg: 0.965 (min: 0.916 - max: 1.000)
[seq_rows_rep_flip_count] avg: 81.170 (min: 78.000 - max: 84.000)
[seq_rows_rep_jintra] avg: 0.975 (min: 0.929 - max: 1.000)
[seq_rows_rep_flip_count] avg: 19.070 (min: 17.000 - max: 21.000)
[seq_rows_rep_jintra] avg: 0.938 (min: 0.810 - max: 1.000)
[seq_rows_rep_flip_count] avg: 74.420 (min: 73.000 - max: 76.000)
[seq_rows_rep_jintra] avg: 0.989 (min: 0.947 - max: 1.000)
[seq_rows_rep_flip_count] avg: 71.570 (min: 70.000 - max: 73.000)
[seq_rows_rep_jintra] avg: 0.980 (min: 0.946 - max: 1.000)
[seq_rows_rep_flip_count] avg: 17.970 (min: 17.000 - max: 18.000)
[seq_rows_rep_jintra] avg: 0.997 (min: 0.944 - max: 1.000)
[seq_rows_rep_flip_count] avg: 66.790 (min: 65.000 - max: 69.000)
[seq_rows_rep_jintra] avg: 0.979 (min: 0.941 - max: 1.000)
[seq_rows_rep_flip_count] avg: 22.950 (min: 22.000 - max: 24.000)
[seq_rows_rep_jintra] avg: 0.963 (min: 0.875 - max: 1.000)
[seq_rows_rep_flip_count] avg: 77.080 (min: 76.000 - max: 78.000)
[seq_rows_rep_jintra] avg: 0.993 (min: 0.962 - max: 1.000)
[seq_rows_rep_flip_count] avg: 28.040 (min: 27.000 - max: 30.000)
[seq_rows_rep_jintra] avg: 0.956 (min: 0.900 - max: 1.000)
[seq_rows_rep_flip_count] avg: 19.360 (min: 18.000 - max: 21.000)
[seq_rows_rep_jintra] avg: 0.965 (min: 0.857 - max: 1.000)
[seq_rows_rep_flip_count] avg: 81.200 (min: 79.000 - max: 84.000)
[seq_rows_rep_jintra] avg: 0.973 (min: 0.917 - max: 1.000)
[seq_rows_rep_flip_count] avg: 74.450 (min: 72.000 - max: 77.000)
[seq_rows_rep_jintra] avg: 0.970 (min: 0.922 - max: 1.000)
[seq_rows_rep_flip_count] avg: 12.930 (min: 12.000 - max: 15.000)
[seq_rows_rep_jintra] avg: 0.906 (min: 0.733 - max: 1.000)
[seq_rows_rep_flip_count] avg: 64.590 (min: 64.000 - max: 66.000)
[seq_rows_rep_jintra] avg: 0.989 (min: 0.955 - max: 1.000)
[seq_rows_rep_flip_count] avg: 21.680 (min: 20.000 - max: 23.000)
[seq_rows_rep_jintra] avg: 0.964 (min: 0.870 - max: 1.000)
[seq_rows_rep_flip_count] avg: 12.510 (min: 12.000 - max: 15.000)
[seq_rows_rep_jintra] avg: 0.944 (min: 0.800 - max: 1.000)
[seq_rows_rep_flip_count] avg: 69.620 (min: 67.000 - max: 72.000)
[seq_rows_rep_jintra] avg: 0.962 (min: 0.904 - max: 1.000)
[seq_rows_rep_flip_count] avg: 77.190 (min: 72.000 - max: 80.000)
[seq_rows_rep_jintra] avg: 0.973 (min: 0.900 - max: 1.000)
[seq_rows_rep_flip_count] avg: 70.590 (min: 69.000 - max: 73.000)
[seq_rows_rep_jintra] avg: 0.970 (min: 0.908 - max: 1.000)
[seq_rows_rep_flip_count] avg: 16.250 (min: 16.000 - max: 17.000)
[seq_rows_rep_jintra] avg: 0.978 (min: 0.941 - max: 1.000)
[seq_rows_rep_flip_count] avg: 7.420 (min: 6.000 - max: 8.000)
[seq_rows_rep_jintra] avg: 0.895 (min: 0.750 - max: 1.000)
[seq_rows_rep_flip_count] avg: 73.380 (min: 69.000 - max: 77.000)
[seq_rows_rep_jintra] avg: 0.956 (min: 0.883 - max: 1.000)
