analyzing data
zentel
SOL0
5000000
./logs/zentel
##### zentel_SOL0_5M #####
[control] control passed 500/500 (100.00%)
[control] avg: 0.000 (min: 0.000 - max: 0.000)
##### zentel_SOL0_5M #####
[rand_rows_rep_flip_count] avg: 1.000 (min: 1.000 - max: 1.000)
[rand_rows_rep] insufficient flip count, skipping jaccard
[rand_rows_rep_flip_count] avg: 9.810 (min: 8.000 - max: 12.000)
[rand_rows_rep_jintra] avg: 0.926 (min: 0.667 - max: 1.000)
[rand_rows_rep_flip_count] avg: 6.060 (min: 6.000 - max: 7.000)
[rand_rows_rep_jintra] avg: 0.984 (min: 0.857 - max: 1.000)
[rand_rows_rep_flip_count] avg: 9.810 (min: 8.000 - max: 11.000)
[rand_rows_rep_jintra] avg: 0.962 (min: 0.700 - max: 1.000)
[rand_rows_rep_flip_count] avg: 3.790 (min: 2.000 - max: 4.000)
[rand_rows_rep] insufficient flip count, skipping jaccard
[rand_rows_rep_flip_count] avg: 7.530 (min: 7.000 - max: 9.000)
[rand_rows_rep_jintra] avg: 0.920 (min: 0.778 - max: 1.000)
[rand_rows_rep_flip_count] avg: 19.180 (min: 18.000 - max: 23.000)
[rand_rows_rep_jintra] avg: 0.936 (min: 0.783 - max: 1.000)
[rand_rows_rep_flip_count] avg: 10.080 (min: 10.000 - max: 11.000)
[rand_rows_rep_jintra] avg: 0.986 (min: 0.909 - max: 1.000)
[rand_rows_rep_flip_count] avg: 9.020 (min: 9.000 - max: 10.000)
[rand_rows_rep_jintra] avg: 0.996 (min: 0.900 - max: 1.000)
[rand_rows_rep_flip_count] avg: 6.120 (min: 4.000 - max: 7.000)
[rand_rows_rep_jintra] avg: 0.831 (min: 0.571 - max: 1.000)
[rand_rows_rep_flip_count] avg: 9.980 (min: 9.000 - max: 10.000)
[rand_rows_rep_jintra] avg: 0.996 (min: 0.900 - max: 1.000)
[rand_rows_rep_flip_count] avg: 9.920 (min: 9.000 - max: 11.000)
[rand_rows_rep_jintra] avg: 0.937 (min: 0.818 - max: 1.000)
[rand_rows_rep_flip_count] avg: 7.000 (min: 7.000 - max: 7.000)
[rand_rows_rep_jintra] avg: 1.000 (min: 1.000 - max: 1.000)
[rand_rows_rep_flip_count] avg: 11.000 (min: 11.000 - max: 11.000)
[rand_rows_rep_jintra] avg: 1.000 (min: 1.000 - max: 1.000)
[rand_rows_rep_flip_count] avg: 6.750 (min: 5.000 - max: 9.000)
[rand_rows_rep_jintra] avg: 0.883 (min: 0.556 - max: 1.000)
[rand_rows_rep_flip_count] avg: 13.830 (min: 13.000 - max: 15.000)
[rand_rows_rep_jintra] avg: 0.977 (min: 0.867 - max: 1.000)
[rand_rows_rep_flip_count] avg: 13.480 (min: 12.000 - max: 14.000)
[rand_rows_rep_jintra] avg: 0.962 (min: 0.857 - max: 1.000)
[rand_rows_rep_flip_count] avg: 9.680 (min: 9.000 - max: 12.000)
[rand_rows_rep_jintra] avg: 0.916 (min: 0.750 - max: 1.000)
[rand_rows_rep_flip_count] avg: 3.330 (min: 3.000 - max: 4.000)
[rand_rows_rep] insufficient flip count, skipping jaccard
[rand_rows_rep_flip_count] avg: 7.040 (min: 7.000 - max: 8.000)
[rand_rows_rep_jintra] avg: 0.990 (min: 0.875 - max: 1.000)
[rand_rows_rep_flip_count] avg: 5.010 (min: 5.000 - max: 6.000)
[rand_rows_rep_jintra] avg: 0.997 (min: 0.833 - max: 1.000)
[rand_rows_rep_flip_count] avg: 3.080 (min: 3.000 - max: 4.000)
[rand_rows_rep] insufficient flip count, skipping jaccard
[rand_rows_rep_flip_count] avg: 7.700 (min: 7.000 - max: 8.000)
[rand_rows_rep_jintra] avg: 0.947 (min: 0.875 - max: 1.000)
[rand_rows_rep_flip_count] avg: 8.040 (min: 8.000 - max: 9.000)
[rand_rows_rep_jintra] avg: 0.991 (min: 0.800 - max: 1.000)
[rand_rows_rep_flip_count] avg: 7.730 (min: 7.000 - max: 8.000)
[rand_rows_rep_jintra] avg: 0.950 (min: 0.875 - max: 1.000)
[rand_rows_rep_flip_count] avg: 8.200 (min: 8.000 - max: 9.000)
[rand_rows_rep_jintra] avg: 0.963 (min: 0.800 - max: 1.000)
[rand_rows_rep_flip_count] avg: 6.000 (min: 6.000 - max: 6.000)
[rand_rows_rep_jintra] avg: 1.000 (min: 1.000 - max: 1.000)
[rand_rows_rep_flip_count] avg: 3.920 (min: 3.000 - max: 4.000)
[rand_rows_rep] insufficient flip count, skipping jaccard
[rand_rows_rep_flip_count] avg: 9.000 (min: 9.000 - max: 9.000)
[rand_rows_rep_jintra] avg: 1.000 (min: 1.000 - max: 1.000)
[rand_rows_rep_flip_count] avg: 7.130 (min: 7.000 - max: 8.000)
[rand_rows_rep_jintra] avg: 0.971 (min: 0.875 - max: 1.000)
[rand_rows_rep_flip_count] avg: 15.080 (min: 15.000 - max: 16.000)
[rand_rows_rep_jintra] avg: 0.990 (min: 0.882 - max: 1.000)
[rand_rows_rep_flip_count] avg: 11.000 (min: 11.000 - max: 11.000)
[rand_rows_rep_jintra] avg: 1.000 (min: 1.000 - max: 1.000)
[rand_rows_rep_flip_count] avg: 14.390 (min: 13.000 - max: 16.000)
[rand_rows_rep_jintra] avg: 0.957 (min: 0.812 - max: 1.000)
[rand_rows_rep_flip_count] avg: 17.010 (min: 17.000 - max: 18.000)
[rand_rows_rep_jintra] avg: 0.999 (min: 0.944 - max: 1.000)
[rand_rows_rep_flip_count] avg: 6.030 (min: 6.000 - max: 7.000)
[rand_rows_rep_jintra] avg: 0.992 (min: 0.857 - max: 1.000)
[rand_rows_rep_flip_count] avg: 12.470 (min: 10.000 - max: 14.000)
[rand_rows_rep_jintra] avg: 0.901 (min: 0.714 - max: 1.000)
[rand_rows_rep_flip_count] avg: 10.000 (min: 10.000 - max: 10.000)
[rand_rows_rep_jintra] avg: 1.000 (min: 1.000 - max: 1.000)
[rand_rows_rep_flip_count] avg: 9.160 (min: 9.000 - max: 10.000)
[rand_rows_rep_jintra] avg: 0.973 (min: 0.900 - max: 1.000)
[rand_rows_rep_flip_count] avg: 12.000 (min: 12.000 - max: 12.000)
[rand_rows_rep_jintra] avg: 1.000 (min: 1.000 - max: 1.000)
[rand_rows_rep_flip_count] avg: 9.930 (min: 9.000 - max: 10.000)
[rand_rows_rep_jintra] avg: 0.987 (min: 0.900 - max: 1.000)
[rand_rows_rep_flip_count] avg: 7.000 (min: 7.000 - max: 7.000)
[rand_rows_rep_jintra] avg: 1.000 (min: 1.000 - max: 1.000)
[rand_rows_rep_flip_count] avg: 8.510 (min: 8.000 - max: 9.000)
[rand_rows_rep_jintra] avg: 0.944 (min: 0.889 - max: 1.000)
[rand_rows_rep_flip_count] avg: 13.000 (min: 13.000 - max: 13.000)
[rand_rows_rep_jintra] avg: 1.000 (min: 1.000 - max: 1.000)
[rand_rows_rep_flip_count] avg: 14.480 (min: 14.000 - max: 15.000)
[rand_rows_rep_jintra] avg: 0.966 (min: 0.933 - max: 1.000)
[rand_rows_rep_flip_count] avg: 6.830 (min: 6.000 - max: 7.000)
[rand_rows_rep_jintra] avg: 0.958 (min: 0.714 - max: 1.000)
[rand_rows_rep_flip_count] avg: 2.880 (min: 2.000 - max: 3.000)
[rand_rows_rep] insufficient flip count, skipping jaccard
[rand_rows_rep_flip_count] avg: 10.990 (min: 10.000 - max: 11.000)
[rand_rows_rep_jintra] avg: 0.998 (min: 0.909 - max: 1.000)
[rand_rows_rep_flip_count] avg: 7.960 (min: 7.000 - max: 8.000)
[rand_rows_rep_jintra] avg: 0.990 (min: 0.875 - max: 1.000)
[rand_rows_rep_flip_count] avg: 5.880 (min: 5.000 - max: 6.000)
[rand_rows_rep_jintra] avg: 0.964 (min: 0.833 - max: 1.000)
[rand_rows_rep_flip_count] avg: 10.990 (min: 10.000 - max: 11.000)
[rand_rows_rep_jintra] avg: 0.998 (min: 0.909 - max: 1.000)
##### zentel_SOL0_5M #####
[rand_rows_uniq_flip_count] avg: 9.002 (min: 0.000 - max: 60.000)
[rand_rows_uniq] col distr entropy: 13.948 bits
[zentel_SOL0_5Mjinter] avg: 0.000 (min: 0.000 - max: 1.000)
[zentel_SOL0_5Mjinter_exp] avg: 0.000 (min: 0.000 - max: 0.001)
##### zentel_SOL0_5M #####
[seq_rows_rep_flip_count] avg: 14.750 (min: 13.000 - max: 16.000)
[seq_rows_rep_jintra] avg: 0.903 (min: 0.750 - max: 1.000)
[seq_rows_rep_flip_count] avg: 6.280 (min: 5.000 - max: 8.000)
[seq_rows_rep_jintra] avg: 0.887 (min: 0.625 - max: 1.000)
[seq_rows_rep_flip_count] avg: 11.350 (min: 11.000 - max: 12.000)
[seq_rows_rep_jintra] avg: 0.962 (min: 0.917 - max: 1.000)
[seq_rows_rep_flip_count] avg: 9.580 (min: 8.000 - max: 12.000)
[seq_rows_rep_jintra] avg: 0.923 (min: 0.667 - max: 1.000)
[seq_rows_rep_flip_count] avg: 10.220 (min: 9.000 - max: 11.000)
[seq_rows_rep_jintra] avg: 0.952 (min: 0.818 - max: 1.000)
[seq_rows_rep_flip_count] avg: 8.610 (min: 8.000 - max: 10.000)
[seq_rows_rep_jintra] avg: 0.944 (min: 0.800 - max: 1.000)
[seq_rows_rep_flip_count] avg: 10.380 (min: 10.000 - max: 13.000)
[seq_rows_rep_jintra] avg: 0.946 (min: 0.769 - max: 1.000)
[seq_rows_rep_flip_count] avg: 9.660 (min: 8.000 - max: 12.000)
[seq_rows_rep_jintra] avg: 0.943 (min: 0.667 - max: 1.000)
[seq_rows_rep_flip_count] avg: 6.960 (min: 6.000 - max: 8.000)
[seq_rows_rep_jintra] avg: 0.939 (min: 0.750 - max: 1.000)
[seq_rows_rep_flip_count] avg: 9.810 (min: 9.000 - max: 10.000)
[seq_rows_rep_jintra] avg: 0.969 (min: 0.900 - max: 1.000)
[seq_rows_rep_flip_count] avg: 5.020 (min: 5.000 - max: 6.000)
[seq_rows_rep_jintra] avg: 0.993 (min: 0.833 - max: 1.000)
[seq_rows_rep_flip_count] avg: 12.080 (min: 12.000 - max: 13.000)
[seq_rows_rep_jintra] avg: 0.989 (min: 0.923 - max: 1.000)
[seq_rows_rep_flip_count] avg: 7.530 (min: 7.000 - max: 8.000)
[seq_rows_rep_jintra] avg: 0.937 (min: 0.875 - max: 1.000)
[seq_rows_rep_flip_count] avg: 4.850 (min: 3.000 - max: 5.000)
[seq_rows_rep] insufficient flip count, skipping jaccard
[seq_rows_rep_flip_count] avg: 10.510 (min: 9.000 - max: 12.000)
[seq_rows_rep_jintra] avg: 0.895 (min: 0.750 - max: 1.000)
[seq_rows_rep_flip_count] avg: 10.000 (min: 10.000 - max: 10.000)
[seq_rows_rep_jintra] avg: 1.000 (min: 1.000 - max: 1.000)
[seq_rows_rep_flip_count] avg: 11.990 (min: 11.000 - max: 13.000)
[seq_rows_rep_jintra] avg: 0.967 (min: 0.846 - max: 1.000)
[seq_rows_rep_flip_count] avg: 8.060 (min: 7.000 - max: 9.000)
[seq_rows_rep_jintra] avg: 0.970 (min: 0.778 - max: 1.000)
[seq_rows_rep_flip_count] avg: 9.260 (min: 9.000 - max: 12.000)
[seq_rows_rep_jintra] avg: 0.957 (min: 0.750 - max: 1.000)
[seq_rows_rep_flip_count] avg: 10.210 (min: 9.000 - max: 11.000)
[seq_rows_rep_jintra] avg: 0.912 (min: 0.818 - max: 1.000)
[seq_rows_rep_flip_count] avg: 7.030 (min: 7.000 - max: 8.000)
[seq_rows_rep_jintra] avg: 0.993 (min: 0.875 - max: 1.000)
[seq_rows_rep_flip_count] avg: 6.170 (min: 6.000 - max: 7.000)
[seq_rows_rep_jintra] avg: 0.959 (min: 0.857 - max: 1.000)
[seq_rows_rep_flip_count] avg: 15.540 (min: 14.000 - max: 18.000)
[seq_rows_rep_jintra] avg: 0.947 (min: 0.778 - max: 1.000)
[seq_rows_rep_flip_count] avg: 4.020 (min: 3.000 - max: 5.000)
[seq_rows_rep] insufficient flip count, skipping jaccard
[seq_rows_rep_flip_count] avg: 7.000 (min: 7.000 - max: 7.000)
[seq_rows_rep_jintra] avg: 1.000 (min: 1.000 - max: 1.000)
[seq_rows_rep_flip_count] avg: 13.520 (min: 13.000 - max: 14.000)
[seq_rows_rep_jintra] avg: 0.964 (min: 0.929 - max: 1.000)
[seq_rows_rep_flip_count] avg: 13.080 (min: 12.000 - max: 15.000)
[seq_rows_rep_jintra] avg: 0.963 (min: 0.750 - max: 1.000)
[seq_rows_rep_flip_count] avg: 13.200 (min: 12.000 - max: 14.000)
[seq_rows_rep_jintra] avg: 0.968 (min: 0.857 - max: 1.000)
[seq_rows_rep_flip_count] avg: 5.350 (min: 5.000 - max: 6.000)
[seq_rows_rep_jintra] avg: 0.923 (min: 0.833 - max: 1.000)
[seq_rows_rep_flip_count] avg: 9.360 (min: 9.000 - max: 12.000)
[seq_rows_rep_jintra] avg: 0.941 (min: 0.692 - max: 1.000)
[seq_rows_rep_flip_count] avg: 2.570 (min: 1.000 - max: 5.000)
[seq_rows_rep] insufficient flip count, skipping jaccard
[seq_rows_rep_flip_count] avg: 7.240 (min: 6.000 - max: 8.000)
[seq_rows_rep_jintra] avg: 0.950 (min: 0.750 - max: 1.000)
[seq_rows_rep_flip_count] avg: 9.870 (min: 9.000 - max: 11.000)
[seq_rows_rep_jintra] avg: 0.916 (min: 0.818 - max: 1.000)
[seq_rows_rep_flip_count] avg: 10.130 (min: 9.000 - max: 12.000)
[seq_rows_rep_jintra] avg: 0.969 (min: 0.750 - max: 1.000)
[seq_rows_rep_flip_count] avg: 10.610 (min: 10.000 - max: 11.000)
[seq_rows_rep_jintra] avg: 0.956 (min: 0.909 - max: 1.000)
[seq_rows_rep_flip_count] avg: 16.990 (min: 16.000 - max: 18.000)
[seq_rows_rep_jintra] avg: 0.992 (min: 0.889 - max: 1.000)
[seq_rows_rep_flip_count] avg: 2.860 (min: 2.000 - max: 5.000)
[seq_rows_rep] insufficient flip count, skipping jaccard
[seq_rows_rep_flip_count] avg: 7.230 (min: 7.000 - max: 8.000)
[seq_rows_rep_jintra] avg: 0.953 (min: 0.778 - max: 1.000)
[seq_rows_rep_flip_count] avg: 7.010 (min: 7.000 - max: 8.000)
[seq_rows_rep_jintra] avg: 0.998 (min: 0.875 - max: 1.000)
[seq_rows_rep_flip_count] avg: 6.820 (min: 6.000 - max: 9.000)
[seq_rows_rep_jintra] avg: 0.902 (min: 0.667 - max: 1.000)
[seq_rows_rep_flip_count] avg: 9.000 (min: 9.000 - max: 9.000)
[seq_rows_rep_jintra] avg: 1.000 (min: 1.000 - max: 1.000)
[seq_rows_rep_flip_count] avg: 9.610 (min: 8.000 - max: 11.000)
[seq_rows_rep_jintra] avg: 0.924 (min: 0.636 - max: 1.000)
[seq_rows_rep_flip_count] avg: 16.890 (min: 16.000 - max: 18.000)
[seq_rows_rep_jintra] avg: 0.986 (min: 0.889 - max: 1.000)
[seq_rows_rep_flip_count] avg: 9.910 (min: 9.000 - max: 10.000)
[seq_rows_rep_jintra] avg: 0.983 (min: 0.900 - max: 1.000)
[seq_rows_rep_flip_count] avg: 8.060 (min: 8.000 - max: 9.000)
[seq_rows_rep_jintra] avg: 0.987 (min: 0.889 - max: 1.000)
[seq_rows_rep_flip_count] avg: 9.000 (min: 9.000 - max: 9.000)
[seq_rows_rep_jintra] avg: 1.000 (min: 1.000 - max: 1.000)
[seq_rows_rep_flip_count] avg: 10.980 (min: 10.000 - max: 11.000)
[seq_rows_rep_jintra] avg: 0.996 (min: 0.909 - max: 1.000)
[seq_rows_rep_flip_count] avg: 6.200 (min: 6.000 - max: 8.000)
[seq_rows_rep_jintra] avg: 0.952 (min: 0.750 - max: 1.000)
[seq_rows_rep_flip_count] avg: 9.250 (min: 9.000 - max: 11.000)
[seq_rows_rep_jintra] avg: 0.959 (min: 0.818 - max: 1.000)
[seq_rows_rep_flip_count] avg: 12.860 (min: 12.000 - max: 14.000)
[seq_rows_rep_jintra] avg: 0.932 (min: 0.857 - max: 1.000)
