analyzing data
zentel
ROS1
5000000
./logs/zentel
##### zentel_ROS1_5M #####
[control] control passed 500/500 (100.00%)
[control] avg: 0.000 (min: 0.000 - max: 0.000)
##### zentel_ROS1_5M #####
[rand_rows_rep_flip_count] avg: 137.030 (min: 133.000 - max: 144.000)
[rand_rows_rep_jintra] avg: 0.976 (min: 0.924 - max: 1.000)
[rand_rows_rep_flip_count] avg: 200.430 (min: 196.000 - max: 208.000)
[rand_rows_rep_jintra] avg: 0.982 (min: 0.942 - max: 1.000)
[rand_rows_rep_flip_count] avg: 243.230 (min: 238.000 - max: 255.000)
[rand_rows_rep_jintra] avg: 0.973 (min: 0.918 - max: 1.000)
[rand_rows_rep_flip_count] avg: 146.170 (min: 141.000 - max: 153.000)
[rand_rows_rep_jintra] avg: 0.962 (min: 0.891 - max: 1.000)
[rand_rows_rep_flip_count] avg: 159.780 (min: 154.000 - max: 169.000)
[rand_rows_rep_jintra] avg: 0.956 (min: 0.889 - max: 1.000)
[rand_rows_rep_flip_count] avg: 165.300 (min: 162.000 - max: 172.000)
[rand_rows_rep_jintra] avg: 0.977 (min: 0.936 - max: 1.000)
[rand_rows_rep_flip_count] avg: 137.280 (min: 133.000 - max: 149.000)
[rand_rows_rep_jintra] avg: 0.955 (min: 0.880 - max: 1.000)
[rand_rows_rep_flip_count] avg: 213.010 (min: 208.000 - max: 219.000)
[rand_rows_rep_jintra] avg: 0.980 (min: 0.949 - max: 1.000)
[rand_rows_rep_flip_count] avg: 174.910 (min: 170.000 - max: 183.000)
[rand_rows_rep_jintra] avg: 0.976 (min: 0.929 - max: 1.000)
[rand_rows_rep_flip_count] avg: 172.010 (min: 164.000 - max: 180.000)
[rand_rows_rep_jintra] avg: 0.964 (min: 0.911 - max: 1.000)
[rand_rows_rep_flip_count] avg: 156.000 (min: 151.000 - max: 162.000)
[rand_rows_rep_jintra] avg: 0.962 (min: 0.909 - max: 1.000)
[rand_rows_rep_flip_count] avg: 217.590 (min: 213.000 - max: 228.000)
[rand_rows_rep_jintra] avg: 0.976 (min: 0.926 - max: 1.000)
[rand_rows_rep_flip_count] avg: 234.390 (min: 228.000 - max: 245.000)
[rand_rows_rep_jintra] avg: 0.975 (min: 0.927 - max: 1.000)
[rand_rows_rep_flip_count] avg: 207.560 (min: 202.000 - max: 220.000)
[rand_rows_rep_jintra] avg: 0.975 (min: 0.918 - max: 1.000)
[rand_rows_rep_flip_count] avg: 205.850 (min: 201.000 - max: 216.000)
[rand_rows_rep_jintra] avg: 0.973 (min: 0.922 - max: 1.000)
[rand_rows_rep_flip_count] avg: 238.890 (min: 230.000 - max: 252.000)
[rand_rows_rep_jintra] avg: 0.956 (min: 0.905 - max: 0.996)
[rand_rows_rep_flip_count] avg: 168.790 (min: 163.000 - max: 177.000)
[rand_rows_rep_jintra] avg: 0.966 (min: 0.911 - max: 1.000)
[rand_rows_rep_flip_count] avg: 191.570 (min: 186.000 - max: 201.000)
[rand_rows_rep_jintra] avg: 0.966 (min: 0.902 - max: 1.000)
[rand_rows_rep_flip_count] avg: 170.300 (min: 162.000 - max: 175.000)
[rand_rows_rep_jintra] avg: 0.966 (min: 0.893 - max: 1.000)
[rand_rows_rep_flip_count] avg: 197.200 (min: 193.000 - max: 201.000)
[rand_rows_rep_jintra] avg: 0.989 (min: 0.960 - max: 1.000)
[rand_rows_rep_flip_count] avg: 145.580 (min: 141.000 - max: 154.000)
[rand_rows_rep_jintra] avg: 0.973 (min: 0.915 - max: 1.000)
[rand_rows_rep_flip_count] avg: 134.520 (min: 130.000 - max: 140.000)
[rand_rows_rep_jintra] avg: 0.969 (min: 0.928 - max: 1.000)
[rand_rows_rep_flip_count] avg: 246.680 (min: 240.000 - max: 258.000)
[rand_rows_rep_jintra] avg: 0.968 (min: 0.923 - max: 1.000)
[rand_rows_rep_flip_count] avg: 159.770 (min: 155.000 - max: 167.000)
[rand_rows_rep_jintra] avg: 0.974 (min: 0.928 - max: 1.000)
[rand_rows_rep_flip_count] avg: 157.010 (min: 152.000 - max: 165.000)
[rand_rows_rep_jintra] avg: 0.965 (min: 0.920 - max: 1.000)
[rand_rows_rep_flip_count] avg: 244.770 (min: 239.000 - max: 255.000)
[rand_rows_rep_jintra] avg: 0.972 (min: 0.927 - max: 1.000)
[rand_rows_rep_flip_count] avg: 152.450 (min: 148.000 - max: 158.000)
[rand_rows_rep_jintra] avg: 0.978 (min: 0.925 - max: 1.000)
[rand_rows_rep_flip_count] avg: 181.690 (min: 173.000 - max: 188.000)
[rand_rows_rep_jintra] avg: 0.963 (min: 0.909 - max: 1.000)
[rand_rows_rep_flip_count] avg: 235.350 (min: 230.000 - max: 245.000)
[rand_rows_rep_jintra] avg: 0.972 (min: 0.923 - max: 0.996)
[rand_rows_rep_flip_count] avg: 217.060 (min: 211.000 - max: 228.000)
[rand_rows_rep_jintra] avg: 0.974 (min: 0.925 - max: 1.000)
[rand_rows_rep_flip_count] avg: 121.080 (min: 116.000 - max: 128.000)
[rand_rows_rep_jintra] avg: 0.966 (min: 0.892 - max: 1.000)
[rand_rows_rep_flip_count] avg: 166.250 (min: 159.000 - max: 173.000)
[rand_rows_rep_jintra] avg: 0.965 (min: 0.919 - max: 1.000)
[rand_rows_rep_flip_count] avg: 200.770 (min: 194.000 - max: 211.000)
[rand_rows_rep_jintra] avg: 0.957 (min: 0.897 - max: 1.000)
[rand_rows_rep_flip_count] avg: 244.920 (min: 240.000 - max: 251.000)
[rand_rows_rep_jintra] avg: 0.981 (min: 0.952 - max: 1.000)
[rand_rows_rep_flip_count] avg: 182.360 (min: 171.000 - max: 189.000)
[rand_rows_rep_jintra] avg: 0.972 (min: 0.895 - max: 1.000)
[rand_rows_rep_flip_count] avg: 206.080 (min: 198.000 - max: 215.000)
[rand_rows_rep_jintra] avg: 0.970 (min: 0.912 - max: 1.000)
[rand_rows_rep_flip_count] avg: 183.630 (min: 179.000 - max: 191.000)
[rand_rows_rep_jintra] avg: 0.974 (min: 0.937 - max: 1.000)
[rand_rows_rep_flip_count] avg: 158.430 (min: 152.000 - max: 168.000)
[rand_rows_rep_jintra] avg: 0.961 (min: 0.893 - max: 1.000)
[rand_rows_rep_flip_count] avg: 145.240 (min: 141.000 - max: 153.000)
[rand_rows_rep_jintra] avg: 0.974 (min: 0.916 - max: 1.000)
[rand_rows_rep_flip_count] avg: 227.810 (min: 222.000 - max: 234.000)
[rand_rows_rep_jintra] avg: 0.968 (min: 0.932 - max: 1.000)
[rand_rows_rep_flip_count] avg: 219.310 (min: 213.000 - max: 228.000)
[rand_rows_rep_jintra] avg: 0.972 (min: 0.925 - max: 1.000)
[rand_rows_rep_flip_count] avg: 181.900 (min: 175.000 - max: 195.000)
[rand_rows_rep_jintra] avg: 0.959 (min: 0.892 - max: 1.000)
[rand_rows_rep_flip_count] avg: 166.970 (min: 159.000 - max: 175.000)
[rand_rows_rep_jintra] avg: 0.957 (min: 0.888 - max: 1.000)
[rand_rows_rep_flip_count] avg: 177.750 (min: 173.000 - max: 189.000)
[rand_rows_rep_jintra] avg: 0.966 (min: 0.910 - max: 1.000)
[rand_rows_rep_flip_count] avg: 169.660 (min: 165.000 - max: 178.000)
[rand_rows_rep_jintra] avg: 0.971 (min: 0.916 - max: 1.000)
[rand_rows_rep_flip_count] avg: 161.180 (min: 156.000 - max: 169.000)
[rand_rows_rep_jintra] avg: 0.963 (min: 0.917 - max: 1.000)
[rand_rows_rep_flip_count] avg: 158.730 (min: 151.000 - max: 167.000)
[rand_rows_rep_jintra] avg: 0.954 (min: 0.898 - max: 1.000)
[rand_rows_rep_flip_count] avg: 201.960 (min: 193.000 - max: 214.000)
[rand_rows_rep_jintra] avg: 0.956 (min: 0.898 - max: 1.000)
[rand_rows_rep_flip_count] avg: 174.960 (min: 168.000 - max: 185.000)
[rand_rows_rep_jintra] avg: 0.962 (min: 0.908 - max: 1.000)
[rand_rows_rep_flip_count] avg: 260.330 (min: 255.000 - max: 272.000)
[rand_rows_rep_jintra] avg: 0.974 (min: 0.930 - max: 1.000)
##### zentel_ROS1_5M #####
[rand_rows_uniq_flip_count] avg: 184.316 (min: 69.000 - max: 311.000)
[rand_rows_uniq] col distr entropy: 13.995 bits
[zentel_ROS1_5Mjinter] avg: 0.006 (min: 0.000 - max: 0.058)
[zentel_ROS1_5Mjinter_exp] avg: 0.006 (min: 0.002 - max: 0.010)
##### zentel_ROS1_5M #####
[seq_rows_rep_flip_count] avg: 209.080 (min: 202.000 - max: 220.000)
[seq_rows_rep_jintra] avg: 0.964 (min: 0.910 - max: 1.000)
[seq_rows_rep_flip_count] avg: 165.260 (min: 160.000 - max: 174.000)
[seq_rows_rep_jintra] avg: 0.969 (min: 0.919 - max: 1.000)
[seq_rows_rep_flip_count] avg: 154.450 (min: 148.000 - max: 164.000)
[seq_rows_rep_jintra] avg: 0.957 (min: 0.902 - max: 1.000)
[seq_rows_rep_flip_count] avg: 179.900 (min: 175.000 - max: 188.000)
[seq_rows_rep_jintra] avg: 0.967 (min: 0.916 - max: 1.000)
[seq_rows_rep_flip_count] avg: 185.740 (min: 179.000 - max: 200.000)
[seq_rows_rep_jintra] avg: 0.949 (min: 0.881 - max: 0.995)
[seq_rows_rep_flip_count] avg: 204.770 (min: 196.000 - max: 220.000)
[seq_rows_rep_jintra] avg: 0.961 (min: 0.891 - max: 1.000)
[seq_rows_rep_flip_count] avg: 175.530 (min: 169.000 - max: 185.000)
[seq_rows_rep_jintra] avg: 0.957 (min: 0.903 - max: 0.994)
[seq_rows_rep_flip_count] avg: 202.260 (min: 195.000 - max: 217.000)
[seq_rows_rep_jintra] avg: 0.959 (min: 0.894 - max: 1.000)
[seq_rows_rep_flip_count] avg: 185.120 (min: 180.000 - max: 197.000)
[seq_rows_rep_jintra] avg: 0.981 (min: 0.914 - max: 1.000)
[seq_rows_rep_flip_count] avg: 209.760 (min: 205.000 - max: 221.000)
[seq_rows_rep_jintra] avg: 0.977 (min: 0.928 - max: 1.000)
[seq_rows_rep_flip_count] avg: 177.900 (min: 173.000 - max: 191.000)
[seq_rows_rep_jintra] avg: 0.963 (min: 0.886 - max: 1.000)
[seq_rows_rep_flip_count] avg: 205.030 (min: 198.000 - max: 216.000)
[seq_rows_rep_jintra] avg: 0.955 (min: 0.904 - max: 1.000)
[seq_rows_rep_flip_count] avg: 168.290 (min: 164.000 - max: 178.000)
[seq_rows_rep_jintra] avg: 0.972 (min: 0.916 - max: 1.000)
[seq_rows_rep_flip_count] avg: 207.790 (min: 200.000 - max: 221.000)
[seq_rows_rep_jintra] avg: 0.956 (min: 0.900 - max: 1.000)
[seq_rows_rep_flip_count] avg: 164.600 (min: 159.000 - max: 172.000)
[seq_rows_rep_jintra] avg: 0.968 (min: 0.919 - max: 1.000)
[seq_rows_rep_flip_count] avg: 152.390 (min: 148.000 - max: 160.000)
[seq_rows_rep_jintra] avg: 0.964 (min: 0.901 - max: 1.000)
[seq_rows_rep_flip_count] avg: 209.120 (min: 202.000 - max: 216.000)
[seq_rows_rep_jintra] avg: 0.975 (min: 0.935 - max: 1.000)
[seq_rows_rep_flip_count] avg: 226.870 (min: 221.000 - max: 235.000)
[seq_rows_rep_jintra] avg: 0.978 (min: 0.932 - max: 1.000)
[seq_rows_rep_flip_count] avg: 206.370 (min: 201.000 - max: 223.000)
[seq_rows_rep_jintra] avg: 0.970 (min: 0.893 - max: 1.000)
[seq_rows_rep_flip_count] avg: 190.740 (min: 183.000 - max: 201.000)
[seq_rows_rep_jintra] avg: 0.956 (min: 0.897 - max: 1.000)
[seq_rows_rep_flip_count] avg: 201.910 (min: 197.000 - max: 211.000)
[seq_rows_rep_jintra] avg: 0.973 (min: 0.921 - max: 1.000)
[seq_rows_rep_flip_count] avg: 172.760 (min: 169.000 - max: 181.000)
[seq_rows_rep_jintra] avg: 0.977 (min: 0.928 - max: 1.000)
[seq_rows_rep_flip_count] avg: 200.570 (min: 194.000 - max: 210.000)
[seq_rows_rep_jintra] avg: 0.965 (min: 0.915 - max: 1.000)
[seq_rows_rep_flip_count] avg: 156.440 (min: 149.000 - max: 166.000)
[seq_rows_rep_jintra] avg: 0.963 (min: 0.898 - max: 1.000)
[seq_rows_rep_flip_count] avg: 176.140 (min: 169.000 - max: 187.000)
[seq_rows_rep_jintra] avg: 0.962 (min: 0.903 - max: 1.000)
[seq_rows_rep_flip_count] avg: 220.640 (min: 214.000 - max: 228.000)
[seq_rows_rep_jintra] avg: 0.969 (min: 0.934 - max: 1.000)
[seq_rows_rep_flip_count] avg: 210.580 (min: 205.000 - max: 223.000)
[seq_rows_rep_jintra] avg: 0.974 (min: 0.919 - max: 1.000)
[seq_rows_rep_flip_count] avg: 213.800 (min: 207.000 - max: 227.000)
[seq_rows_rep_jintra] avg: 0.958 (min: 0.907 - max: 1.000)
[seq_rows_rep_flip_count] avg: 178.900 (min: 174.000 - max: 188.000)
[seq_rows_rep_jintra] avg: 0.973 (min: 0.905 - max: 1.000)
[seq_rows_rep_flip_count] avg: 216.930 (min: 207.000 - max: 231.000)
[seq_rows_rep_jintra] avg: 0.950 (min: 0.884 - max: 0.996)
[seq_rows_rep_flip_count] avg: 157.120 (min: 151.000 - max: 164.000)
[seq_rows_rep_jintra] avg: 0.964 (min: 0.909 - max: 1.000)
[seq_rows_rep_flip_count] avg: 167.120 (min: 161.000 - max: 182.000)
[seq_rows_rep_jintra] avg: 0.960 (min: 0.885 - max: 1.000)
[seq_rows_rep_flip_count] avg: 194.900 (min: 189.000 - max: 204.000)
[seq_rows_rep_jintra] avg: 0.967 (min: 0.922 - max: 0.995)
[seq_rows_rep_flip_count] avg: 196.150 (min: 191.000 - max: 204.000)
[seq_rows_rep_jintra] avg: 0.967 (min: 0.913 - max: 1.000)
[seq_rows_rep_flip_count] avg: 151.660 (min: 147.000 - max: 160.000)
[seq_rows_rep_jintra] avg: 0.955 (min: 0.912 - max: 0.994)
[seq_rows_rep_flip_count] avg: 241.170 (min: 236.000 - max: 251.000)
[seq_rows_rep_jintra] avg: 0.981 (min: 0.937 - max: 1.000)
[seq_rows_rep_flip_count] avg: 164.520 (min: 158.000 - max: 175.000)
[seq_rows_rep_jintra] avg: 0.964 (min: 0.903 - max: 1.000)
[seq_rows_rep_flip_count] avg: 207.510 (min: 199.000 - max: 219.000)
[seq_rows_rep_jintra] avg: 0.969 (min: 0.909 - max: 1.000)
[seq_rows_rep_flip_count] avg: 147.740 (min: 142.000 - max: 155.000)
[seq_rows_rep_jintra] avg: 0.963 (min: 0.904 - max: 1.000)
[seq_rows_rep_flip_count] avg: 201.730 (min: 195.000 - max: 217.000)
[seq_rows_rep_jintra] avg: 0.962 (min: 0.894 - max: 1.000)
[seq_rows_rep_flip_count] avg: 194.370 (min: 188.000 - max: 204.000)
[seq_rows_rep_jintra] avg: 0.955 (min: 0.903 - max: 0.995)
[seq_rows_rep_flip_count] avg: 211.400 (min: 206.000 - max: 220.000)
[seq_rows_rep_jintra] avg: 0.973 (min: 0.932 - max: 1.000)
[seq_rows_rep_flip_count] avg: 194.500 (min: 189.000 - max: 207.000)
[seq_rows_rep_jintra] avg: 0.969 (min: 0.909 - max: 1.000)
[seq_rows_rep_flip_count] avg: 213.710 (min: 206.000 - max: 224.000)
[seq_rows_rep_jintra] avg: 0.960 (min: 0.899 - max: 0.995)
[seq_rows_rep_flip_count] avg: 171.070 (min: 164.000 - max: 181.000)
[seq_rows_rep_jintra] avg: 0.966 (min: 0.906 - max: 1.000)
[seq_rows_rep_flip_count] avg: 163.870 (min: 160.000 - max: 174.000)
[seq_rows_rep_jintra] avg: 0.976 (min: 0.920 - max: 1.000)
[seq_rows_rep_flip_count] avg: 174.520 (min: 170.000 - max: 182.000)
[seq_rows_rep_jintra] avg: 0.975 (min: 0.934 - max: 1.000)
[seq_rows_rep_flip_count] avg: 184.060 (min: 178.000 - max: 195.000)
[seq_rows_rep_jintra] avg: 0.958 (min: 0.898 - max: 1.000)
[seq_rows_rep_flip_count] avg: 179.120 (min: 175.000 - max: 187.000)
[seq_rows_rep_jintra] avg: 0.978 (min: 0.936 - max: 1.000)
[seq_rows_rep_flip_count] avg: 248.260 (min: 242.000 - max: 261.000)
[seq_rows_rep_jintra] avg: 0.968 (min: 0.920 - max: 1.000)
