analyzing data
zentel
SOL1
10000000
./logs/zentel
##### zentel_SOL1_10M #####
[control] control passed 500/500 (100.00%)
[control] avg: 0.000 (min: 0.000 - max: 0.000)
##### zentel_SOL1_10M #####
[rand_rows_rep_flip_count] avg: 40.650 (min: 39.000 - max: 43.000)
[rand_rows_rep_jintra] avg: 0.962 (min: 0.907 - max: 1.000)
[rand_rows_rep_flip_count] avg: 81.220 (min: 79.000 - max: 84.000)
[rand_rows_rep_jintra] avg: 0.971 (min: 0.918 - max: 1.000)
[rand_rows_rep_flip_count] avg: 67.770 (min: 66.000 - max: 71.000)
[rand_rows_rep_jintra] avg: 0.983 (min: 0.903 - max: 1.000)
[rand_rows_rep_flip_count] avg: 45.710 (min: 44.000 - max: 50.000)
[rand_rows_rep_jintra] avg: 0.977 (min: 0.880 - max: 1.000)
[rand_rows_rep_flip_count] avg: 77.510 (min: 75.000 - max: 83.000)
[rand_rows_rep_jintra] avg: 0.975 (min: 0.904 - max: 1.000)
[rand_rows_rep_flip_count] avg: 49.750 (min: 48.000 - max: 52.000)
[rand_rows_rep_jintra] avg: 0.974 (min: 0.922 - max: 1.000)
[rand_rows_rep_flip_count] avg: 68.280 (min: 66.000 - max: 72.000)
[rand_rows_rep_jintra] avg: 0.980 (min: 0.890 - max: 1.000)
[rand_rows_rep_flip_count] avg: 70.550 (min: 67.000 - max: 75.000)
[rand_rows_rep_jintra] avg: 0.965 (min: 0.893 - max: 1.000)
[rand_rows_rep_flip_count] avg: 70.350 (min: 67.000 - max: 74.000)
[rand_rows_rep_jintra] avg: 0.960 (min: 0.878 - max: 1.000)
[rand_rows_rep_flip_count] avg: 47.560 (min: 46.000 - max: 50.000)
[rand_rows_rep_jintra] avg: 0.979 (min: 0.920 - max: 1.000)
[rand_rows_rep_flip_count] avg: 46.060 (min: 44.000 - max: 49.000)
[rand_rows_rep_jintra] avg: 0.974 (min: 0.898 - max: 1.000)
[rand_rows_rep_flip_count] avg: 88.080 (min: 84.000 - max: 94.000)
[rand_rows_rep_jintra] avg: 0.963 (min: 0.894 - max: 1.000)
[rand_rows_rep_flip_count] avg: 74.510 (min: 71.000 - max: 78.000)
[rand_rows_rep_jintra] avg: 0.969 (min: 0.910 - max: 1.000)
[rand_rows_rep_flip_count] avg: 65.140 (min: 59.000 - max: 71.000)
[rand_rows_rep_jintra] avg: 0.937 (min: 0.831 - max: 1.000)
[rand_rows_rep_flip_count] avg: 59.980 (min: 58.000 - max: 62.000)
[rand_rows_rep_jintra] avg: 0.979 (min: 0.935 - max: 1.000)
[rand_rows_rep_flip_count] avg: 72.960 (min: 69.000 - max: 77.000)
[rand_rows_rep_jintra] avg: 0.972 (min: 0.896 - max: 1.000)
[rand_rows_rep_flip_count] avg: 59.920 (min: 57.000 - max: 62.000)
[rand_rows_rep_jintra] avg: 0.981 (min: 0.905 - max: 1.000)
[rand_rows_rep_flip_count] avg: 57.670 (min: 54.000 - max: 62.000)
[rand_rows_rep_jintra] avg: 0.951 (min: 0.871 - max: 1.000)
[rand_rows_rep_flip_count] avg: 52.640 (min: 51.000 - max: 55.000)
[rand_rows_rep_jintra] avg: 0.978 (min: 0.893 - max: 1.000)
[rand_rows_rep_flip_count] avg: 57.830 (min: 55.000 - max: 61.000)
[rand_rows_rep_jintra] avg: 0.954 (min: 0.887 - max: 1.000)
[rand_rows_rep_flip_count] avg: 45.010 (min: 43.000 - max: 46.000)
[rand_rows_rep_jintra] avg: 0.989 (min: 0.935 - max: 1.000)
[rand_rows_rep_flip_count] avg: 37.700 (min: 36.000 - max: 41.000)
[rand_rows_rep_jintra] avg: 0.966 (min: 0.878 - max: 1.000)
[rand_rows_rep_flip_count] avg: 65.260 (min: 64.000 - max: 71.000)
[rand_rows_rep_jintra] avg: 0.971 (min: 0.901 - max: 1.000)
[rand_rows_rep_flip_count] avg: 40.560 (min: 40.000 - max: 43.000)
[rand_rows_rep_jintra] avg: 0.979 (min: 0.909 - max: 1.000)
[rand_rows_rep_flip_count] avg: 55.080 (min: 52.000 - max: 58.000)
[rand_rows_rep_jintra] avg: 0.962 (min: 0.879 - max: 1.000)
[rand_rows_rep_flip_count] avg: 54.000 (min: 52.000 - max: 61.000)
[rand_rows_rep_jintra] avg: 0.958 (min: 0.852 - max: 1.000)
[rand_rows_rep_flip_count] avg: 45.150 (min: 44.000 - max: 46.000)
[rand_rows_rep_jintra] avg: 0.984 (min: 0.935 - max: 1.000)
[rand_rows_rep_flip_count] avg: 51.090 (min: 48.000 - max: 53.000)
[rand_rows_rep_jintra] avg: 0.970 (min: 0.906 - max: 1.000)
[rand_rows_rep_flip_count] avg: 72.390 (min: 68.000 - max: 79.000)
[rand_rows_rep_jintra] avg: 0.960 (min: 0.861 - max: 1.000)
[rand_rows_rep_flip_count] avg: 80.370 (min: 77.000 - max: 84.000)
[rand_rows_rep_jintra] avg: 0.971 (min: 0.894 - max: 1.000)
[rand_rows_rep_flip_count] avg: 60.550 (min: 59.000 - max: 65.000)
[rand_rows_rep_jintra] avg: 0.969 (min: 0.908 - max: 1.000)
[rand_rows_rep_flip_count] avg: 55.910 (min: 53.000 - max: 57.000)
[rand_rows_rep_jintra] avg: 0.982 (min: 0.912 - max: 1.000)
[rand_rows_rep_flip_count] avg: 67.540 (min: 66.000 - max: 70.000)
[rand_rows_rep_jintra] avg: 0.977 (min: 0.930 - max: 1.000)
[rand_rows_rep_flip_count] avg: 74.410 (min: 72.000 - max: 76.000)
[rand_rows_rep_jintra] avg: 0.984 (min: 0.934 - max: 1.000)
[rand_rows_rep_flip_count] avg: 45.780 (min: 43.000 - max: 50.000)
[rand_rows_rep_jintra] avg: 0.944 (min: 0.840 - max: 1.000)
[rand_rows_rep_flip_count] avg: 40.420 (min: 39.000 - max: 44.000)
[rand_rows_rep_jintra] avg: 0.960 (min: 0.886 - max: 1.000)
[rand_rows_rep_flip_count] avg: 58.950 (min: 58.000 - max: 61.000)
[rand_rows_rep_jintra] avg: 0.986 (min: 0.950 - max: 1.000)
[rand_rows_rep_flip_count] avg: 55.770 (min: 54.000 - max: 58.000)
[rand_rows_rep_jintra] avg: 0.977 (min: 0.917 - max: 1.000)
[rand_rows_rep_flip_count] avg: 46.820 (min: 45.000 - max: 50.000)
[rand_rows_rep_jintra] avg: 0.971 (min: 0.900 - max: 1.000)
[rand_rows_rep_flip_count] avg: 66.540 (min: 64.000 - max: 70.000)
[rand_rows_rep_jintra] avg: 0.971 (min: 0.901 - max: 1.000)
[rand_rows_rep_flip_count] avg: 51.540 (min: 48.000 - max: 58.000)
[rand_rows_rep_jintra] avg: 0.947 (min: 0.828 - max: 1.000)
[rand_rows_rep_flip_count] avg: 60.570 (min: 58.000 - max: 63.000)
[rand_rows_rep_jintra] avg: 0.959 (min: 0.877 - max: 1.000)
[rand_rows_rep_flip_count] avg: 53.740 (min: 51.000 - max: 58.000)
[rand_rows_rep_jintra] avg: 0.952 (min: 0.850 - max: 1.000)
[rand_rows_rep_flip_count] avg: 53.460 (min: 52.000 - max: 57.000)
[rand_rows_rep_jintra] avg: 0.970 (min: 0.912 - max: 1.000)
[rand_rows_rep_flip_count] avg: 52.630 (min: 51.000 - max: 56.000)
[rand_rows_rep_jintra] avg: 0.975 (min: 0.895 - max: 1.000)
[rand_rows_rep_flip_count] avg: 50.260 (min: 47.000 - max: 53.000)
[rand_rows_rep_jintra] avg: 0.958 (min: 0.865 - max: 1.000)
[rand_rows_rep_flip_count] avg: 38.350 (min: 38.000 - max: 42.000)
[rand_rows_rep_jintra] avg: 0.986 (min: 0.905 - max: 1.000)
[rand_rows_rep_flip_count] avg: 65.760 (min: 62.000 - max: 72.000)
[rand_rows_rep_jintra] avg: 0.966 (min: 0.861 - max: 1.000)
[rand_rows_rep_flip_count] avg: 47.960 (min: 47.000 - max: 49.000)
[rand_rows_rep_jintra] avg: 0.989 (min: 0.959 - max: 1.000)
[rand_rows_rep_flip_count] avg: 80.360 (min: 79.000 - max: 83.000)
[rand_rows_rep_jintra] avg: 0.986 (min: 0.951 - max: 1.000)
##### zentel_SOL1_10M #####
[rand_rows_uniq_flip_count] avg: 58.766 (min: 6.000 - max: 132.000)
[rand_rows_uniq] col distr entropy: 13.989 bits
[zentel_SOL1_10Mjinter] avg: 0.002 (min: 0.000 - max: 0.079)
[zentel_SOL1_10Mjinter_exp] avg: 0.002 (min: 0.000 - max: 0.004)
##### zentel_SOL1_10M #####
[seq_rows_rep_flip_count] avg: 71.810 (min: 69.000 - max: 77.000)
[seq_rows_rep_jintra] avg: 0.962 (min: 0.872 - max: 1.000)
[seq_rows_rep_flip_count] avg: 50.470 (min: 48.000 - max: 54.000)
[seq_rows_rep_jintra] avg: 0.967 (min: 0.889 - max: 1.000)
[seq_rows_rep_flip_count] avg: 51.300 (min: 49.000 - max: 54.000)
[seq_rows_rep_jintra] avg: 0.971 (min: 0.906 - max: 1.000)
[seq_rows_rep_flip_count] avg: 53.200 (min: 51.000 - max: 58.000)
[seq_rows_rep_jintra] avg: 0.956 (min: 0.879 - max: 1.000)
[seq_rows_rep_flip_count] avg: 61.320 (min: 58.000 - max: 67.000)
[seq_rows_rep_jintra] avg: 0.950 (min: 0.864 - max: 1.000)
[seq_rows_rep_flip_count] avg: 66.350 (min: 64.000 - max: 71.000)
[seq_rows_rep_jintra] avg: 0.978 (min: 0.901 - max: 1.000)
[seq_rows_rep_flip_count] avg: 70.490 (min: 68.000 - max: 74.000)
[seq_rows_rep_jintra] avg: 0.968 (min: 0.905 - max: 1.000)
[seq_rows_rep_flip_count] avg: 53.410 (min: 52.000 - max: 58.000)
[seq_rows_rep_jintra] avg: 0.981 (min: 0.897 - max: 1.000)
[seq_rows_rep_flip_count] avg: 44.860 (min: 43.000 - max: 49.000)
[seq_rows_rep_jintra] avg: 0.963 (min: 0.875 - max: 1.000)
[seq_rows_rep_flip_count] avg: 75.780 (min: 72.000 - max: 81.000)
[seq_rows_rep_jintra] avg: 0.951 (min: 0.886 - max: 1.000)
[seq_rows_rep_flip_count] avg: 52.370 (min: 50.000 - max: 56.000)
[seq_rows_rep_jintra] avg: 0.965 (min: 0.893 - max: 1.000)
[seq_rows_rep_flip_count] avg: 61.280 (min: 58.000 - max: 68.000)
[seq_rows_rep_jintra] avg: 0.951 (min: 0.851 - max: 1.000)
[seq_rows_rep_flip_count] avg: 53.790 (min: 52.000 - max: 57.000)
[seq_rows_rep_jintra] avg: 0.976 (min: 0.912 - max: 1.000)
[seq_rows_rep_flip_count] avg: 66.590 (min: 64.000 - max: 73.000)
[seq_rows_rep_jintra] avg: 0.955 (min: 0.865 - max: 1.000)
[seq_rows_rep_flip_count] avg: 52.920 (min: 52.000 - max: 57.000)
[seq_rows_rep_jintra] avg: 0.976 (min: 0.897 - max: 1.000)
[seq_rows_rep_flip_count] avg: 51.600 (min: 49.000 - max: 55.000)
[seq_rows_rep_jintra] avg: 0.962 (min: 0.891 - max: 1.000)
[seq_rows_rep_flip_count] avg: 73.990 (min: 69.000 - max: 84.000)
[seq_rows_rep_jintra] avg: 0.942 (min: 0.821 - max: 1.000)
[seq_rows_rep_flip_count] avg: 63.880 (min: 62.000 - max: 66.000)
[seq_rows_rep_jintra] avg: 0.985 (min: 0.924 - max: 1.000)
[seq_rows_rep_flip_count] avg: 75.250 (min: 73.000 - max: 80.000)
[seq_rows_rep_jintra] avg: 0.976 (min: 0.912 - max: 1.000)
[seq_rows_rep_flip_count] avg: 66.350 (min: 64.000 - max: 71.000)
[seq_rows_rep_jintra] avg: 0.982 (min: 0.901 - max: 1.000)
[seq_rows_rep_flip_count] avg: 63.500 (min: 61.000 - max: 66.000)
[seq_rows_rep_jintra] avg: 0.965 (min: 0.896 - max: 1.000)
[seq_rows_rep_flip_count] avg: 50.270 (min: 47.000 - max: 53.000)
[seq_rows_rep_jintra] avg: 0.973 (min: 0.887 - max: 1.000)
[seq_rows_rep_flip_count] avg: 83.400 (min: 82.000 - max: 86.000)
[seq_rows_rep_jintra] avg: 0.986 (min: 0.942 - max: 1.000)
[seq_rows_rep_flip_count] avg: 62.910 (min: 61.000 - max: 66.000)
[seq_rows_rep_jintra] avg: 0.971 (min: 0.910 - max: 1.000)
[seq_rows_rep_flip_count] avg: 43.940 (min: 43.000 - max: 48.000)
[seq_rows_rep_jintra] avg: 0.987 (min: 0.896 - max: 1.000)
[seq_rows_rep_flip_count] avg: 72.280 (min: 68.000 - max: 76.000)
[seq_rows_rep_jintra] avg: 0.957 (min: 0.895 - max: 1.000)
[seq_rows_rep_flip_count] avg: 72.940 (min: 71.000 - max: 76.000)
[seq_rows_rep_jintra] avg: 0.977 (min: 0.922 - max: 1.000)
[seq_rows_rep_flip_count] avg: 72.870 (min: 70.000 - max: 77.000)
[seq_rows_rep_jintra] avg: 0.948 (min: 0.872 - max: 1.000)
[seq_rows_rep_flip_count] avg: 49.630 (min: 47.000 - max: 55.000)
[seq_rows_rep_jintra] avg: 0.956 (min: 0.836 - max: 1.000)
[seq_rows_rep_flip_count] avg: 68.690 (min: 66.000 - max: 71.000)
[seq_rows_rep_jintra] avg: 0.986 (min: 0.930 - max: 1.000)
[seq_rows_rep_flip_count] avg: 48.100 (min: 45.000 - max: 51.000)
[seq_rows_rep_jintra] avg: 0.941 (min: 0.863 - max: 1.000)
[seq_rows_rep_flip_count] avg: 49.380 (min: 47.000 - max: 55.000)
[seq_rows_rep_jintra] avg: 0.964 (min: 0.855 - max: 1.000)
[seq_rows_rep_flip_count] avg: 64.810 (min: 62.000 - max: 67.000)
[seq_rows_rep_jintra] avg: 0.981 (min: 0.923 - max: 1.000)
[seq_rows_rep_flip_count] avg: 68.680 (min: 66.000 - max: 73.000)
[seq_rows_rep_jintra] avg: 0.970 (min: 0.901 - max: 1.000)
[seq_rows_rep_flip_count] avg: 49.140 (min: 47.000 - max: 54.000)
[seq_rows_rep_jintra] avg: 0.967 (min: 0.855 - max: 1.000)
[seq_rows_rep_flip_count] avg: 66.460 (min: 64.000 - max: 71.000)
[seq_rows_rep_jintra] avg: 0.969 (min: 0.901 - max: 1.000)
[seq_rows_rep_flip_count] avg: 38.590 (min: 36.000 - max: 42.000)
[seq_rows_rep_jintra] avg: 0.947 (min: 0.857 - max: 1.000)
[seq_rows_rep_flip_count] avg: 61.730 (min: 56.000 - max: 67.000)
[seq_rows_rep_jintra] avg: 0.938 (min: 0.836 - max: 1.000)
[seq_rows_rep_flip_count] avg: 45.370 (min: 44.000 - max: 48.000)
[seq_rows_rep_jintra] avg: 0.982 (min: 0.915 - max: 1.000)
[seq_rows_rep_flip_count] avg: 79.420 (min: 77.000 - max: 85.000)
[seq_rows_rep_jintra] avg: 0.960 (min: 0.884 - max: 1.000)
[seq_rows_rep_flip_count] avg: 69.910 (min: 66.000 - max: 73.000)
[seq_rows_rep_jintra] avg: 0.955 (min: 0.878 - max: 1.000)
[seq_rows_rep_flip_count] avg: 75.130 (min: 71.000 - max: 81.000)
[seq_rows_rep_jintra] avg: 0.945 (min: 0.833 - max: 1.000)
[seq_rows_rep_flip_count] avg: 61.630 (min: 59.000 - max: 67.000)
[seq_rows_rep_jintra] avg: 0.964 (min: 0.868 - max: 1.000)
[seq_rows_rep_flip_count] avg: 75.650 (min: 71.000 - max: 81.000)
[seq_rows_rep_jintra] avg: 0.951 (min: 0.877 - max: 1.000)
[seq_rows_rep_flip_count] avg: 39.260 (min: 37.000 - max: 43.000)
[seq_rows_rep_jintra] avg: 0.952 (min: 0.860 - max: 1.000)
[seq_rows_rep_flip_count] avg: 44.340 (min: 41.000 - max: 48.000)
[seq_rows_rep_jintra] avg: 0.942 (min: 0.851 - max: 1.000)
[seq_rows_rep_flip_count] avg: 50.740 (min: 49.000 - max: 55.000)
[seq_rows_rep_jintra] avg: 0.963 (min: 0.891 - max: 1.000)
[seq_rows_rep_flip_count] avg: 48.640 (min: 46.000 - max: 53.000)
[seq_rows_rep_jintra] avg: 0.947 (min: 0.852 - max: 1.000)
[seq_rows_rep_flip_count] avg: 70.120 (min: 68.000 - max: 73.000)
[seq_rows_rep_jintra] avg: 0.979 (min: 0.930 - max: 1.000)
[seq_rows_rep_flip_count] avg: 85.700 (min: 84.000 - max: 90.000)
[seq_rows_rep_jintra] avg: 0.968 (min: 0.902 - max: 1.000)
