analyzing data
zentel
SOL1
5000000
./logs/zentel
##### zentel_SOL1_5M #####
[control] control passed 500/500 (100.00%)
[control] avg: 0.000 (min: 0.000 - max: 0.000)
##### zentel_SOL1_5M #####
[rand_rows_rep_flip_count] avg: 9.940 (min: 9.000 - max: 10.000)
[rand_rows_rep_jintra] avg: 0.988 (min: 0.800 - max: 1.000)
[rand_rows_rep_flip_count] avg: 3.670 (min: 3.000 - max: 4.000)
[rand_rows_rep] insufficient flip count, skipping jaccard
[rand_rows_rep_flip_count] avg: 8.530 (min: 7.000 - max: 10.000)
[rand_rows_rep_jintra] avg: 0.916 (min: 0.667 - max: 1.000)
[rand_rows_rep_flip_count] avg: 6.800 (min: 6.000 - max: 8.000)
[rand_rows_rep_jintra] avg: 0.942 (min: 0.714 - max: 1.000)
[rand_rows_rep_flip_count] avg: 10.030 (min: 10.000 - max: 11.000)
[rand_rows_rep_jintra] avg: 0.995 (min: 0.833 - max: 1.000)
[rand_rows_rep_flip_count] avg: 9.240 (min: 9.000 - max: 11.000)
[rand_rows_rep_jintra] avg: 0.960 (min: 0.818 - max: 1.000)
[rand_rows_rep_flip_count] avg: 10.320 (min: 10.000 - max: 13.000)
[rand_rows_rep_jintra] avg: 0.953 (min: 0.769 - max: 1.000)
[rand_rows_rep_flip_count] avg: 7.700 (min: 6.000 - max: 8.000)
[rand_rows_rep_jintra] avg: 0.937 (min: 0.750 - max: 1.000)
[rand_rows_rep_flip_count] avg: 9.080 (min: 7.000 - max: 10.000)
[rand_rows_rep_jintra] avg: 0.896 (min: 0.700 - max: 1.000)
[rand_rows_rep_flip_count] avg: 6.170 (min: 5.000 - max: 7.000)
[rand_rows_rep_jintra] avg: 0.949 (min: 0.714 - max: 1.000)
[rand_rows_rep_flip_count] avg: 5.000 (min: 5.000 - max: 5.000)
[rand_rows_rep_jintra] avg: 1.000 (min: 1.000 - max: 1.000)
[rand_rows_rep_flip_count] avg: 14.220 (min: 13.000 - max: 16.000)
[rand_rows_rep_jintra] avg: 0.911 (min: 0.765 - max: 1.000)
[rand_rows_rep_flip_count] avg: 7.470 (min: 7.000 - max: 9.000)
[rand_rows_rep_jintra] avg: 0.917 (min: 0.778 - max: 1.000)
[rand_rows_rep_flip_count] avg: 9.440 (min: 9.000 - max: 11.000)
[rand_rows_rep_jintra] avg: 0.947 (min: 0.818 - max: 1.000)
[rand_rows_rep_flip_count] avg: 11.510 (min: 11.000 - max: 13.000)
[rand_rows_rep_jintra] avg: 0.942 (min: 0.846 - max: 1.000)
[rand_rows_rep_flip_count] avg: 18.370 (min: 18.000 - max: 20.000)
[rand_rows_rep_jintra] avg: 0.972 (min: 0.900 - max: 1.000)
[rand_rows_rep_flip_count] avg: 10.680 (min: 9.000 - max: 12.000)
[rand_rows_rep_jintra] avg: 0.922 (min: 0.750 - max: 1.000)
[rand_rows_rep_flip_count] avg: 6.540 (min: 6.000 - max: 8.000)
[rand_rows_rep_jintra] avg: 0.893 (min: 0.750 - max: 1.000)
[rand_rows_rep_flip_count] avg: 6.690 (min: 5.000 - max: 9.000)
[rand_rows_rep_jintra] avg: 0.808 (min: 0.500 - max: 1.000)
[rand_rows_rep_flip_count] avg: 8.360 (min: 8.000 - max: 9.000)
[rand_rows_rep_jintra] avg: 0.948 (min: 0.889 - max: 1.000)
[rand_rows_rep_flip_count] avg: 6.070 (min: 6.000 - max: 7.000)
[rand_rows_rep_jintra] avg: 0.981 (min: 0.857 - max: 1.000)
[rand_rows_rep_flip_count] avg: 7.020 (min: 7.000 - max: 8.000)
[rand_rows_rep_jintra] avg: 0.995 (min: 0.875 - max: 1.000)
[rand_rows_rep_flip_count] avg: 11.080 (min: 11.000 - max: 12.000)
[rand_rows_rep_jintra] avg: 0.988 (min: 0.917 - max: 1.000)
[rand_rows_rep_flip_count] avg: 5.430 (min: 4.000 - max: 6.000)
[rand_rows_rep_jintra] avg: 0.893 (min: 0.667 - max: 1.000)
[rand_rows_rep_flip_count] avg: 9.870 (min: 8.000 - max: 13.000)
[rand_rows_rep_jintra] avg: 0.888 (min: 0.615 - max: 1.000)
[rand_rows_rep_flip_count] avg: 9.520 (min: 8.000 - max: 10.000)
[rand_rows_rep_jintra] avg: 0.929 (min: 0.700 - max: 1.000)
[rand_rows_rep_flip_count] avg: 4.790 (min: 4.000 - max: 5.000)
[rand_rows_rep] insufficient flip count, skipping jaccard
[rand_rows_rep_flip_count] avg: 8.210 (min: 8.000 - max: 9.000)
[rand_rows_rep_jintra] avg: 0.963 (min: 0.889 - max: 1.000)
[rand_rows_rep_flip_count] avg: 11.000 (min: 11.000 - max: 11.000)
[rand_rows_rep_jintra] avg: 1.000 (min: 1.000 - max: 1.000)
[rand_rows_rep_flip_count] avg: 12.990 (min: 11.000 - max: 14.000)
[rand_rows_rep_jintra] avg: 0.924 (min: 0.714 - max: 1.000)
[rand_rows_rep_flip_count] avg: 8.920 (min: 8.000 - max: 10.000)
[rand_rows_rep_jintra] avg: 0.938 (min: 0.800 - max: 1.000)
[rand_rows_rep_flip_count] avg: 9.260 (min: 8.000 - max: 10.000)
[rand_rows_rep_jintra] avg: 0.958 (min: 0.800 - max: 1.000)
[rand_rows_rep_flip_count] avg: 9.890 (min: 9.000 - max: 11.000)
[rand_rows_rep_jintra] avg: 0.972 (min: 0.800 - max: 1.000)
[rand_rows_rep_flip_count] avg: 12.650 (min: 11.000 - max: 15.000)
[rand_rows_rep_jintra] avg: 0.939 (min: 0.733 - max: 1.000)
[rand_rows_rep_flip_count] avg: 6.000 (min: 6.000 - max: 6.000)
[rand_rows_rep_jintra] avg: 1.000 (min: 1.000 - max: 1.000)
[rand_rows_rep_flip_count] avg: 4.320 (min: 4.000 - max: 6.000)
[rand_rows_rep] insufficient flip count, skipping jaccard
[rand_rows_rep_flip_count] avg: 9.980 (min: 9.000 - max: 10.000)
[rand_rows_rep_jintra] avg: 0.996 (min: 0.900 - max: 1.000)
[rand_rows_rep_flip_count] avg: 11.500 (min: 11.000 - max: 13.000)
[rand_rows_rep_jintra] avg: 0.950 (min: 0.846 - max: 1.000)
[rand_rows_rep_flip_count] avg: 2.740 (min: 2.000 - max: 4.000)
[rand_rows_rep] insufficient flip count, skipping jaccard
[rand_rows_rep_flip_count] avg: 11.710 (min: 11.000 - max: 12.000)
[rand_rows_rep_jintra] avg: 0.963 (min: 0.833 - max: 1.000)
[rand_rows_rep_flip_count] avg: 8.550 (min: 8.000 - max: 9.000)
[rand_rows_rep_jintra] avg: 0.944 (min: 0.889 - max: 1.000)
[rand_rows_rep_flip_count] avg: 12.390 (min: 11.000 - max: 14.000)
[rand_rows_rep_jintra] avg: 0.928 (min: 0.786 - max: 1.000)
[rand_rows_rep_flip_count] avg: 7.450 (min: 6.000 - max: 9.000)
[rand_rows_rep_jintra] avg: 0.867 (min: 0.667 - max: 1.000)
[rand_rows_rep_flip_count] avg: 9.000 (min: 9.000 - max: 9.000)
[rand_rows_rep_jintra] avg: 1.000 (min: 1.000 - max: 1.000)
[rand_rows_rep_flip_count] avg: 5.000 (min: 5.000 - max: 5.000)
[rand_rows_rep_jintra] avg: 1.000 (min: 1.000 - max: 1.000)
[rand_rows_rep_flip_count] avg: 8.150 (min: 8.000 - max: 9.000)
[rand_rows_rep_jintra] avg: 0.971 (min: 0.889 - max: 1.000)
[rand_rows_rep_flip_count] avg: 5.600 (min: 5.000 - max: 7.000)
[rand_rows_rep_jintra] avg: 0.907 (min: 0.714 - max: 1.000)
[rand_rows_rep_flip_count] avg: 13.230 (min: 12.000 - max: 15.000)
[rand_rows_rep_jintra] avg: 0.952 (min: 0.800 - max: 1.000)
[rand_rows_rep_flip_count] avg: 7.670 (min: 6.000 - max: 8.000)
[rand_rows_rep_jintra] avg: 0.930 (min: 0.750 - max: 1.000)
[rand_rows_rep_flip_count] avg: 19.130 (min: 18.000 - max: 20.000)
[rand_rows_rep_jintra] avg: 0.985 (min: 0.900 - max: 1.000)
##### zentel_SOL1_5M #####
[rand_rows_uniq_flip_count] avg: 9.318 (min: 0.000 - max: 73.000)
[rand_rows_uniq] col distr entropy: 13.950 bits
[zentel_SOL1_5Mjinter] avg: 0.000 (min: 0.000 - max: 1.000)
[zentel_SOL1_5Mjinter_exp] avg: 0.000 (min: 0.000 - max: 0.001)
##### zentel_SOL1_5M #####
[seq_rows_rep_flip_count] avg: 13.050 (min: 12.000 - max: 14.000)
[seq_rows_rep_jintra] avg: 0.963 (min: 0.846 - max: 1.000)
[seq_rows_rep_flip_count] avg: 9.020 (min: 9.000 - max: 10.000)
[seq_rows_rep_jintra] avg: 0.996 (min: 0.900 - max: 1.000)
[seq_rows_rep_flip_count] avg: 5.100 (min: 5.000 - max: 6.000)
[seq_rows_rep_jintra] avg: 0.969 (min: 0.714 - max: 1.000)
[seq_rows_rep_flip_count] avg: 5.420 (min: 5.000 - max: 7.000)
[seq_rows_rep_jintra] avg: 0.912 (min: 0.714 - max: 1.000)
[seq_rows_rep_flip_count] avg: 9.220 (min: 9.000 - max: 11.000)
[seq_rows_rep_jintra] avg: 0.965 (min: 0.818 - max: 1.000)
[seq_rows_rep_flip_count] avg: 15.400 (min: 14.000 - max: 16.000)
[seq_rows_rep_jintra] avg: 0.963 (min: 0.875 - max: 1.000)
[seq_rows_rep_flip_count] avg: 10.770 (min: 9.000 - max: 12.000)
[seq_rows_rep_jintra] avg: 0.870 (min: 0.643 - max: 1.000)
[seq_rows_rep_flip_count] avg: 11.580 (min: 11.000 - max: 14.000)
[seq_rows_rep_jintra] avg: 0.941 (min: 0.786 - max: 1.000)
[seq_rows_rep_flip_count] avg: 4.090 (min: 4.000 - max: 5.000)
[seq_rows_rep] insufficient flip count, skipping jaccard
[seq_rows_rep_flip_count] avg: 10.180 (min: 9.000 - max: 12.000)
[seq_rows_rep_jintra] avg: 0.908 (min: 0.750 - max: 1.000)
[seq_rows_rep_flip_count] avg: 10.150 (min: 8.000 - max: 11.000)
[seq_rows_rep_jintra] avg: 0.912 (min: 0.727 - max: 1.000)
[seq_rows_rep_flip_count] avg: 10.130 (min: 8.000 - max: 13.000)
[seq_rows_rep_jintra] avg: 0.784 (min: 0.538 - max: 1.000)
[seq_rows_rep_flip_count] avg: 6.010 (min: 6.000 - max: 7.000)
[seq_rows_rep_jintra] avg: 0.997 (min: 0.857 - max: 1.000)
[seq_rows_rep_flip_count] avg: 9.680 (min: 9.000 - max: 10.000)
[seq_rows_rep_jintra] avg: 0.955 (min: 0.800 - max: 1.000)
[seq_rows_rep_flip_count] avg: 8.390 (min: 7.000 - max: 10.000)
[seq_rows_rep_jintra] avg: 0.905 (min: 0.700 - max: 1.000)
[seq_rows_rep_flip_count] avg: 8.760 (min: 8.000 - max: 9.000)
[seq_rows_rep_jintra] avg: 0.959 (min: 0.889 - max: 1.000)
[seq_rows_rep_flip_count] avg: 13.400 (min: 12.000 - max: 16.000)
[seq_rows_rep_jintra] avg: 0.933 (min: 0.750 - max: 1.000)
[seq_rows_rep_flip_count] avg: 9.000 (min: 9.000 - max: 9.000)
[seq_rows_rep_jintra] avg: 1.000 (min: 1.000 - max: 1.000)
[seq_rows_rep_flip_count] avg: 13.650 (min: 12.000 - max: 14.000)
[seq_rows_rep_jintra] avg: 0.958 (min: 0.857 - max: 1.000)
[seq_rows_rep_flip_count] avg: 10.110 (min: 10.000 - max: 11.000)
[seq_rows_rep_jintra] avg: 0.982 (min: 0.909 - max: 1.000)
[seq_rows_rep_flip_count] avg: 8.660 (min: 6.000 - max: 11.000)
[seq_rows_rep_jintra] avg: 0.826 (min: 0.545 - max: 1.000)
[seq_rows_rep_flip_count] avg: 10.000 (min: 10.000 - max: 10.000)
[seq_rows_rep_jintra] avg: 1.000 (min: 1.000 - max: 1.000)
[seq_rows_rep_flip_count] avg: 9.030 (min: 8.000 - max: 11.000)
[seq_rows_rep_jintra] avg: 0.957 (min: 0.727 - max: 1.000)
[seq_rows_rep_flip_count] avg: 11.000 (min: 11.000 - max: 11.000)
[seq_rows_rep_jintra] avg: 1.000 (min: 1.000 - max: 1.000)
[seq_rows_rep_flip_count] avg: 5.840 (min: 5.000 - max: 7.000)
[seq_rows_rep_jintra] avg: 0.882 (min: 0.714 - max: 1.000)
[seq_rows_rep_flip_count] avg: 9.260 (min: 8.000 - max: 11.000)
[seq_rows_rep_jintra] avg: 0.929 (min: 0.727 - max: 1.000)
[seq_rows_rep_flip_count] avg: 11.980 (min: 11.000 - max: 13.000)
[seq_rows_rep_jintra] avg: 0.935 (min: 0.769 - max: 1.000)
[seq_rows_rep_flip_count] avg: 14.740 (min: 13.000 - max: 17.000)
[seq_rows_rep_jintra] avg: 0.946 (min: 0.765 - max: 1.000)
[seq_rows_rep_flip_count] avg: 9.570 (min: 9.000 - max: 11.000)
[seq_rows_rep_jintra] avg: 0.947 (min: 0.818 - max: 1.000)
[seq_rows_rep_flip_count] avg: 8.540 (min: 7.000 - max: 11.000)
[seq_rows_rep_jintra] avg: 0.845 (min: 0.636 - max: 1.000)
[seq_rows_rep_flip_count] avg: 3.000 (min: 3.000 - max: 3.000)
[seq_rows_rep] insufficient flip count, skipping jaccard
[seq_rows_rep_flip_count] avg: 14.000 (min: 14.000 - max: 14.000)
[seq_rows_rep_jintra] avg: 1.000 (min: 1.000 - max: 1.000)
[seq_rows_rep_flip_count] avg: 9.030 (min: 9.000 - max: 10.000)
[seq_rows_rep_jintra] avg: 0.994 (min: 0.900 - max: 1.000)
[seq_rows_rep_flip_count] avg: 10.730 (min: 10.000 - max: 11.000)
[seq_rows_rep_jintra] avg: 0.964 (min: 0.909 - max: 1.000)
[seq_rows_rep_flip_count] avg: 8.000 (min: 8.000 - max: 8.000)
[seq_rows_rep_jintra] avg: 1.000 (min: 1.000 - max: 1.000)
[seq_rows_rep_flip_count] avg: 17.000 (min: 17.000 - max: 17.000)
[seq_rows_rep_jintra] avg: 1.000 (min: 1.000 - max: 1.000)
[seq_rows_rep_flip_count] avg: 5.570 (min: 5.000 - max: 6.000)
[seq_rows_rep_jintra] avg: 0.917 (min: 0.833 - max: 1.000)
[seq_rows_rep_flip_count] avg: 9.420 (min: 8.000 - max: 11.000)
[seq_rows_rep_jintra] avg: 0.910 (min: 0.727 - max: 1.000)
[seq_rows_rep_flip_count] avg: 11.030 (min: 10.000 - max: 12.000)
[seq_rows_rep_jintra] avg: 0.988 (min: 0.833 - max: 1.000)
[seq_rows_rep_flip_count] avg: 13.600 (min: 13.000 - max: 16.000)
[seq_rows_rep_jintra] avg: 0.943 (min: 0.765 - max: 1.000)
[seq_rows_rep_flip_count] avg: 14.950 (min: 14.000 - max: 16.000)
[seq_rows_rep_jintra] avg: 0.991 (min: 0.875 - max: 1.000)
[seq_rows_rep_flip_count] avg: 10.140 (min: 10.000 - max: 12.000)
[seq_rows_rep_jintra] avg: 0.977 (min: 0.833 - max: 1.000)
[seq_rows_rep_flip_count] avg: 10.880 (min: 9.000 - max: 12.000)
[seq_rows_rep_jintra] avg: 0.929 (min: 0.692 - max: 1.000)
[seq_rows_rep_flip_count] avg: 9.010 (min: 8.000 - max: 10.000)
[seq_rows_rep_jintra] avg: 0.967 (min: 0.800 - max: 1.000)
[seq_rows_rep_flip_count] avg: 7.280 (min: 6.000 - max: 8.000)
[seq_rows_rep_jintra] avg: 0.939 (min: 0.667 - max: 1.000)
[seq_rows_rep_flip_count] avg: 8.160 (min: 8.000 - max: 9.000)
[seq_rows_rep_jintra] avg: 0.970 (min: 0.889 - max: 1.000)
[seq_rows_rep_flip_count] avg: 11.720 (min: 10.000 - max: 12.000)
[seq_rows_rep_jintra] avg: 0.963 (min: 0.833 - max: 1.000)
[seq_rows_rep_flip_count] avg: 10.170 (min: 9.000 - max: 14.000)
[seq_rows_rep_jintra] avg: 0.884 (min: 0.643 - max: 1.000)
[seq_rows_rep_flip_count] avg: 13.800 (min: 12.000 - max: 14.000)
[seq_rows_rep_jintra] avg: 0.974 (min: 0.786 - max: 1.000)
[seq_rows_rep_flip_count] avg: 19.590 (min: 19.000 - max: 21.000)
[seq_rows_rep_jintra] avg: 0.973 (min: 0.905 - max: 1.000)
