analyzing data
zentel
ROS1
500000
./logs/zentel
##### zentel_ROS1_500k #####
[control] control passed 500/500 (100.00%)
[control] avg: 0.000 (min: 0.000 - max: 0.000)
##### zentel_ROS1_500k #####
[rand_rows_rep_flip_count] avg: 0.000 (min: 0.000 - max: 0.000)
[rand_rows_rep] insufficient flip count, skipping jaccard
[rand_rows_rep_flip_count] avg: 0.000 (min: 0.000 - max: 0.000)
[rand_rows_rep] insufficient flip count, skipping jaccard
[rand_rows_rep_flip_count] avg: 0.000 (min: 0.000 - max: 0.000)
[rand_rows_rep] insufficient flip count, skipping jaccard
[rand_rows_rep_flip_count] avg: 0.000 (min: 0.000 - max: 0.000)
[rand_rows_rep] insufficient flip count, skipping jaccard
[rand_rows_rep_flip_count] avg: 0.000 (min: 0.000 - max: 0.000)
[rand_rows_rep] insufficient flip count, skipping jaccard
[rand_rows_rep_flip_count] avg: 0.000 (min: 0.000 - max: 0.000)
[rand_rows_rep] insufficient flip count, skipping jaccard
[rand_rows_rep_flip_count] avg: 0.000 (min: 0.000 - max: 0.000)
[rand_rows_rep] insufficient flip count, skipping jaccard
[rand_rows_rep_flip_count] avg: 0.000 (min: 0.000 - max: 0.000)
[rand_rows_rep] insufficient flip count, skipping jaccard
[rand_rows_rep_flip_count] avg: 0.000 (min: 0.000 - max: 0.000)
[rand_rows_rep] insufficient flip count, skipping jaccard
[rand_rows_rep_flip_count] avg: 0.000 (min: 0.000 - max: 0.000)
[rand_rows_rep] insufficient flip count, skipping jaccard
[rand_rows_rep_flip_count] avg: 0.000 (min: 0.000 - max: 0.000)
[rand_rows_rep] insufficient flip count, skipping jaccard
[rand_rows_rep_flip_count] avg: 0.000 (min: 0.000 - max: 0.000)
[rand_rows_rep] insufficient flip count, skipping jaccard
[rand_rows_rep_flip_count] avg: 0.000 (min: 0.000 - max: 0.000)
[rand_rows_rep] insufficient flip count, skipping jaccard
[rand_rows_rep_flip_count] avg: 0.000 (min: 0.000 - max: 0.000)
[rand_rows_rep] insufficient flip count, skipping jaccard
[rand_rows_rep_flip_count] avg: 0.000 (min: 0.000 - max: 0.000)
[rand_rows_rep] insufficient flip count, skipping jaccard
[rand_rows_rep_flip_count] avg: 0.000 (min: 0.000 - max: 0.000)
[rand_rows_rep] insufficient flip count, skipping jaccard
[rand_rows_rep_flip_count] avg: 0.000 (min: 0.000 - max: 0.000)
[rand_rows_rep] insufficient flip count, skipping jaccard
[rand_rows_rep_flip_count] avg: 0.000 (min: 0.000 - max: 0.000)
[rand_rows_rep] insufficient flip count, skipping jaccard
[rand_rows_rep_flip_count] avg: 0.000 (min: 0.000 - max: 0.000)
[rand_rows_rep] insufficient flip count, skipping jaccard
[rand_rows_rep_flip_count] avg: 0.000 (min: 0.000 - max: 0.000)
[rand_rows_rep] insufficient flip count, skipping jaccard
[rand_rows_rep_flip_count] avg: 0.000 (min: 0.000 - max: 0.000)
[rand_rows_rep] insufficient flip count, skipping jaccard
[rand_rows_rep_flip_count] avg: 0.000 (min: 0.000 - max: 0.000)
[rand_rows_rep] insufficient flip count, skipping jaccard
[rand_rows_rep_flip_count] avg: 0.000 (min: 0.000 - max: 0.000)
[rand_rows_rep] insufficient flip count, skipping jaccard
[rand_rows_rep_flip_count] avg: 0.000 (min: 0.000 - max: 0.000)
[rand_rows_rep] insufficient flip count, skipping jaccard
[rand_rows_rep_flip_count] avg: 0.000 (min: 0.000 - max: 0.000)
[rand_rows_rep] insufficient flip count, skipping jaccard
[rand_rows_rep_flip_count] avg: 0.000 (min: 0.000 - max: 0.000)
[rand_rows_rep] insufficient flip count, skipping jaccard
[rand_rows_rep_flip_count] avg: 0.000 (min: 0.000 - max: 0.000)
[rand_rows_rep] insufficient flip count, skipping jaccard
[rand_rows_rep_flip_count] avg: 0.000 (min: 0.000 - max: 0.000)
[rand_rows_rep] insufficient flip count, skipping jaccard
[rand_rows_rep_flip_count] avg: 0.000 (min: 0.000 - max: 0.000)
[rand_rows_rep] insufficient flip count, skipping jaccard
[rand_rows_rep_flip_count] avg: 0.000 (min: 0.000 - max: 0.000)
[rand_rows_rep] insufficient flip count, skipping jaccard
[rand_rows_rep_flip_count] avg: 0.000 (min: 0.000 - max: 0.000)
[rand_rows_rep] insufficient flip count, skipping jaccard
[rand_rows_rep_flip_count] avg: 0.000 (min: 0.000 - max: 0.000)
[rand_rows_rep] insufficient flip count, skipping jaccard
[rand_rows_rep_flip_count] avg: 0.000 (min: 0.000 - max: 0.000)
[rand_rows_rep] insufficient flip count, skipping jaccard
[rand_rows_rep_flip_count] avg: 1.000 (min: 1.000 - max: 1.000)
[rand_rows_rep] insufficient flip count, skipping jaccard
[rand_rows_rep_flip_count] avg: 0.000 (min: 0.000 - max: 0.000)
[rand_rows_rep] insufficient flip count, skipping jaccard
[rand_rows_rep_flip_count] avg: 0.000 (min: 0.000 - max: 0.000)
[rand_rows_rep] insufficient flip count, skipping jaccard
[rand_rows_rep_flip_count] avg: 0.000 (min: 0.000 - max: 0.000)
[rand_rows_rep] insufficient flip count, skipping jaccard
[rand_rows_rep_flip_count] avg: 0.000 (min: 0.000 - max: 0.000)
[rand_rows_rep] insufficient flip count, skipping jaccard
[rand_rows_rep_flip_count] avg: 0.000 (min: 0.000 - max: 0.000)
[rand_rows_rep] insufficient flip count, skipping jaccard
[rand_rows_rep_flip_count] avg: 0.000 (min: 0.000 - max: 0.000)
[rand_rows_rep] insufficient flip count, skipping jaccard
[rand_rows_rep_flip_count] avg: 0.000 (min: 0.000 - max: 0.000)
[rand_rows_rep] insufficient flip count, skipping jaccard
[rand_rows_rep_flip_count] avg: 0.000 (min: 0.000 - max: 0.000)
[rand_rows_rep] insufficient flip count, skipping jaccard
[rand_rows_rep_flip_count] avg: 0.000 (min: 0.000 - max: 0.000)
[rand_rows_rep] insufficient flip count, skipping jaccard
[rand_rows_rep_flip_count] avg: 0.000 (min: 0.000 - max: 0.000)
[rand_rows_rep] insufficient flip count, skipping jaccard
[rand_rows_rep_flip_count] avg: 0.000 (min: 0.000 - max: 0.000)
[rand_rows_rep] insufficient flip count, skipping jaccard
[rand_rows_rep_flip_count] avg: 0.000 (min: 0.000 - max: 0.000)
[rand_rows_rep] insufficient flip count, skipping jaccard
[rand_rows_rep_flip_count] avg: 0.000 (min: 0.000 - max: 0.000)
[rand_rows_rep] insufficient flip count, skipping jaccard
[rand_rows_rep_flip_count] avg: 0.000 (min: 0.000 - max: 0.000)
[rand_rows_rep] insufficient flip count, skipping jaccard
[rand_rows_rep_flip_count] avg: 0.000 (min: 0.000 - max: 0.000)
[rand_rows_rep] insufficient flip count, skipping jaccard
[rand_rows_rep_flip_count] avg: 0.000 (min: 0.000 - max: 0.000)
[rand_rows_rep] insufficient flip count, skipping jaccard
##### zentel_ROS1_500k #####
[rand_rows_uniq_flip_count] avg: 0.004 (min: 0.000 - max: 59.000)
[rand_rows_uniq] insufficient flip count, skipping plots and jaccards
##### zentel_ROS1_500k #####
[seq_rows_rep_flip_count] avg: 0.000 (min: 0.000 - max: 0.000)
[seq_rows_rep] insufficient flip count, skipping jaccard
[seq_rows_rep_flip_count] avg: 0.000 (min: 0.000 - max: 0.000)
[seq_rows_rep] insufficient flip count, skipping jaccard
[seq_rows_rep_flip_count] avg: 0.000 (min: 0.000 - max: 0.000)
[seq_rows_rep] insufficient flip count, skipping jaccard
[seq_rows_rep_flip_count] avg: 0.000 (min: 0.000 - max: 0.000)
[seq_rows_rep] insufficient flip count, skipping jaccard
[seq_rows_rep_flip_count] avg: 0.000 (min: 0.000 - max: 0.000)
[seq_rows_rep] insufficient flip count, skipping jaccard
[seq_rows_rep_flip_count] avg: 0.000 (min: 0.000 - max: 0.000)
[seq_rows_rep] insufficient flip count, skipping jaccard
[seq_rows_rep_flip_count] avg: 0.000 (min: 0.000 - max: 0.000)
[seq_rows_rep] insufficient flip count, skipping jaccard
[seq_rows_rep_flip_count] avg: 0.000 (min: 0.000 - max: 0.000)
[seq_rows_rep] insufficient flip count, skipping jaccard
[seq_rows_rep_flip_count] avg: 0.000 (min: 0.000 - max: 0.000)
[seq_rows_rep] insufficient flip count, skipping jaccard
[seq_rows_rep_flip_count] avg: 0.000 (min: 0.000 - max: 0.000)
[seq_rows_rep] insufficient flip count, skipping jaccard
[seq_rows_rep_flip_count] avg: 0.000 (min: 0.000 - max: 0.000)
[seq_rows_rep] insufficient flip count, skipping jaccard
[seq_rows_rep_flip_count] avg: 0.000 (min: 0.000 - max: 0.000)
[seq_rows_rep] insufficient flip count, skipping jaccard
[seq_rows_rep_flip_count] avg: 0.000 (min: 0.000 - max: 0.000)
[seq_rows_rep] insufficient flip count, skipping jaccard
[seq_rows_rep_flip_count] avg: 0.000 (min: 0.000 - max: 0.000)
[seq_rows_rep] insufficient flip count, skipping jaccard
[seq_rows_rep_flip_count] avg: 0.000 (min: 0.000 - max: 0.000)
[seq_rows_rep] insufficient flip count, skipping jaccard
[seq_rows_rep_flip_count] avg: 0.000 (min: 0.000 - max: 0.000)
[seq_rows_rep] insufficient flip count, skipping jaccard
[seq_rows_rep_flip_count] avg: 0.000 (min: 0.000 - max: 0.000)
[seq_rows_rep] insufficient flip count, skipping jaccard
[seq_rows_rep_flip_count] avg: 0.000 (min: 0.000 - max: 0.000)
[seq_rows_rep] insufficient flip count, skipping jaccard
[seq_rows_rep_flip_count] avg: 0.000 (min: 0.000 - max: 0.000)
[seq_rows_rep] insufficient flip count, skipping jaccard
[seq_rows_rep_flip_count] avg: 0.000 (min: 0.000 - max: 0.000)
[seq_rows_rep] insufficient flip count, skipping jaccard
[seq_rows_rep_flip_count] avg: 0.000 (min: 0.000 - max: 0.000)
[seq_rows_rep] insufficient flip count, skipping jaccard
[seq_rows_rep_flip_count] avg: 0.000 (min: 0.000 - max: 0.000)
[seq_rows_rep] insufficient flip count, skipping jaccard
[seq_rows_rep_flip_count] avg: 0.000 (min: 0.000 - max: 0.000)
[seq_rows_rep] insufficient flip count, skipping jaccard
[seq_rows_rep_flip_count] avg: 0.000 (min: 0.000 - max: 0.000)
[seq_rows_rep] insufficient flip count, skipping jaccard
[seq_rows_rep_flip_count] avg: 0.000 (min: 0.000 - max: 0.000)
[seq_rows_rep] insufficient flip count, skipping jaccard
[seq_rows_rep_flip_count] avg: 0.000 (min: 0.000 - max: 0.000)
[seq_rows_rep] insufficient flip count, skipping jaccard
[seq_rows_rep_flip_count] avg: 0.000 (min: 0.000 - max: 0.000)
[seq_rows_rep] insufficient flip count, skipping jaccard
[seq_rows_rep_flip_count] avg: 0.000 (min: 0.000 - max: 0.000)
[seq_rows_rep] insufficient flip count, skipping jaccard
[seq_rows_rep_flip_count] avg: 0.000 (min: 0.000 - max: 0.000)
[seq_rows_rep] insufficient flip count, skipping jaccard
[seq_rows_rep_flip_count] avg: 0.000 (min: 0.000 - max: 0.000)
[seq_rows_rep] insufficient flip count, skipping jaccard
[seq_rows_rep_flip_count] avg: 0.000 (min: 0.000 - max: 0.000)
[seq_rows_rep] insufficient flip count, skipping jaccard
[seq_rows_rep_flip_count] avg: 0.000 (min: 0.000 - max: 0.000)
[seq_rows_rep] insufficient flip count, skipping jaccard
[seq_rows_rep_flip_count] avg: 0.000 (min: 0.000 - max: 0.000)
[seq_rows_rep] insufficient flip count, skipping jaccard
[seq_rows_rep_flip_count] avg: 0.000 (min: 0.000 - max: 0.000)
[seq_rows_rep] insufficient flip count, skipping jaccard
[seq_rows_rep_flip_count] avg: 0.000 (min: 0.000 - max: 0.000)
[seq_rows_rep] insufficient flip count, skipping jaccard
[seq_rows_rep_flip_count] avg: 0.000 (min: 0.000 - max: 0.000)
[seq_rows_rep] insufficient flip count, skipping jaccard
[seq_rows_rep_flip_count] avg: 0.000 (min: 0.000 - max: 0.000)
[seq_rows_rep] insufficient flip count, skipping jaccard
[seq_rows_rep_flip_count] avg: 0.000 (min: 0.000 - max: 0.000)
[seq_rows_rep] insufficient flip count, skipping jaccard
[seq_rows_rep_flip_count] avg: 0.000 (min: 0.000 - max: 0.000)
[seq_rows_rep] insufficient flip count, skipping jaccard
[seq_rows_rep_flip_count] avg: 0.000 (min: 0.000 - max: 0.000)
[seq_rows_rep] insufficient flip count, skipping jaccard
[seq_rows_rep_flip_count] avg: 0.000 (min: 0.000 - max: 0.000)
[seq_rows_rep] insufficient flip count, skipping jaccard
[seq_rows_rep_flip_count] avg: 0.000 (min: 0.000 - max: 0.000)
[seq_rows_rep] insufficient flip count, skipping jaccard
[seq_rows_rep_flip_count] avg: 0.000 (min: 0.000 - max: 0.000)
[seq_rows_rep] insufficient flip count, skipping jaccard
[seq_rows_rep_flip_count] avg: 0.000 (min: 0.000 - max: 0.000)
[seq_rows_rep] insufficient flip count, skipping jaccard
[seq_rows_rep_flip_count] avg: 0.000 (min: 0.000 - max: 0.000)
[seq_rows_rep] insufficient flip count, skipping jaccard
[seq_rows_rep_flip_count] avg: 0.000 (min: 0.000 - max: 0.000)
[seq_rows_rep] insufficient flip count, skipping jaccard
[seq_rows_rep_flip_count] avg: 0.000 (min: 0.000 - max: 0.000)
[seq_rows_rep] insufficient flip count, skipping jaccard
[seq_rows_rep_flip_count] avg: 0.000 (min: 0.000 - max: 0.000)
[seq_rows_rep] insufficient flip count, skipping jaccard
[seq_rows_rep_flip_count] avg: 0.000 (min: 0.000 - max: 0.000)
[seq_rows_rep] insufficient flip count, skipping jaccard
[seq_rows_rep_flip_count] avg: 0.000 (min: 0.000 - max: 0.000)
[seq_rows_rep] insufficient flip count, skipping jaccard
