analyzing data
zentel
SOL0
10000000
./logs/zentel
##### zentel_SOL0_10M #####
[control] control passed 500/500 (100.00%)
[control] avg: 0.000 (min: 0.000 - max: 0.000)
##### zentel_SOL0_10M #####
[rand_rows_rep_flip_count] avg: 36.760 (min: 35.000 - max: 40.000)
[rand_rows_rep_jintra] avg: 0.968 (min: 0.854 - max: 1.000)
[rand_rows_rep_flip_count] avg: 75.260 (min: 73.000 - max: 77.000)
[rand_rows_rep_jintra] avg: 0.977 (min: 0.936 - max: 1.000)
[rand_rows_rep_flip_count] avg: 64.820 (min: 63.000 - max: 67.000)
[rand_rows_rep_jintra] avg: 0.979 (min: 0.939 - max: 1.000)
[rand_rows_rep_flip_count] avg: 51.180 (min: 50.000 - max: 55.000)
[rand_rows_rep_jintra] avg: 0.973 (min: 0.909 - max: 1.000)
[rand_rows_rep_flip_count] avg: 42.730 (min: 40.000 - max: 45.000)
[rand_rows_rep_jintra] avg: 0.963 (min: 0.889 - max: 1.000)
[rand_rows_rep_flip_count] avg: 55.480 (min: 54.000 - max: 61.000)
[rand_rows_rep_jintra] avg: 0.977 (min: 0.885 - max: 1.000)
[rand_rows_rep_flip_count] avg: 99.650 (min: 97.000 - max: 104.000)
[rand_rows_rep_jintra] avg: 0.979 (min: 0.933 - max: 1.000)
[rand_rows_rep_flip_count] avg: 47.850 (min: 43.000 - max: 52.000)
[rand_rows_rep_jintra] avg: 0.936 (min: 0.811 - max: 1.000)
[rand_rows_rep_flip_count] avg: 56.450 (min: 55.000 - max: 60.000)
[rand_rows_rep_jintra] avg: 0.969 (min: 0.887 - max: 1.000)
[rand_rows_rep_flip_count] avg: 42.380 (min: 41.000 - max: 45.000)
[rand_rows_rep_jintra] avg: 0.984 (min: 0.911 - max: 1.000)
[rand_rows_rep_flip_count] avg: 45.480 (min: 44.000 - max: 48.000)
[rand_rows_rep_jintra] avg: 0.966 (min: 0.894 - max: 1.000)
[rand_rows_rep_flip_count] avg: 77.540 (min: 75.000 - max: 81.000)
[rand_rows_rep_jintra] avg: 0.974 (min: 0.925 - max: 1.000)
[rand_rows_rep_flip_count] avg: 54.560 (min: 53.000 - max: 60.000)
[rand_rows_rep_jintra] avg: 0.977 (min: 0.883 - max: 1.000)
[rand_rows_rep_flip_count] avg: 57.030 (min: 57.000 - max: 58.000)
[rand_rows_rep_jintra] avg: 0.999 (min: 0.983 - max: 1.000)
[rand_rows_rep_flip_count] avg: 73.240 (min: 70.000 - max: 80.000)
[rand_rows_rep_jintra] avg: 0.957 (min: 0.852 - max: 1.000)
[rand_rows_rep_flip_count] avg: 74.870 (min: 71.000 - max: 77.000)
[rand_rows_rep_jintra] avg: 0.969 (min: 0.896 - max: 1.000)
[rand_rows_rep_flip_count] avg: 77.770 (min: 77.000 - max: 80.000)
[rand_rows_rep_jintra] avg: 0.987 (min: 0.951 - max: 1.000)
[rand_rows_rep_flip_count] avg: 58.100 (min: 57.000 - max: 61.000)
[rand_rows_rep_jintra] avg: 0.988 (min: 0.921 - max: 1.000)
[rand_rows_rep_flip_count] avg: 44.820 (min: 43.000 - max: 47.000)
[rand_rows_rep_jintra] avg: 0.971 (min: 0.915 - max: 1.000)
[rand_rows_rep_flip_count] avg: 53.450 (min: 51.000 - max: 56.000)
[rand_rows_rep_jintra] avg: 0.965 (min: 0.877 - max: 1.000)
[rand_rows_rep_flip_count] avg: 43.830 (min: 41.000 - max: 49.000)
[rand_rows_rep_jintra] avg: 0.965 (min: 0.837 - max: 1.000)
[rand_rows_rep_flip_count] avg: 39.570 (min: 39.000 - max: 41.000)
[rand_rows_rep_jintra] avg: 0.984 (min: 0.927 - max: 1.000)
[rand_rows_rep_flip_count] avg: 57.890 (min: 55.000 - max: 64.000)
[rand_rows_rep_jintra] avg: 0.955 (min: 0.859 - max: 1.000)
[rand_rows_rep_flip_count] avg: 39.320 (min: 37.000 - max: 44.000)
[rand_rows_rep_jintra] avg: 0.954 (min: 0.841 - max: 1.000)
[rand_rows_rep_flip_count] avg: 38.710 (min: 37.000 - max: 43.000)
[rand_rows_rep_jintra] avg: 0.958 (min: 0.800 - max: 1.000)
[rand_rows_rep_flip_count] avg: 62.190 (min: 60.000 - max: 65.000)
[rand_rows_rep_jintra] avg: 0.977 (min: 0.923 - max: 1.000)
[rand_rows_rep_flip_count] avg: 44.370 (min: 43.000 - max: 46.000)
[rand_rows_rep_jintra] avg: 0.988 (min: 0.935 - max: 1.000)
[rand_rows_rep_flip_count] avg: 52.810 (min: 49.000 - max: 54.000)
[rand_rows_rep_jintra] avg: 0.972 (min: 0.889 - max: 1.000)
[rand_rows_rep_flip_count] avg: 62.990 (min: 59.000 - max: 67.000)
[rand_rows_rep_jintra] avg: 0.950 (min: 0.881 - max: 1.000)
[rand_rows_rep_flip_count] avg: 67.780 (min: 63.000 - max: 73.000)
[rand_rows_rep_jintra] avg: 0.953 (min: 0.861 - max: 1.000)
[rand_rows_rep_flip_count] avg: 43.880 (min: 42.000 - max: 48.000)
[rand_rows_rep_jintra] avg: 0.967 (min: 0.875 - max: 1.000)
[rand_rows_rep_flip_count] avg: 59.260 (min: 56.000 - max: 61.000)
[rand_rows_rep_jintra] avg: 0.965 (min: 0.902 - max: 1.000)
[rand_rows_rep_flip_count] avg: 70.820 (min: 70.000 - max: 72.000)
[rand_rows_rep_jintra] avg: 0.991 (min: 0.959 - max: 1.000)
[rand_rows_rep_flip_count] avg: 70.420 (min: 67.000 - max: 73.000)
[rand_rows_rep_jintra] avg: 0.965 (min: 0.905 - max: 1.000)
[rand_rows_rep_flip_count] avg: 53.800 (min: 50.000 - max: 57.000)
[rand_rows_rep_jintra] avg: 0.956 (min: 0.842 - max: 1.000)
[rand_rows_rep_flip_count] avg: 58.850 (min: 57.000 - max: 61.000)
[rand_rows_rep_jintra] avg: 0.976 (min: 0.933 - max: 1.000)
[rand_rows_rep_flip_count] avg: 53.920 (min: 52.000 - max: 55.000)
[rand_rows_rep_jintra] avg: 0.985 (min: 0.926 - max: 1.000)
[rand_rows_rep_flip_count] avg: 49.250 (min: 45.000 - max: 57.000)
[rand_rows_rep_jintra] avg: 0.950 (min: 0.789 - max: 1.000)
[rand_rows_rep_flip_count] avg: 49.440 (min: 48.000 - max: 50.000)
[rand_rows_rep_jintra] avg: 0.984 (min: 0.960 - max: 1.000)
[rand_rows_rep_flip_count] avg: 58.090 (min: 57.000 - max: 60.000)
[rand_rows_rep_jintra] avg: 0.984 (min: 0.949 - max: 1.000)
[rand_rows_rep_flip_count] avg: 55.550 (min: 53.000 - max: 58.000)
[rand_rows_rep_jintra] avg: 0.963 (min: 0.898 - max: 1.000)
[rand_rows_rep_flip_count] avg: 57.120 (min: 53.000 - max: 63.000)
[rand_rows_rep_jintra] avg: 0.946 (min: 0.839 - max: 1.000)
[rand_rows_rep_flip_count] avg: 51.240 (min: 50.000 - max: 54.000)
[rand_rows_rep_jintra] avg: 0.986 (min: 0.925 - max: 1.000)
[rand_rows_rep_flip_count] avg: 82.220 (min: 76.000 - max: 86.000)
[rand_rows_rep_jintra] avg: 0.960 (min: 0.884 - max: 1.000)
[rand_rows_rep_flip_count] avg: 48.910 (min: 48.000 - max: 50.000)
[rand_rows_rep_jintra] avg: 0.989 (min: 0.940 - max: 1.000)
[rand_rows_rep_flip_count] avg: 33.860 (min: 32.000 - max: 37.000)
[rand_rows_rep_jintra] avg: 0.961 (min: 0.842 - max: 1.000)
[rand_rows_rep_flip_count] avg: 38.860 (min: 38.000 - max: 40.000)
[rand_rows_rep_jintra] avg: 0.985 (min: 0.925 - max: 1.000)
[rand_rows_rep_flip_count] avg: 53.620 (min: 52.000 - max: 56.000)
[rand_rows_rep_jintra] avg: 0.975 (min: 0.911 - max: 1.000)
[rand_rows_rep_flip_count] avg: 44.050 (min: 42.000 - max: 50.000)
[rand_rows_rep_jintra] avg: 0.954 (min: 0.840 - max: 1.000)
[rand_rows_rep_flip_count] avg: 60.530 (min: 59.000 - max: 64.000)
[rand_rows_rep_jintra] avg: 0.972 (min: 0.894 - max: 1.000)
##### zentel_SOL0_10M #####
[rand_rows_uniq_flip_count] avg: 57.118 (min: 6.000 - max: 154.000)
[rand_rows_uniq] col distr entropy: 13.988 bits
[zentel_SOL0_10Mjinter] avg: 0.002 (min: 0.000 - max: 0.075)
[zentel_SOL0_10Mjinter_exp] avg: 0.002 (min: 0.000 - max: 0.004)
##### zentel_SOL0_10M #####
[seq_rows_rep_flip_count] avg: 69.080 (min: 67.000 - max: 72.000)
[seq_rows_rep_jintra] avg: 0.976 (min: 0.918 - max: 1.000)
[seq_rows_rep_flip_count] avg: 42.830 (min: 41.000 - max: 46.000)
[seq_rows_rep_jintra] avg: 0.973 (min: 0.891 - max: 1.000)
[seq_rows_rep_flip_count] avg: 42.510 (min: 42.000 - max: 46.000)
[seq_rows_rep_jintra] avg: 0.982 (min: 0.894 - max: 1.000)
[seq_rows_rep_flip_count] avg: 48.640 (min: 47.000 - max: 51.000)
[seq_rows_rep_jintra] avg: 0.973 (min: 0.900 - max: 1.000)
[seq_rows_rep_flip_count] avg: 61.970 (min: 59.000 - max: 67.000)
[seq_rows_rep_jintra] avg: 0.956 (min: 0.881 - max: 1.000)
[seq_rows_rep_flip_count] avg: 64.380 (min: 62.000 - max: 67.000)
[seq_rows_rep_jintra] avg: 0.988 (min: 0.925 - max: 1.000)
[seq_rows_rep_flip_count] avg: 75.620 (min: 72.000 - max: 82.000)
[seq_rows_rep_jintra] avg: 0.953 (min: 0.867 - max: 1.000)
[seq_rows_rep_flip_count] avg: 58.050 (min: 57.000 - max: 60.000)
[seq_rows_rep_jintra] avg: 0.986 (min: 0.933 - max: 1.000)
[seq_rows_rep_flip_count] avg: 59.530 (min: 57.000 - max: 63.000)
[seq_rows_rep_jintra] avg: 0.964 (min: 0.892 - max: 1.000)
[seq_rows_rep_flip_count] avg: 63.380 (min: 61.000 - max: 67.000)
[seq_rows_rep_jintra] avg: 0.970 (min: 0.897 - max: 1.000)
[seq_rows_rep_flip_count] avg: 43.230 (min: 40.000 - max: 49.000)
[seq_rows_rep_jintra] avg: 0.960 (min: 0.816 - max: 1.000)
[seq_rows_rep_flip_count] avg: 75.180 (min: 72.000 - max: 80.000)
[seq_rows_rep_jintra] avg: 0.963 (min: 0.900 - max: 1.000)
[seq_rows_rep_flip_count] avg: 58.320 (min: 56.000 - max: 62.000)
[seq_rows_rep_jintra] avg: 0.968 (min: 0.902 - max: 1.000)
[seq_rows_rep_flip_count] avg: 45.070 (min: 44.000 - max: 47.000)
[seq_rows_rep_jintra] avg: 0.993 (min: 0.918 - max: 1.000)
[seq_rows_rep_flip_count] avg: 49.580 (min: 48.000 - max: 52.000)
[seq_rows_rep_jintra] avg: 0.963 (min: 0.889 - max: 1.000)
[seq_rows_rep_flip_count] avg: 44.600 (min: 43.000 - max: 48.000)
[seq_rows_rep_jintra] avg: 0.976 (min: 0.896 - max: 1.000)
[seq_rows_rep_flip_count] avg: 70.710 (min: 67.000 - max: 74.000)
[seq_rows_rep_jintra] avg: 0.972 (min: 0.905 - max: 1.000)
[seq_rows_rep_flip_count] avg: 62.720 (min: 60.000 - max: 70.000)
[seq_rows_rep_jintra] avg: 0.974 (min: 0.857 - max: 1.000)
[seq_rows_rep_flip_count] avg: 80.320 (min: 78.000 - max: 84.000)
[seq_rows_rep_jintra] avg: 0.976 (min: 0.906 - max: 1.000)
[seq_rows_rep_flip_count] avg: 76.040 (min: 71.000 - max: 80.000)
[seq_rows_rep_jintra] avg: 0.963 (min: 0.877 - max: 1.000)
[seq_rows_rep_flip_count] avg: 54.590 (min: 53.000 - max: 58.000)
[seq_rows_rep_jintra] avg: 0.971 (min: 0.898 - max: 1.000)
[seq_rows_rep_flip_count] avg: 46.370 (min: 45.000 - max: 48.000)
[seq_rows_rep_jintra] avg: 0.976 (min: 0.898 - max: 1.000)
[seq_rows_rep_flip_count] avg: 70.050 (min: 68.000 - max: 74.000)
[seq_rows_rep_jintra] avg: 0.970 (min: 0.919 - max: 1.000)
[seq_rows_rep_flip_count] avg: 53.120 (min: 51.000 - max: 56.000)
[seq_rows_rep_jintra] avg: 0.972 (min: 0.909 - max: 1.000)
[seq_rows_rep_flip_count] avg: 49.390 (min: 47.000 - max: 54.000)
[seq_rows_rep_jintra] avg: 0.972 (min: 0.836 - max: 1.000)
[seq_rows_rep_flip_count] avg: 67.310 (min: 65.000 - max: 70.000)
[seq_rows_rep_jintra] avg: 0.977 (min: 0.926 - max: 1.000)
[seq_rows_rep_flip_count] avg: 62.980 (min: 60.000 - max: 67.000)
[seq_rows_rep_jintra] avg: 0.965 (min: 0.881 - max: 1.000)
[seq_rows_rep_flip_count] avg: 69.690 (min: 68.000 - max: 76.000)
[seq_rows_rep_jintra] avg: 0.969 (min: 0.883 - max: 1.000)
[seq_rows_rep_flip_count] avg: 52.230 (min: 50.000 - max: 56.000)
[seq_rows_rep_jintra] avg: 0.967 (min: 0.891 - max: 1.000)
[seq_rows_rep_flip_count] avg: 65.880 (min: 63.000 - max: 71.000)
[seq_rows_rep_jintra] avg: 0.966 (min: 0.887 - max: 1.000)
[seq_rows_rep_flip_count] avg: 34.470 (min: 32.000 - max: 38.000)
[seq_rows_rep_jintra] avg: 0.946 (min: 0.842 - max: 1.000)
[seq_rows_rep_flip_count] avg: 57.430 (min: 55.000 - max: 63.000)
[seq_rows_rep_jintra] avg: 0.961 (min: 0.859 - max: 1.000)
[seq_rows_rep_flip_count] avg: 57.140 (min: 55.000 - max: 62.000)
[seq_rows_rep_jintra] avg: 0.957 (min: 0.887 - max: 1.000)
[seq_rows_rep_flip_count] avg: 73.480 (min: 70.000 - max: 78.000)
[seq_rows_rep_jintra] avg: 0.955 (min: 0.883 - max: 1.000)
[seq_rows_rep_flip_count] avg: 44.360 (min: 42.000 - max: 47.000)
[seq_rows_rep_jintra] avg: 0.961 (min: 0.894 - max: 1.000)
[seq_rows_rep_flip_count] avg: 84.700 (min: 81.000 - max: 89.000)
[seq_rows_rep_jintra] avg: 0.974 (min: 0.910 - max: 1.000)
[seq_rows_rep_flip_count] avg: 55.370 (min: 53.000 - max: 60.000)
[seq_rows_rep_jintra] avg: 0.959 (min: 0.881 - max: 1.000)
[seq_rows_rep_flip_count] avg: 69.040 (min: 68.000 - max: 71.000)
[seq_rows_rep_jintra] avg: 0.984 (min: 0.944 - max: 1.000)
[seq_rows_rep_flip_count] avg: 41.930 (min: 40.000 - max: 45.000)
[seq_rows_rep_jintra] avg: 0.956 (min: 0.870 - max: 1.000)
[seq_rows_rep_flip_count] avg: 71.010 (min: 70.000 - max: 74.000)
[seq_rows_rep_jintra] avg: 0.983 (min: 0.933 - max: 1.000)
[seq_rows_rep_flip_count] avg: 52.840 (min: 51.000 - max: 57.000)
[seq_rows_rep_jintra] avg: 0.966 (min: 0.895 - max: 1.000)
[seq_rows_rep_flip_count] avg: 66.640 (min: 64.000 - max: 71.000)
[seq_rows_rep_jintra] avg: 0.965 (min: 0.900 - max: 1.000)
[seq_rows_rep_flip_count] avg: 80.220 (min: 76.000 - max: 89.000)
[seq_rows_rep_jintra] avg: 0.951 (min: 0.852 - max: 1.000)
[seq_rows_rep_flip_count] avg: 52.980 (min: 50.000 - max: 60.000)
[seq_rows_rep_jintra] avg: 0.943 (min: 0.823 - max: 1.000)
[seq_rows_rep_flip_count] avg: 33.280 (min: 30.000 - max: 38.000)
[seq_rows_rep_jintra] avg: 0.928 (min: 0.750 - max: 1.000)
[seq_rows_rep_flip_count] avg: 37.070 (min: 37.000 - max: 39.000)
[seq_rows_rep_jintra] avg: 0.996 (min: 0.949 - max: 1.000)
[seq_rows_rep_flip_count] avg: 51.910 (min: 50.000 - max: 57.000)
[seq_rows_rep_jintra] avg: 0.981 (min: 0.877 - max: 1.000)
[seq_rows_rep_flip_count] avg: 60.580 (min: 59.000 - max: 63.000)
[seq_rows_rep_jintra] avg: 0.984 (min: 0.934 - max: 1.000)
[seq_rows_rep_flip_count] avg: 58.790 (min: 57.000 - max: 64.000)
[seq_rows_rep_jintra] avg: 0.954 (min: 0.875 - max: 1.000)
[seq_rows_rep_flip_count] avg: 66.800 (min: 64.000 - max: 72.000)
[seq_rows_rep_jintra] avg: 0.964 (min: 0.889 - max: 1.000)
