analyzing data
zentel
CHK1
5000000
./logs/zentel
##### zentel_CHK1_5M #####
[control] control passed 500/500 (100.00%)
[control] avg: 0.000 (min: 0.000 - max: 0.000)
##### zentel_CHK1_5M #####
[rand_rows_rep_flip_count] avg: 151.630 (min: 147.000 - max: 158.000)
[rand_rows_rep_jintra] avg: 0.979 (min: 0.930 - max: 1.000)
[rand_rows_rep_flip_count] avg: 205.960 (min: 200.000 - max: 215.000)
[rand_rows_rep_jintra] avg: 0.972 (min: 0.926 - max: 1.000)
[rand_rows_rep_flip_count] avg: 220.240 (min: 213.000 - max: 232.000)
[rand_rows_rep_jintra] avg: 0.967 (min: 0.918 - max: 1.000)
[rand_rows_rep_flip_count] avg: 154.180 (min: 149.000 - max: 166.000)
[rand_rows_rep_jintra] avg: 0.958 (min: 0.881 - max: 1.000)
[rand_rows_rep_flip_count] avg: 171.050 (min: 165.000 - max: 178.000)
[rand_rows_rep_jintra] avg: 0.967 (min: 0.916 - max: 1.000)
[rand_rows_rep_flip_count] avg: 171.460 (min: 167.000 - max: 182.000)
[rand_rows_rep_jintra] avg: 0.964 (min: 0.916 - max: 1.000)
[rand_rows_rep_flip_count] avg: 163.460 (min: 158.000 - max: 175.000)
[rand_rows_rep_jintra] avg: 0.957 (min: 0.891 - max: 1.000)
[rand_rows_rep_flip_count] avg: 197.340 (min: 190.000 - max: 207.000)
[rand_rows_rep_jintra] avg: 0.969 (min: 0.918 - max: 1.000)
[rand_rows_rep_flip_count] avg: 149.690 (min: 146.000 - max: 155.000)
[rand_rows_rep_jintra] avg: 0.973 (min: 0.929 - max: 1.000)
[rand_rows_rep_flip_count] avg: 149.140 (min: 145.000 - max: 156.000)
[rand_rows_rep_jintra] avg: 0.970 (min: 0.929 - max: 1.000)
[rand_rows_rep_flip_count] avg: 158.170 (min: 152.000 - max: 168.000)
[rand_rows_rep_jintra] avg: 0.953 (min: 0.888 - max: 1.000)
[rand_rows_rep_flip_count] avg: 210.460 (min: 205.000 - max: 218.000)
[rand_rows_rep_jintra] avg: 0.968 (min: 0.919 - max: 1.000)
[rand_rows_rep_flip_count] avg: 198.290 (min: 190.000 - max: 207.000)
[rand_rows_rep_jintra] avg: 0.963 (min: 0.909 - max: 0.995)
[rand_rows_rep_flip_count] avg: 211.420 (min: 205.000 - max: 226.000)
[rand_rows_rep_jintra] avg: 0.963 (min: 0.907 - max: 1.000)
[rand_rows_rep_flip_count] avg: 214.840 (min: 208.000 - max: 228.000)
[rand_rows_rep_jintra] avg: 0.970 (min: 0.912 - max: 1.000)
[rand_rows_rep_flip_count] avg: 198.510 (min: 190.000 - max: 211.000)
[rand_rows_rep_jintra] avg: 0.955 (min: 0.887 - max: 0.995)
[rand_rows_rep_flip_count] avg: 160.180 (min: 155.000 - max: 168.000)
[rand_rows_rep_jintra] avg: 0.963 (min: 0.906 - max: 1.000)
[rand_rows_rep_flip_count] avg: 176.750 (min: 171.000 - max: 182.000)
[rand_rows_rep_jintra] avg: 0.971 (min: 0.929 - max: 1.000)
[rand_rows_rep_flip_count] avg: 177.460 (min: 170.000 - max: 182.000)
[rand_rows_rep_jintra] avg: 0.973 (min: 0.919 - max: 1.000)
[rand_rows_rep_flip_count] avg: 175.010 (min: 169.000 - max: 183.000)
[rand_rows_rep_jintra] avg: 0.972 (min: 0.923 - max: 1.000)
[rand_rows_rep_flip_count] avg: 137.370 (min: 134.000 - max: 144.000)
[rand_rows_rep_jintra] avg: 0.971 (min: 0.917 - max: 1.000)
[rand_rows_rep_flip_count] avg: 159.180 (min: 155.000 - max: 165.000)
[rand_rows_rep_jintra] avg: 0.976 (min: 0.934 - max: 1.000)
[rand_rows_rep_flip_count] avg: 214.080 (min: 205.000 - max: 225.000)
[rand_rows_rep_jintra] avg: 0.961 (min: 0.903 - max: 0.995)
[rand_rows_rep_flip_count] avg: 166.630 (min: 162.000 - max: 174.000)
[rand_rows_rep_jintra] avg: 0.974 (min: 0.926 - max: 1.000)
[rand_rows_rep_flip_count] avg: 145.490 (min: 139.000 - max: 153.000)
[rand_rows_rep_jintra] avg: 0.967 (min: 0.903 - max: 1.000)
[rand_rows_rep_flip_count] avg: 206.660 (min: 199.000 - max: 220.000)
[rand_rows_rep_jintra] avg: 0.967 (min: 0.905 - max: 1.000)
[rand_rows_rep_flip_count] avg: 152.030 (min: 148.000 - max: 160.000)
[rand_rows_rep_jintra] avg: 0.979 (min: 0.925 - max: 1.000)
[rand_rows_rep_flip_count] avg: 158.070 (min: 151.000 - max: 165.000)
[rand_rows_rep_jintra] avg: 0.967 (min: 0.909 - max: 1.000)
[rand_rows_rep_flip_count] avg: 228.770 (min: 220.000 - max: 242.000)
[rand_rows_rep_jintra] avg: 0.952 (min: 0.893 - max: 0.991)
[rand_rows_rep_flip_count] avg: 235.310 (min: 230.000 - max: 248.000)
[rand_rows_rep_jintra] avg: 0.976 (min: 0.927 - max: 1.000)
[rand_rows_rep_flip_count] avg: 139.500 (min: 136.000 - max: 147.000)
[rand_rows_rep_jintra] avg: 0.975 (min: 0.919 - max: 1.000)
[rand_rows_rep_flip_count] avg: 170.450 (min: 161.000 - max: 174.000)
[rand_rows_rep_jintra] avg: 0.976 (min: 0.920 - max: 1.000)
[rand_rows_rep_flip_count] avg: 207.840 (min: 203.000 - max: 216.000)
[rand_rows_rep_jintra] avg: 0.971 (min: 0.919 - max: 1.000)
[rand_rows_rep_flip_count] avg: 209.780 (min: 203.000 - max: 221.000)
[rand_rows_rep_jintra] avg: 0.969 (min: 0.919 - max: 1.000)
[rand_rows_rep_flip_count] avg: 166.580 (min: 154.000 - max: 172.000)
[rand_rows_rep_jintra] avg: 0.969 (min: 0.895 - max: 1.000)
[rand_rows_rep_flip_count] avg: 160.440 (min: 155.000 - max: 168.000)
[rand_rows_rep_jintra] avg: 0.971 (min: 0.918 - max: 1.000)
[rand_rows_rep_flip_count] avg: 197.240 (min: 188.000 - max: 208.000)
[rand_rows_rep_jintra] avg: 0.958 (min: 0.895 - max: 1.000)
[rand_rows_rep_flip_count] avg: 156.900 (min: 152.000 - max: 166.000)
[rand_rows_rep_jintra] avg: 0.962 (min: 0.892 - max: 1.000)
[rand_rows_rep_flip_count] avg: 144.750 (min: 135.000 - max: 153.000)
[rand_rows_rep_jintra] avg: 0.946 (min: 0.870 - max: 1.000)
[rand_rows_rep_flip_count] avg: 222.720 (min: 216.000 - max: 232.000)
[rand_rows_rep_jintra] avg: 0.970 (min: 0.927 - max: 1.000)
[rand_rows_rep_flip_count] avg: 179.260 (min: 172.000 - max: 191.000)
[rand_rows_rep_jintra] avg: 0.964 (min: 0.896 - max: 1.000)
[rand_rows_rep_flip_count] avg: 166.150 (min: 162.000 - max: 174.000)
[rand_rows_rep_jintra] avg: 0.978 (min: 0.926 - max: 1.000)
[rand_rows_rep_flip_count] avg: 185.520 (min: 170.000 - max: 193.000)
[rand_rows_rep_jintra] avg: 0.960 (min: 0.881 - max: 1.000)
[rand_rows_rep_flip_count] avg: 196.440 (min: 190.000 - max: 208.000)
[rand_rows_rep_jintra] avg: 0.969 (min: 0.913 - max: 1.000)
[rand_rows_rep_flip_count] avg: 167.190 (min: 157.000 - max: 177.000)
[rand_rows_rep_jintra] avg: 0.967 (min: 0.887 - max: 1.000)
[rand_rows_rep_flip_count] avg: 142.590 (min: 138.000 - max: 152.000)
[rand_rows_rep_jintra] avg: 0.968 (min: 0.907 - max: 1.000)
[rand_rows_rep_flip_count] avg: 138.530 (min: 133.000 - max: 149.000)
[rand_rows_rep_jintra] avg: 0.950 (min: 0.881 - max: 1.000)
[rand_rows_rep_flip_count] avg: 198.650 (min: 191.000 - max: 212.000)
[rand_rows_rep_jintra] avg: 0.964 (min: 0.901 - max: 1.000)
[rand_rows_rep_flip_count] avg: 160.750 (min: 157.000 - max: 167.000)
[rand_rows_rep_jintra] avg: 0.978 (min: 0.935 - max: 1.000)
[rand_rows_rep_flip_count] avg: 242.820 (min: 238.000 - max: 248.000)
[rand_rows_rep_jintra] avg: 0.985 (min: 0.952 - max: 1.000)
##### zentel_CHK1_5M #####
[rand_rows_uniq_flip_count] avg: 181.352 (min: 67.000 - max: 303.000)
[rand_rows_uniq] col distr entropy: 13.995 bits
[zentel_CHK1_5Mjinter] avg: 0.006 (min: 0.000 - max: 0.061)
[zentel_CHK1_5Mjinter_exp] avg: 0.005 (min: 0.002 - max: 0.009)
##### zentel_CHK1_5M #####
[seq_rows_rep_flip_count] avg: 202.440 (min: 194.000 - max: 214.000)
[seq_rows_rep_jintra] avg: 0.960 (min: 0.907 - max: 1.000)
[seq_rows_rep_flip_count] avg: 135.070 (min: 132.000 - max: 140.000)
[seq_rows_rep_jintra] avg: 0.978 (min: 0.929 - max: 1.000)
[seq_rows_rep_flip_count] avg: 134.200 (min: 129.000 - max: 142.000)
[seq_rows_rep_jintra] avg: 0.960 (min: 0.888 - max: 1.000)
[seq_rows_rep_flip_count] avg: 149.690 (min: 145.000 - max: 160.000)
[seq_rows_rep_jintra] avg: 0.963 (min: 0.902 - max: 1.000)
[seq_rows_rep_flip_count] avg: 159.590 (min: 154.000 - max: 173.000)
[seq_rows_rep_jintra] avg: 0.962 (min: 0.890 - max: 1.000)
[seq_rows_rep_flip_count] avg: 199.720 (min: 195.000 - max: 208.000)
[seq_rows_rep_jintra] avg: 0.976 (min: 0.928 - max: 1.000)
[seq_rows_rep_flip_count] avg: 177.800 (min: 170.000 - max: 190.000)
[seq_rows_rep_jintra] avg: 0.948 (min: 0.885 - max: 0.994)
[seq_rows_rep_flip_count] avg: 196.040 (min: 190.000 - max: 205.000)
[seq_rows_rep_jintra] avg: 0.970 (min: 0.909 - max: 1.000)
[seq_rows_rep_flip_count] avg: 158.060 (min: 154.000 - max: 169.000)
[seq_rows_rep_jintra] avg: 0.964 (min: 0.900 - max: 1.000)
[seq_rows_rep_flip_count] avg: 204.260 (min: 200.000 - max: 212.000)
[seq_rows_rep_jintra] avg: 0.983 (min: 0.934 - max: 1.000)
[seq_rows_rep_flip_count] avg: 172.110 (min: 167.000 - max: 188.000)
[seq_rows_rep_jintra] avg: 0.962 (min: 0.888 - max: 1.000)
[seq_rows_rep_flip_count] avg: 219.400 (min: 209.000 - max: 232.000)
[seq_rows_rep_jintra] avg: 0.958 (min: 0.898 - max: 0.995)
[seq_rows_rep_flip_count] avg: 147.230 (min: 144.000 - max: 155.000)
[seq_rows_rep_jintra] avg: 0.972 (min: 0.911 - max: 1.000)
[seq_rows_rep_flip_count] avg: 194.190 (min: 186.000 - max: 207.000)
[seq_rows_rep_jintra] avg: 0.953 (min: 0.894 - max: 1.000)
[seq_rows_rep_flip_count] avg: 180.950 (min: 173.000 - max: 191.000)
[seq_rows_rep_jintra] avg: 0.958 (min: 0.896 - max: 1.000)
[seq_rows_rep_flip_count] avg: 172.550 (min: 166.000 - max: 181.000)
[seq_rows_rep_jintra] avg: 0.965 (min: 0.912 - max: 1.000)
[seq_rows_rep_flip_count] avg: 204.530 (min: 197.000 - max: 215.000)
[seq_rows_rep_jintra] avg: 0.964 (min: 0.908 - max: 1.000)
[seq_rows_rep_flip_count] avg: 211.150 (min: 203.000 - max: 222.000)
[seq_rows_rep_jintra] avg: 0.962 (min: 0.906 - max: 1.000)
[seq_rows_rep_flip_count] avg: 205.360 (min: 200.000 - max: 214.000)
[seq_rows_rep_jintra] avg: 0.971 (min: 0.921 - max: 1.000)
[seq_rows_rep_flip_count] avg: 190.220 (min: 180.000 - max: 205.000)
[seq_rows_rep_jintra] avg: 0.949 (min: 0.877 - max: 1.000)
[seq_rows_rep_flip_count] avg: 184.500 (min: 181.000 - max: 193.000)
[seq_rows_rep_jintra] avg: 0.979 (min: 0.933 - max: 1.000)
[seq_rows_rep_flip_count] avg: 170.860 (min: 166.000 - max: 179.000)
[seq_rows_rep_jintra] avg: 0.970 (min: 0.927 - max: 1.000)
[seq_rows_rep_flip_count] avg: 216.600 (min: 211.000 - max: 226.000)
[seq_rows_rep_jintra] avg: 0.973 (min: 0.921 - max: 1.000)
[seq_rows_rep_flip_count] avg: 128.700 (min: 125.000 - max: 136.000)
[seq_rows_rep_jintra] avg: 0.967 (min: 0.905 - max: 1.000)
[seq_rows_rep_flip_count] avg: 155.000 (min: 149.000 - max: 167.000)
[seq_rows_rep_jintra] avg: 0.961 (min: 0.892 - max: 1.000)
[seq_rows_rep_flip_count] avg: 217.320 (min: 212.000 - max: 224.000)
[seq_rows_rep_jintra] avg: 0.974 (min: 0.938 - max: 1.000)
[seq_rows_rep_flip_count] avg: 226.400 (min: 222.000 - max: 235.000)
[seq_rows_rep_jintra] avg: 0.977 (min: 0.936 - max: 1.000)
[seq_rows_rep_flip_count] avg: 202.820 (min: 195.000 - max: 214.000)
[seq_rows_rep_jintra] avg: 0.959 (min: 0.894 - max: 1.000)
[seq_rows_rep_flip_count] avg: 157.950 (min: 152.000 - max: 169.000)
[seq_rows_rep_jintra] avg: 0.961 (min: 0.888 - max: 1.000)
[seq_rows_rep_flip_count] avg: 192.870 (min: 187.000 - max: 204.000)
[seq_rows_rep_jintra] avg: 0.964 (min: 0.895 - max: 1.000)
[seq_rows_rep_flip_count] avg: 148.480 (min: 141.000 - max: 158.000)
[seq_rows_rep_jintra] avg: 0.959 (min: 0.892 - max: 1.000)
[seq_rows_rep_flip_count] avg: 144.110 (min: 138.000 - max: 156.000)
[seq_rows_rep_jintra] avg: 0.949 (min: 0.872 - max: 1.000)
[seq_rows_rep_flip_count] avg: 203.900 (min: 196.000 - max: 215.000)
[seq_rows_rep_jintra] avg: 0.965 (min: 0.907 - max: 1.000)
[seq_rows_rep_flip_count] avg: 218.390 (min: 212.000 - max: 231.000)
[seq_rows_rep_jintra] avg: 0.962 (min: 0.910 - max: 0.995)
[seq_rows_rep_flip_count] avg: 149.660 (min: 144.000 - max: 160.000)
[seq_rows_rep_jintra] avg: 0.954 (min: 0.888 - max: 1.000)
[seq_rows_rep_flip_count] avg: 257.660 (min: 252.000 - max: 264.000)
[seq_rows_rep_jintra] avg: 0.977 (min: 0.947 - max: 1.000)
[seq_rows_rep_flip_count] avg: 161.430 (min: 155.000 - max: 171.000)
[seq_rows_rep_jintra] avg: 0.965 (min: 0.901 - max: 1.000)
[seq_rows_rep_flip_count] avg: 211.860 (min: 205.000 - max: 223.000)
[seq_rows_rep_jintra] avg: 0.965 (min: 0.911 - max: 1.000)
[seq_rows_rep_flip_count] avg: 139.510 (min: 135.000 - max: 149.000)
[seq_rows_rep_jintra] avg: 0.966 (min: 0.906 - max: 1.000)
[seq_rows_rep_flip_count] avg: 207.910 (min: 203.000 - max: 219.000)
[seq_rows_rep_jintra] avg: 0.973 (min: 0.918 - max: 1.000)
[seq_rows_rep_flip_count] avg: 187.420 (min: 180.000 - max: 197.000)
[seq_rows_rep_jintra] avg: 0.965 (min: 0.914 - max: 1.000)
[seq_rows_rep_flip_count] avg: 228.960 (min: 222.000 - max: 237.000)
[seq_rows_rep_jintra] avg: 0.974 (min: 0.932 - max: 1.000)
[seq_rows_rep_flip_count] avg: 227.780 (min: 220.000 - max: 238.000)
[seq_rows_rep_jintra] avg: 0.971 (min: 0.924 - max: 1.000)
[seq_rows_rep_flip_count] avg: 212.500 (min: 205.000 - max: 221.000)
[seq_rows_rep_jintra] avg: 0.964 (min: 0.919 - max: 1.000)
[seq_rows_rep_flip_count] avg: 168.370 (min: 163.000 - max: 179.000)
[seq_rows_rep_jintra] avg: 0.972 (min: 0.911 - max: 1.000)
[seq_rows_rep_flip_count] avg: 147.020 (min: 144.000 - max: 152.000)
[seq_rows_rep_jintra] avg: 0.979 (min: 0.947 - max: 1.000)
[seq_rows_rep_flip_count] avg: 164.140 (min: 158.000 - max: 172.000)
[seq_rows_rep_jintra] avg: 0.968 (min: 0.919 - max: 1.000)
[seq_rows_rep_flip_count] avg: 166.980 (min: 161.000 - max: 178.000)
[seq_rows_rep_jintra] avg: 0.952 (min: 0.883 - max: 1.000)
[seq_rows_rep_flip_count] avg: 137.350 (min: 133.000 - max: 144.000)
[seq_rows_rep_jintra] avg: 0.973 (min: 0.917 - max: 1.000)
[seq_rows_rep_flip_count] avg: 226.480 (min: 220.000 - max: 237.000)
[seq_rows_rep_jintra] avg: 0.969 (min: 0.916 - max: 1.000)
