analyzing data
zentel
ROS1
10000000
./logs/zentel
##### zentel_ROS1_10M #####
[control] control passed 500/500 (100.00%)
[control] avg: 0.000 (min: 0.000 - max: 0.000)
##### zentel_ROS1_10M #####
[rand_rows_rep_flip_count] avg: 466.790 (min: 458.000 - max: 486.000)
[rand_rows_rep_jintra] avg: 0.978 (min: 0.938 - max: 0.998)
[rand_rows_rep_flip_count] avg: 577.960 (min: 568.000 - max: 596.000)
[rand_rows_rep_jintra] avg: 0.979 (min: 0.943 - max: 0.998)
[rand_rows_rep_flip_count] avg: 652.720 (min: 644.000 - max: 667.000)
[rand_rows_rep_jintra] avg: 0.980 (min: 0.957 - max: 0.995)
[rand_rows_rep_flip_count] avg: 503.940 (min: 496.000 - max: 516.000)
[rand_rows_rep_jintra] avg: 0.980 (min: 0.956 - max: 0.998)
[rand_rows_rep_flip_count] avg: 471.150 (min: 461.000 - max: 484.000)
[rand_rows_rep_jintra] avg: 0.978 (min: 0.951 - max: 0.996)
[rand_rows_rep_flip_count] avg: 518.200 (min: 506.000 - max: 539.000)
[rand_rows_rep_jintra] avg: 0.974 (min: 0.937 - max: 0.996)
[rand_rows_rep_flip_count] avg: 423.760 (min: 415.000 - max: 443.000)
[rand_rows_rep_jintra] avg: 0.971 (min: 0.932 - max: 0.995)
[rand_rows_rep_flip_count] avg: 590.000 (min: 582.000 - max: 612.000)
[rand_rows_rep_jintra] avg: 0.978 (min: 0.946 - max: 0.998)
[rand_rows_rep_flip_count] avg: 522.840 (min: 513.000 - max: 548.000)
[rand_rows_rep_jintra] avg: 0.976 (min: 0.934 - max: 0.998)
[rand_rows_rep_flip_count] avg: 507.360 (min: 501.000 - max: 521.000)
[rand_rows_rep_jintra] avg: 0.979 (min: 0.954 - max: 0.996)
[rand_rows_rep_flip_count] avg: 463.300 (min: 452.000 - max: 481.000)
[rand_rows_rep_jintra] avg: 0.972 (min: 0.940 - max: 0.996)
[rand_rows_rep_flip_count] avg: 610.890 (min: 600.000 - max: 633.000)
[rand_rows_rep_jintra] avg: 0.977 (min: 0.948 - max: 0.995)
[rand_rows_rep_flip_count] avg: 627.070 (min: 617.000 - max: 638.000)
[rand_rows_rep_jintra] avg: 0.982 (min: 0.964 - max: 0.998)
[rand_rows_rep_flip_count] avg: 607.250 (min: 598.000 - max: 620.000)
[rand_rows_rep_jintra] avg: 0.982 (min: 0.957 - max: 0.998)
[rand_rows_rep_flip_count] avg: 574.780 (min: 562.000 - max: 590.000)
[rand_rows_rep_jintra] avg: 0.976 (min: 0.946 - max: 0.997)
[rand_rows_rep_flip_count] avg: 614.930 (min: 607.000 - max: 637.000)
[rand_rows_rep_jintra] avg: 0.981 (min: 0.950 - max: 0.997)
[rand_rows_rep_flip_count] avg: 485.210 (min: 473.000 - max: 503.000)
[rand_rows_rep_jintra] avg: 0.966 (min: 0.927 - max: 0.990)
[rand_rows_rep_flip_count] avg: 573.000 (min: 563.000 - max: 597.000)
[rand_rows_rep_jintra] avg: 0.975 (min: 0.938 - max: 0.997)
[rand_rows_rep_flip_count] avg: 541.290 (min: 532.000 - max: 549.000)
[rand_rows_rep_jintra] avg: 0.984 (min: 0.964 - max: 1.000)
[rand_rows_rep_flip_count] avg: 524.990 (min: 519.000 - max: 532.000)
[rand_rows_rep_jintra] avg: 0.983 (min: 0.961 - max: 1.000)
[rand_rows_rep_flip_count] avg: 433.320 (min: 426.000 - max: 451.000)
[rand_rows_rep_jintra] avg: 0.981 (min: 0.945 - max: 0.998)
[rand_rows_rep_flip_count] avg: 455.800 (min: 446.000 - max: 478.000)
[rand_rows_rep_jintra] avg: 0.976 (min: 0.929 - max: 0.998)
[rand_rows_rep_flip_count] avg: 637.560 (min: 627.000 - max: 651.000)
[rand_rows_rep_jintra] avg: 0.982 (min: 0.957 - max: 0.997)
[rand_rows_rep_flip_count] avg: 474.470 (min: 466.000 - max: 493.000)
[rand_rows_rep_jintra] avg: 0.980 (min: 0.941 - max: 0.998)
[rand_rows_rep_flip_count] avg: 470.740 (min: 464.000 - max: 484.000)
[rand_rows_rep_jintra] avg: 0.980 (min: 0.935 - max: 0.998)
[rand_rows_rep_flip_count] avg: 603.100 (min: 595.000 - max: 619.000)
[rand_rows_rep_jintra] avg: 0.983 (min: 0.956 - max: 0.998)
[rand_rows_rep_flip_count] avg: 493.760 (min: 487.000 - max: 508.000)
[rand_rows_rep_jintra] avg: 0.985 (min: 0.951 - max: 1.000)
[rand_rows_rep_flip_count] avg: 523.010 (min: 501.000 - max: 531.000)
[rand_rows_rep_jintra] avg: 0.984 (min: 0.929 - max: 1.000)
[rand_rows_rep_flip_count] avg: 620.050 (min: 611.000 - max: 641.000)
[rand_rows_rep_jintra] avg: 0.978 (min: 0.946 - max: 0.997)
[rand_rows_rep_flip_count] avg: 651.970 (min: 644.000 - max: 670.000)
[rand_rows_rep_jintra] avg: 0.979 (min: 0.952 - max: 0.995)
[rand_rows_rep_flip_count] avg: 402.430 (min: 396.000 - max: 418.000)
[rand_rows_rep_jintra] avg: 0.982 (min: 0.940 - max: 1.000)
[rand_rows_rep_flip_count] avg: 483.370 (min: 474.000 - max: 493.000)
[rand_rows_rep_jintra] avg: 0.979 (min: 0.946 - max: 1.000)
[rand_rows_rep_flip_count] avg: 586.840 (min: 578.000 - max: 607.000)
[rand_rows_rep_jintra] avg: 0.981 (min: 0.951 - max: 0.998)
[rand_rows_rep_flip_count] avg: 605.260 (min: 594.000 - max: 630.000)
[rand_rows_rep_jintra] avg: 0.972 (min: 0.935 - max: 0.992)
[rand_rows_rep_flip_count] avg: 501.470 (min: 493.000 - max: 517.000)
[rand_rows_rep_jintra] avg: 0.981 (min: 0.939 - max: 1.000)
[rand_rows_rep_flip_count] avg: 507.070 (min: 499.000 - max: 526.000)
[rand_rows_rep_jintra] avg: 0.976 (min: 0.947 - max: 0.996)
[rand_rows_rep_flip_count] avg: 516.190 (min: 507.000 - max: 530.000)
[rand_rows_rep_jintra] avg: 0.981 (min: 0.953 - max: 1.000)
[rand_rows_rep_flip_count] avg: 480.940 (min: 474.000 - max: 499.000)
[rand_rows_rep_jintra] avg: 0.980 (min: 0.942 - max: 0.998)
[rand_rows_rep_flip_count] avg: 458.830 (min: 451.000 - max: 474.000)
[rand_rows_rep_jintra] avg: 0.981 (min: 0.951 - max: 1.000)
[rand_rows_rep_flip_count] avg: 610.570 (min: 588.000 - max: 621.000)
[rand_rows_rep_jintra] avg: 0.981 (min: 0.938 - max: 0.998)
[rand_rows_rep_flip_count] avg: 554.320 (min: 547.000 - max: 581.000)
[rand_rows_rep_jintra] avg: 0.975 (min: 0.933 - max: 0.996)
[rand_rows_rep_flip_count] avg: 531.660 (min: 522.000 - max: 547.000)
[rand_rows_rep_jintra] avg: 0.977 (min: 0.944 - max: 0.994)
[rand_rows_rep_flip_count] avg: 486.010 (min: 476.000 - max: 494.000)
[rand_rows_rep_jintra] avg: 0.985 (min: 0.960 - max: 1.000)
[rand_rows_rep_flip_count] avg: 546.460 (min: 539.000 - max: 560.000)
[rand_rows_rep_jintra] avg: 0.980 (min: 0.956 - max: 0.998)
[rand_rows_rep_flip_count] avg: 502.720 (min: 486.000 - max: 514.000)
[rand_rows_rep_jintra] avg: 0.979 (min: 0.940 - max: 1.000)
[rand_rows_rep_flip_count] avg: 480.800 (min: 472.000 - max: 497.000)
[rand_rows_rep_jintra] avg: 0.980 (min: 0.950 - max: 0.998)
[rand_rows_rep_flip_count] avg: 460.120 (min: 454.000 - max: 477.000)
[rand_rows_rep_jintra] avg: 0.984 (min: 0.952 - max: 1.000)
[rand_rows_rep_flip_count] avg: 577.820 (min: 564.000 - max: 586.000)
[rand_rows_rep_jintra] avg: 0.979 (min: 0.957 - max: 1.000)
[rand_rows_rep_flip_count] avg: 522.720 (min: 515.000 - max: 537.000)
[rand_rows_rep_jintra] avg: 0.980 (min: 0.946 - max: 0.998)
[rand_rows_rep_flip_count] avg: 619.350 (min: 611.000 - max: 639.000)
[rand_rows_rep_jintra] avg: 0.981 (min: 0.950 - max: 1.000)
##### zentel_ROS1_10M #####
[rand_rows_uniq_flip_count] avg: 534.845 (min: 281.000 - max: 772.000)
[rand_rows_uniq] col distr entropy: 13.998 bits
[zentel_ROS1_10Mjinter] avg: 0.017 (min: 0.000 - max: 0.075)
[zentel_ROS1_10Mjinter_exp] avg: 0.016 (min: 0.009 - max: 0.024)
##### zentel_ROS1_10M #####
[seq_rows_rep_flip_count] avg: 583.780 (min: 576.000 - max: 605.000)
[seq_rows_rep_jintra] avg: 0.977 (min: 0.942 - max: 0.998)
[seq_rows_rep_flip_count] avg: 486.420 (min: 476.000 - max: 502.000)
[seq_rows_rep_jintra] avg: 0.979 (min: 0.944 - max: 0.998)
[seq_rows_rep_flip_count] avg: 468.900 (min: 462.000 - max: 489.000)
[seq_rows_rep_jintra] avg: 0.977 (min: 0.935 - max: 0.996)
[seq_rows_rep_flip_count] avg: 507.290 (min: 499.000 - max: 526.000)
[seq_rows_rep_jintra] avg: 0.978 (min: 0.939 - max: 0.996)
[seq_rows_rep_flip_count] avg: 539.030 (min: 533.000 - max: 555.000)
[seq_rows_rep_jintra] avg: 0.982 (min: 0.952 - max: 0.998)
[seq_rows_rep_flip_count] avg: 573.230 (min: 565.000 - max: 587.000)
[seq_rows_rep_jintra] avg: 0.980 (min: 0.953 - max: 0.998)
[seq_rows_rep_flip_count] avg: 556.520 (min: 546.000 - max: 577.000)
[seq_rows_rep_jintra] avg: 0.973 (min: 0.936 - max: 0.996)
[seq_rows_rep_flip_count] avg: 517.110 (min: 508.000 - max: 532.000)
[seq_rows_rep_jintra] avg: 0.976 (min: 0.948 - max: 0.994)
[seq_rows_rep_flip_count] avg: 521.870 (min: 517.000 - max: 537.000)
[seq_rows_rep_jintra] avg: 0.986 (min: 0.959 - max: 1.000)
[seq_rows_rep_flip_count] avg: 579.430 (min: 569.000 - max: 615.000)
[seq_rows_rep_jintra] avg: 0.972 (min: 0.917 - max: 0.995)
[seq_rows_rep_flip_count] avg: 494.750 (min: 487.000 - max: 513.000)
[seq_rows_rep_jintra] avg: 0.978 (min: 0.946 - max: 0.996)
[seq_rows_rep_flip_count] avg: 559.910 (min: 550.000 - max: 584.000)
[seq_rows_rep_jintra] avg: 0.970 (min: 0.930 - max: 0.995)
[seq_rows_rep_flip_count] avg: 496.930 (min: 490.000 - max: 517.000)
[seq_rows_rep_jintra] avg: 0.979 (min: 0.944 - max: 0.996)
[seq_rows_rep_flip_count] avg: 601.460 (min: 593.000 - max: 617.000)
[seq_rows_rep_jintra] avg: 0.978 (min: 0.955 - max: 0.998)
[seq_rows_rep_flip_count] avg: 491.040 (min: 483.000 - max: 503.000)
[seq_rows_rep_jintra] avg: 0.979 (min: 0.952 - max: 0.996)
[seq_rows_rep_flip_count] avg: 477.430 (min: 473.000 - max: 486.000)
[seq_rows_rep_jintra] avg: 0.982 (min: 0.961 - max: 0.998)
[seq_rows_rep_flip_count] avg: 575.710 (min: 564.000 - max: 594.000)
[seq_rows_rep_jintra] avg: 0.979 (min: 0.945 - max: 0.998)
[seq_rows_rep_flip_count] avg: 620.850 (min: 608.000 - max: 637.000)
[seq_rows_rep_jintra] avg: 0.978 (min: 0.953 - max: 0.997)
[seq_rows_rep_flip_count] avg: 600.770 (min: 587.000 - max: 623.000)
[seq_rows_rep_jintra] avg: 0.973 (min: 0.938 - max: 0.997)
[seq_rows_rep_flip_count] avg: 553.900 (min: 543.000 - max: 567.000)
[seq_rows_rep_jintra] avg: 0.980 (min: 0.954 - max: 0.996)
[seq_rows_rep_flip_count] avg: 572.700 (min: 565.000 - max: 589.000)
[seq_rows_rep_jintra] avg: 0.979 (min: 0.951 - max: 0.997)
[seq_rows_rep_flip_count] avg: 501.090 (min: 495.000 - max: 518.000)
[seq_rows_rep_jintra] avg: 0.983 (min: 0.950 - max: 1.000)
[seq_rows_rep_flip_count] avg: 623.420 (min: 615.000 - max: 640.000)
[seq_rows_rep_jintra] avg: 0.981 (min: 0.955 - max: 0.995)
[seq_rows_rep_flip_count] avg: 487.220 (min: 479.000 - max: 500.000)
[seq_rows_rep_jintra] avg: 0.978 (min: 0.950 - max: 0.998)
[seq_rows_rep_flip_count] avg: 488.610 (min: 477.000 - max: 508.000)
[seq_rows_rep_jintra] avg: 0.975 (min: 0.937 - max: 0.996)
[seq_rows_rep_flip_count] avg: 615.630 (min: 608.000 - max: 634.000)
[seq_rows_rep_jintra] avg: 0.983 (min: 0.954 - max: 1.000)
[seq_rows_rep_flip_count] avg: 608.960 (min: 599.000 - max: 626.000)
[seq_rows_rep_jintra] avg: 0.980 (min: 0.954 - max: 0.997)
[seq_rows_rep_flip_count] avg: 544.610 (min: 531.000 - max: 567.000)
[seq_rows_rep_jintra] avg: 0.980 (min: 0.937 - max: 0.998)
[seq_rows_rep_flip_count] avg: 524.330 (min: 517.000 - max: 546.000)
[seq_rows_rep_jintra] avg: 0.982 (min: 0.945 - max: 0.998)
[seq_rows_rep_flip_count] avg: 581.630 (min: 571.000 - max: 603.000)
[seq_rows_rep_jintra] avg: 0.978 (min: 0.942 - max: 0.998)
[seq_rows_rep_flip_count] avg: 470.320 (min: 463.000 - max: 483.000)
[seq_rows_rep_jintra] avg: 0.976 (min: 0.949 - max: 1.000)
[seq_rows_rep_flip_count] avg: 513.810 (min: 506.000 - max: 530.000)
[seq_rows_rep_jintra] avg: 0.975 (min: 0.936 - max: 0.994)
[seq_rows_rep_flip_count] avg: 603.750 (min: 593.000 - max: 628.000)
[seq_rows_rep_jintra] avg: 0.976 (min: 0.943 - max: 0.997)
[seq_rows_rep_flip_count] avg: 577.780 (min: 570.000 - max: 594.000)
[seq_rows_rep_jintra] avg: 0.979 (min: 0.953 - max: 0.997)
[seq_rows_rep_flip_count] avg: 476.560 (min: 469.000 - max: 488.000)
[seq_rows_rep_jintra] avg: 0.978 (min: 0.949 - max: 0.998)
[seq_rows_rep_flip_count] avg: 631.550 (min: 623.000 - max: 649.000)
[seq_rows_rep_jintra] avg: 0.979 (min: 0.955 - max: 0.997)
[seq_rows_rep_flip_count] avg: 489.760 (min: 480.000 - max: 507.000)
[seq_rows_rep_jintra] avg: 0.976 (min: 0.943 - max: 0.996)
[seq_rows_rep_flip_count] avg: 563.470 (min: 551.000 - max: 586.000)
[seq_rows_rep_jintra] avg: 0.972 (min: 0.934 - max: 0.995)
[seq_rows_rep_flip_count] avg: 457.120 (min: 452.000 - max: 467.000)
[seq_rows_rep_jintra] avg: 0.985 (min: 0.957 - max: 1.000)
[seq_rows_rep_flip_count] avg: 595.680 (min: 588.000 - max: 609.000)
[seq_rows_rep_jintra] avg: 0.982 (min: 0.959 - max: 0.997)
[seq_rows_rep_flip_count] avg: 518.540 (min: 511.000 - max: 538.000)
[seq_rows_rep_jintra] avg: 0.982 (min: 0.943 - max: 1.000)
[seq_rows_rep_flip_count] avg: 594.110 (min: 588.000 - max: 618.000)
[seq_rows_rep_jintra] avg: 0.980 (min: 0.942 - max: 0.998)
[seq_rows_rep_flip_count] avg: 553.640 (min: 540.000 - max: 568.000)
[seq_rows_rep_jintra] avg: 0.975 (min: 0.947 - max: 0.993)
[seq_rows_rep_flip_count] avg: 571.520 (min: 558.000 - max: 587.000)
[seq_rows_rep_jintra] avg: 0.977 (min: 0.942 - max: 0.997)
[seq_rows_rep_flip_count] avg: 488.550 (min: 481.000 - max: 502.000)
[seq_rows_rep_jintra] avg: 0.979 (min: 0.949 - max: 0.998)
[seq_rows_rep_flip_count] avg: 451.430 (min: 444.000 - max: 468.000)
[seq_rows_rep_jintra] avg: 0.976 (min: 0.939 - max: 0.996)
[seq_rows_rep_flip_count] avg: 464.120 (min: 458.000 - max: 478.000)
[seq_rows_rep_jintra] avg: 0.981 (min: 0.946 - max: 0.998)
[seq_rows_rep_flip_count] avg: 529.440 (min: 521.000 - max: 546.000)
[seq_rows_rep_jintra] avg: 0.977 (min: 0.951 - max: 0.996)
[seq_rows_rep_flip_count] avg: 484.090 (min: 478.000 - max: 499.000)
[seq_rows_rep_jintra] avg: 0.980 (min: 0.956 - max: 0.998)
[seq_rows_rep_flip_count] avg: 612.680 (min: 604.000 - max: 632.000)
[seq_rows_rep_jintra] avg: 0.982 (min: 0.948 - max: 0.998)
