analyzing data
zentel
CHK1
10000000
./logs/zentel
##### zentel_CHK1_10M #####
[control] control passed 500/500 (100.00%)
[control] avg: 0.000 (min: 0.000 - max: 0.000)
##### zentel_CHK1_10M #####
[rand_rows_rep_flip_count] avg: 467.680 (min: 460.000 - max: 485.000)
[rand_rows_rep_jintra] avg: 0.981 (min: 0.948 - max: 1.000)
[rand_rows_rep_flip_count] avg: 579.650 (min: 572.000 - max: 596.000)
[rand_rows_rep_jintra] avg: 0.978 (min: 0.945 - max: 0.998)
[rand_rows_rep_flip_count] avg: 608.670 (min: 601.000 - max: 624.000)
[rand_rows_rep_jintra] avg: 0.980 (min: 0.952 - max: 0.995)
[rand_rows_rep_flip_count] avg: 520.370 (min: 510.000 - max: 537.000)
[rand_rows_rep_jintra] avg: 0.973 (min: 0.939 - max: 0.996)
[rand_rows_rep_flip_count] avg: 498.830 (min: 489.000 - max: 519.000)
[rand_rows_rep_jintra] avg: 0.975 (min: 0.940 - max: 0.996)
[rand_rows_rep_flip_count] avg: 516.330 (min: 506.000 - max: 532.000)
[rand_rows_rep_jintra] avg: 0.975 (min: 0.938 - max: 0.998)
[rand_rows_rep_flip_count] avg: 510.060 (min: 503.000 - max: 524.000)
[rand_rows_rep_jintra] avg: 0.980 (min: 0.949 - max: 0.998)
[rand_rows_rep_flip_count] avg: 545.690 (min: 533.000 - max: 566.000)
[rand_rows_rep_jintra] avg: 0.975 (min: 0.938 - max: 0.996)
[rand_rows_rep_flip_count] avg: 528.360 (min: 518.000 - max: 552.000)
[rand_rows_rep_jintra] avg: 0.976 (min: 0.938 - max: 1.000)
[rand_rows_rep_flip_count] avg: 480.280 (min: 472.000 - max: 493.000)
[rand_rows_rep_jintra] avg: 0.979 (min: 0.954 - max: 0.996)
[rand_rows_rep_flip_count] avg: 507.400 (min: 497.000 - max: 530.000)
[rand_rows_rep_jintra] avg: 0.968 (min: 0.925 - max: 0.992)
[rand_rows_rep_flip_count] avg: 619.580 (min: 609.000 - max: 642.000)
[rand_rows_rep_jintra] avg: 0.979 (min: 0.946 - max: 0.997)
[rand_rows_rep_flip_count] avg: 587.560 (min: 577.000 - max: 606.000)
[rand_rows_rep_jintra] avg: 0.973 (min: 0.944 - max: 0.993)
[rand_rows_rep_flip_count] avg: 605.230 (min: 594.000 - max: 624.000)
[rand_rows_rep_jintra] avg: 0.975 (min: 0.946 - max: 0.995)
[rand_rows_rep_flip_count] avg: 580.510 (min: 573.000 - max: 599.000)
[rand_rows_rep_jintra] avg: 0.981 (min: 0.949 - max: 1.000)
[rand_rows_rep_flip_count] avg: 615.370 (min: 605.000 - max: 630.000)
[rand_rows_rep_jintra] avg: 0.979 (min: 0.948 - max: 0.997)
[rand_rows_rep_flip_count] avg: 487.890 (min: 480.000 - max: 505.000)
[rand_rows_rep_jintra] avg: 0.974 (min: 0.943 - max: 0.994)
[rand_rows_rep_flip_count] avg: 555.360 (min: 548.000 - max: 572.000)
[rand_rows_rep_jintra] avg: 0.978 (min: 0.946 - max: 0.998)
[rand_rows_rep_flip_count] avg: 523.050 (min: 511.000 - max: 535.000)
[rand_rows_rep_jintra] avg: 0.983 (min: 0.950 - max: 1.000)
[rand_rows_rep_flip_count] avg: 524.300 (min: 513.000 - max: 541.000)
[rand_rows_rep_jintra] avg: 0.979 (min: 0.938 - max: 1.000)
[rand_rows_rep_flip_count] avg: 424.140 (min: 416.000 - max: 437.000)
[rand_rows_rep_jintra] avg: 0.979 (min: 0.950 - max: 0.998)
[rand_rows_rep_flip_count] avg: 486.060 (min: 479.000 - max: 507.000)
[rand_rows_rep_jintra] avg: 0.974 (min: 0.937 - max: 0.998)
[rand_rows_rep_flip_count] avg: 596.540 (min: 586.000 - max: 621.000)
[rand_rows_rep_jintra] avg: 0.975 (min: 0.941 - max: 0.998)
[rand_rows_rep_flip_count] avg: 483.010 (min: 477.000 - max: 493.000)
[rand_rows_rep_jintra] avg: 0.979 (min: 0.944 - max: 1.000)
[rand_rows_rep_flip_count] avg: 496.860 (min: 491.000 - max: 510.000)
[rand_rows_rep_jintra] avg: 0.984 (min: 0.959 - max: 1.000)
[rand_rows_rep_flip_count] avg: 573.940 (min: 564.000 - max: 592.000)
[rand_rows_rep_jintra] avg: 0.979 (min: 0.943 - max: 0.998)
[rand_rows_rep_flip_count] avg: 522.560 (min: 514.000 - max: 536.000)
[rand_rows_rep_jintra] avg: 0.981 (min: 0.957 - max: 1.000)
[rand_rows_rep_flip_count] avg: 475.970 (min: 460.000 - max: 486.000)
[rand_rows_rep_jintra] avg: 0.977 (min: 0.944 - max: 1.000)
[rand_rows_rep_flip_count] avg: 628.670 (min: 622.000 - max: 652.000)
[rand_rows_rep_jintra] avg: 0.980 (min: 0.950 - max: 0.997)
[rand_rows_rep_flip_count] avg: 676.820 (min: 668.000 - max: 694.000)
[rand_rows_rep_jintra] avg: 0.979 (min: 0.953 - max: 0.996)
[rand_rows_rep_flip_count] avg: 424.700 (min: 417.000 - max: 439.000)
[rand_rows_rep_jintra] avg: 0.979 (min: 0.945 - max: 0.998)
[rand_rows_rep_flip_count] avg: 494.430 (min: 486.000 - max: 502.000)
[rand_rows_rep_jintra] avg: 0.988 (min: 0.966 - max: 1.000)
[rand_rows_rep_flip_count] avg: 567.790 (min: 555.000 - max: 598.000)
[rand_rows_rep_jintra] avg: 0.973 (min: 0.927 - max: 0.995)
[rand_rows_rep_flip_count] avg: 595.950 (min: 588.000 - max: 617.000)
[rand_rows_rep_jintra] avg: 0.978 (min: 0.947 - max: 0.995)
[rand_rows_rep_flip_count] avg: 476.140 (min: 465.000 - max: 494.000)
[rand_rows_rep_jintra] avg: 0.976 (min: 0.937 - max: 1.000)
[rand_rows_rep_flip_count] avg: 472.400 (min: 465.000 - max: 491.000)
[rand_rows_rep_jintra] avg: 0.975 (min: 0.935 - max: 0.998)
[rand_rows_rep_flip_count] avg: 557.680 (min: 546.000 - max: 571.000)
[rand_rows_rep_jintra] avg: 0.982 (min: 0.953 - max: 1.000)
[rand_rows_rep_flip_count] avg: 490.850 (min: 484.000 - max: 506.000)
[rand_rows_rep_jintra] avg: 0.976 (min: 0.945 - max: 0.998)
[rand_rows_rep_flip_count] avg: 473.960 (min: 467.000 - max: 487.000)
[rand_rows_rep_jintra] avg: 0.981 (min: 0.955 - max: 0.998)
[rand_rows_rep_flip_count] avg: 611.460 (min: 593.000 - max: 624.000)
[rand_rows_rep_jintra] avg: 0.980 (min: 0.950 - max: 1.000)
[rand_rows_rep_flip_count] avg: 514.240 (min: 501.000 - max: 534.000)
[rand_rows_rep_jintra] avg: 0.976 (min: 0.931 - max: 1.000)
[rand_rows_rep_flip_count] avg: 535.600 (min: 528.000 - max: 553.000)
[rand_rows_rep_jintra] avg: 0.978 (min: 0.941 - max: 0.996)
[rand_rows_rep_flip_count] avg: 499.100 (min: 492.000 - max: 510.000)
[rand_rows_rep_jintra] avg: 0.987 (min: 0.961 - max: 1.000)
[rand_rows_rep_flip_count] avg: 575.330 (min: 569.000 - max: 589.000)
[rand_rows_rep_jintra] avg: 0.983 (min: 0.960 - max: 0.998)
[rand_rows_rep_flip_count] avg: 522.670 (min: 508.000 - max: 537.000)
[rand_rows_rep_jintra] avg: 0.978 (min: 0.946 - max: 1.000)
[rand_rows_rep_flip_count] avg: 474.120 (min: 465.000 - max: 486.000)
[rand_rows_rep_jintra] avg: 0.976 (min: 0.952 - max: 0.996)
[rand_rows_rep_flip_count] avg: 441.440 (min: 436.000 - max: 451.000)
[rand_rows_rep_jintra] avg: 0.983 (min: 0.956 - max: 1.000)
[rand_rows_rep_flip_count] avg: 581.760 (min: 570.000 - max: 605.000)
[rand_rows_rep_jintra] avg: 0.975 (min: 0.937 - max: 1.000)
[rand_rows_rep_flip_count] avg: 488.200 (min: 480.000 - max: 504.000)
[rand_rows_rep_jintra] avg: 0.979 (min: 0.943 - max: 0.998)
[rand_rows_rep_flip_count] avg: 633.530 (min: 623.000 - max: 651.000)
[rand_rows_rep_jintra] avg: 0.982 (min: 0.953 - max: 0.998)
##### zentel_CHK1_10M #####
[rand_rows_uniq_flip_count] avg: 527.761 (min: 275.000 - max: 783.000)
[rand_rows_uniq] col distr entropy: 13.998 bits
[zentel_CHK1_10Mjinter] avg: 0.017 (min: 0.000 - max: 0.072)
[zentel_CHK1_10Mjinter_exp] avg: 0.016 (min: 0.009 - max: 0.024)
##### zentel_CHK1_10M #####
[seq_rows_rep_flip_count] avg: 582.190 (min: 575.000 - max: 598.000)
[seq_rows_rep_jintra] avg: 0.983 (min: 0.958 - max: 1.000)
[seq_rows_rep_flip_count] avg: 457.310 (min: 451.000 - max: 470.000)
[seq_rows_rep_jintra] avg: 0.982 (min: 0.957 - max: 0.998)
[seq_rows_rep_flip_count] avg: 443.010 (min: 436.000 - max: 455.000)
[seq_rows_rep_jintra] avg: 0.984 (min: 0.958 - max: 1.000)
[seq_rows_rep_flip_count] avg: 454.760 (min: 446.000 - max: 473.000)
[seq_rows_rep_jintra] avg: 0.970 (min: 0.931 - max: 0.996)
[seq_rows_rep_flip_count] avg: 516.100 (min: 507.000 - max: 527.000)
[seq_rows_rep_jintra] avg: 0.979 (min: 0.962 - max: 1.000)
[seq_rows_rep_flip_count] avg: 576.060 (min: 568.000 - max: 590.000)
[seq_rows_rep_jintra] avg: 0.982 (min: 0.958 - max: 0.998)
[seq_rows_rep_flip_count] avg: 562.100 (min: 554.000 - max: 588.000)
[seq_rows_rep_jintra] avg: 0.975 (min: 0.934 - max: 0.995)
[seq_rows_rep_flip_count] avg: 533.300 (min: 524.000 - max: 554.000)
[seq_rows_rep_jintra] avg: 0.973 (min: 0.934 - max: 0.994)
[seq_rows_rep_flip_count] avg: 481.660 (min: 474.000 - max: 496.000)
[seq_rows_rep_jintra] avg: 0.981 (min: 0.954 - max: 0.998)
[seq_rows_rep_flip_count] avg: 590.630 (min: 581.000 - max: 609.000)
[seq_rows_rep_jintra] avg: 0.974 (min: 0.949 - max: 0.993)
[seq_rows_rep_flip_count] avg: 502.370 (min: 492.000 - max: 522.000)
[seq_rows_rep_jintra] avg: 0.974 (min: 0.935 - max: 0.996)
[seq_rows_rep_flip_count] avg: 585.050 (min: 575.000 - max: 603.000)
[seq_rows_rep_jintra] avg: 0.975 (min: 0.947 - max: 0.995)
[seq_rows_rep_flip_count] avg: 490.240 (min: 481.000 - max: 511.000)
[seq_rows_rep_jintra] avg: 0.978 (min: 0.936 - max: 0.998)
[seq_rows_rep_flip_count] avg: 595.170 (min: 587.000 - max: 620.000)
[seq_rows_rep_jintra] avg: 0.977 (min: 0.940 - max: 0.997)
[seq_rows_rep_flip_count] avg: 504.990 (min: 497.000 - max: 523.000)
[seq_rows_rep_jintra] avg: 0.978 (min: 0.939 - max: 0.994)
[seq_rows_rep_flip_count] avg: 491.240 (min: 484.000 - max: 507.000)
[seq_rows_rep_jintra] avg: 0.979 (min: 0.953 - max: 0.998)
[seq_rows_rep_flip_count] avg: 563.490 (min: 556.000 - max: 584.000)
[seq_rows_rep_jintra] avg: 0.984 (min: 0.951 - max: 0.998)
[seq_rows_rep_flip_count] avg: 599.690 (min: 592.000 - max: 625.000)
[seq_rows_rep_jintra] avg: 0.982 (min: 0.946 - max: 0.997)
[seq_rows_rep_flip_count] avg: 604.070 (min: 596.000 - max: 622.000)
[seq_rows_rep_jintra] avg: 0.982 (min: 0.955 - max: 0.998)
[seq_rows_rep_flip_count] avg: 564.280 (min: 556.000 - max: 581.000)
[seq_rows_rep_jintra] avg: 0.981 (min: 0.955 - max: 0.996)
[seq_rows_rep_flip_count] avg: 543.110 (min: 532.000 - max: 557.000)
[seq_rows_rep_jintra] avg: 0.976 (min: 0.948 - max: 0.998)
[seq_rows_rep_flip_count] avg: 503.530 (min: 498.000 - max: 517.000)
[seq_rows_rep_jintra] avg: 0.983 (min: 0.956 - max: 0.998)
[seq_rows_rep_flip_count] avg: 637.750 (min: 627.000 - max: 660.000)
[seq_rows_rep_jintra] avg: 0.982 (min: 0.947 - max: 0.997)
[seq_rows_rep_flip_count] avg: 462.410 (min: 457.000 - max: 480.000)
[seq_rows_rep_jintra] avg: 0.979 (min: 0.944 - max: 0.998)
[seq_rows_rep_flip_count] avg: 508.530 (min: 499.000 - max: 523.000)
[seq_rows_rep_jintra] avg: 0.982 (min: 0.950 - max: 0.998)
[seq_rows_rep_flip_count] avg: 565.230 (min: 555.000 - max: 588.000)
[seq_rows_rep_jintra] avg: 0.975 (min: 0.941 - max: 0.996)
[seq_rows_rep_flip_count] avg: 594.410 (min: 586.000 - max: 612.000)
[seq_rows_rep_jintra] avg: 0.982 (min: 0.956 - max: 1.000)
[seq_rows_rep_flip_count] avg: 561.040 (min: 550.000 - max: 580.000)
[seq_rows_rep_jintra] avg: 0.979 (min: 0.943 - max: 0.998)
[seq_rows_rep_flip_count] avg: 502.170 (min: 493.000 - max: 522.000)
[seq_rows_rep_jintra] avg: 0.977 (min: 0.939 - max: 0.998)
[seq_rows_rep_flip_count] avg: 548.390 (min: 539.000 - max: 568.000)
[seq_rows_rep_jintra] avg: 0.975 (min: 0.944 - max: 0.995)
[seq_rows_rep_flip_count] avg: 502.330 (min: 493.000 - max: 524.000)
[seq_rows_rep_jintra] avg: 0.975 (min: 0.937 - max: 0.998)
[seq_rows_rep_flip_count] avg: 474.110 (min: 468.000 - max: 490.000)
[seq_rows_rep_jintra] avg: 0.980 (min: 0.949 - max: 0.998)
[seq_rows_rep_flip_count] avg: 596.910 (min: 588.000 - max: 614.000)
[seq_rows_rep_jintra] avg: 0.981 (min: 0.953 - max: 0.998)
[seq_rows_rep_flip_count] avg: 586.300 (min: 580.000 - max: 602.000)
[seq_rows_rep_jintra] avg: 0.985 (min: 0.957 - max: 0.998)
[seq_rows_rep_flip_count] avg: 493.900 (min: 485.000 - max: 506.000)
[seq_rows_rep_jintra] avg: 0.980 (min: 0.953 - max: 0.998)
[seq_rows_rep_flip_count] avg: 631.700 (min: 624.000 - max: 656.000)
[seq_rows_rep_jintra] avg: 0.982 (min: 0.947 - max: 0.997)
[seq_rows_rep_flip_count] avg: 493.880 (min: 486.000 - max: 513.000)
[seq_rows_rep_jintra] avg: 0.977 (min: 0.940 - max: 0.996)
[seq_rows_rep_flip_count] avg: 557.530 (min: 546.000 - max: 582.000)
[seq_rows_rep_jintra] avg: 0.976 (min: 0.927 - max: 0.998)
[seq_rows_rep_flip_count] avg: 441.160 (min: 434.000 - max: 458.000)
[seq_rows_rep_jintra] avg: 0.977 (min: 0.943 - max: 0.998)
[seq_rows_rep_flip_count] avg: 609.870 (min: 602.000 - max: 636.000)
[seq_rows_rep_jintra] avg: 0.979 (min: 0.940 - max: 0.997)
[seq_rows_rep_flip_count] avg: 500.450 (min: 491.000 - max: 523.000)
[seq_rows_rep_jintra] avg: 0.978 (min: 0.939 - max: 1.000)
[seq_rows_rep_flip_count] avg: 590.580 (min: 581.000 - max: 608.000)
[seq_rows_rep_jintra] avg: 0.978 (min: 0.945 - max: 0.997)
[seq_rows_rep_flip_count] avg: 576.890 (min: 566.000 - max: 595.000)
[seq_rows_rep_jintra] avg: 0.975 (min: 0.942 - max: 0.998)
[seq_rows_rep_flip_count] avg: 604.760 (min: 595.000 - max: 630.000)
[seq_rows_rep_jintra] avg: 0.975 (min: 0.941 - max: 0.998)
[seq_rows_rep_flip_count] avg: 490.370 (min: 484.000 - max: 500.000)
[seq_rows_rep_jintra] avg: 0.982 (min: 0.960 - max: 1.000)
[seq_rows_rep_flip_count] avg: 475.230 (min: 468.000 - max: 494.000)
[seq_rows_rep_jintra] avg: 0.980 (min: 0.945 - max: 1.000)
[seq_rows_rep_flip_count] avg: 450.190 (min: 443.000 - max: 465.000)
[seq_rows_rep_jintra] avg: 0.983 (min: 0.953 - max: 1.000)
[seq_rows_rep_flip_count] avg: 485.110 (min: 477.000 - max: 498.000)
[seq_rows_rep_jintra] avg: 0.979 (min: 0.952 - max: 0.998)
[seq_rows_rep_flip_count] avg: 429.170 (min: 420.000 - max: 447.000)
[seq_rows_rep_jintra] avg: 0.970 (min: 0.935 - max: 0.995)
[seq_rows_rep_flip_count] avg: 609.480 (min: 602.000 - max: 628.000)
[seq_rows_rep_jintra] avg: 0.983 (min: 0.955 - max: 1.000)
