analyzing data
zentel
ROS1
1000000
./logs/zentel
##### zentel_ROS1_1M #####
[control] control passed 500/500 (100.00%)
[control] avg: 0.000 (min: 0.000 - max: 0.000)
##### zentel_ROS1_1M #####
[rand_rows_rep_flip_count] avg: 0.000 (min: 0.000 - max: 0.000)
[rand_rows_rep] insufficient flip count, skipping jaccard
[rand_rows_rep_flip_count] avg: 1.000 (min: 1.000 - max: 1.000)
[rand_rows_rep] insufficient flip count, skipping jaccard
[rand_rows_rep_flip_count] avg: 2.100 (min: 2.000 - max: 3.000)
[rand_rows_rep] insufficient flip count, skipping jaccard
[rand_rows_rep_flip_count] avg: 0.000 (min: 0.000 - max: 0.000)
[rand_rows_rep] insufficient flip count, skipping jaccard
[rand_rows_rep_flip_count] avg: 0.000 (min: 0.000 - max: 0.000)
[rand_rows_rep] insufficient flip count, skipping jaccard
[rand_rows_rep_flip_count] avg: 1.000 (min: 1.000 - max: 1.000)
[rand_rows_rep] insufficient flip count, skipping jaccard
[rand_rows_rep_flip_count] avg: 1.000 (min: 1.000 - max: 1.000)
[rand_rows_rep] insufficient flip count, skipping jaccard
[rand_rows_rep_flip_count] avg: 0.000 (min: 0.000 - max: 0.000)
[rand_rows_rep] insufficient flip count, skipping jaccard
[rand_rows_rep_flip_count] avg: 1.000 (min: 1.000 - max: 1.000)
[rand_rows_rep] insufficient flip count, skipping jaccard
[rand_rows_rep_flip_count] avg: 1.000 (min: 1.000 - max: 1.000)
[rand_rows_rep] insufficient flip count, skipping jaccard
[rand_rows_rep_flip_count] avg: 1.000 (min: 1.000 - max: 1.000)
[rand_rows_rep] insufficient flip count, skipping jaccard
[rand_rows_rep_flip_count] avg: 0.000 (min: 0.000 - max: 0.000)
[rand_rows_rep] insufficient flip count, skipping jaccard
[rand_rows_rep_flip_count] avg: 0.480 (min: 0.000 - max: 1.000)
[rand_rows_rep] insufficient flip count, skipping jaccard
[rand_rows_rep_flip_count] avg: 0.000 (min: 0.000 - max: 0.000)
[rand_rows_rep] insufficient flip count, skipping jaccard
[rand_rows_rep_flip_count] avg: 0.000 (min: 0.000 - max: 0.000)
[rand_rows_rep] insufficient flip count, skipping jaccard
[rand_rows_rep_flip_count] avg: 3.190 (min: 2.000 - max: 4.000)
[rand_rows_rep] insufficient flip count, skipping jaccard
[rand_rows_rep_flip_count] avg: 0.000 (min: 0.000 - max: 0.000)
[rand_rows_rep] insufficient flip count, skipping jaccard
[rand_rows_rep_flip_count] avg: 0.000 (min: 0.000 - max: 0.000)
[rand_rows_rep] insufficient flip count, skipping jaccard
[rand_rows_rep_flip_count] avg: 0.000 (min: 0.000 - max: 0.000)
[rand_rows_rep] insufficient flip count, skipping jaccard
[rand_rows_rep_flip_count] avg: 1.000 (min: 1.000 - max: 1.000)
[rand_rows_rep] insufficient flip count, skipping jaccard
[rand_rows_rep_flip_count] avg: 1.000 (min: 1.000 - max: 1.000)
[rand_rows_rep] insufficient flip count, skipping jaccard
[rand_rows_rep_flip_count] avg: 0.000 (min: 0.000 - max: 0.000)
[rand_rows_rep] insufficient flip count, skipping jaccard
[rand_rows_rep_flip_count] avg: 3.000 (min: 3.000 - max: 3.000)
[rand_rows_rep] insufficient flip count, skipping jaccard
[rand_rows_rep_flip_count] avg: 0.000 (min: 0.000 - max: 0.000)
[rand_rows_rep] insufficient flip count, skipping jaccard
[rand_rows_rep_flip_count] avg: 0.000 (min: 0.000 - max: 0.000)
[rand_rows_rep] insufficient flip count, skipping jaccard
[rand_rows_rep_flip_count] avg: 2.000 (min: 2.000 - max: 2.000)
[rand_rows_rep] insufficient flip count, skipping jaccard
[rand_rows_rep_flip_count] avg: 0.000 (min: 0.000 - max: 0.000)
[rand_rows_rep] insufficient flip count, skipping jaccard
[rand_rows_rep_flip_count] avg: 0.000 (min: 0.000 - max: 0.000)
[rand_rows_rep] insufficient flip count, skipping jaccard
[rand_rows_rep_flip_count] avg: 1.000 (min: 1.000 - max: 1.000)
[rand_rows_rep] insufficient flip count, skipping jaccard
[rand_rows_rep_flip_count] avg: 1.000 (min: 1.000 - max: 1.000)
[rand_rows_rep] insufficient flip count, skipping jaccard
[rand_rows_rep_flip_count] avg: 0.000 (min: 0.000 - max: 0.000)
[rand_rows_rep] insufficient flip count, skipping jaccard
[rand_rows_rep_flip_count] avg: 0.000 (min: 0.000 - max: 0.000)
[rand_rows_rep] insufficient flip count, skipping jaccard
[rand_rows_rep_flip_count] avg: 1.000 (min: 1.000 - max: 1.000)
[rand_rows_rep] insufficient flip count, skipping jaccard
[rand_rows_rep_flip_count] avg: 1.000 (min: 1.000 - max: 1.000)
[rand_rows_rep] insufficient flip count, skipping jaccard
[rand_rows_rep_flip_count] avg: 0.000 (min: 0.000 - max: 0.000)
[rand_rows_rep] insufficient flip count, skipping jaccard
[rand_rows_rep_flip_count] avg: 1.000 (min: 1.000 - max: 1.000)
[rand_rows_rep] insufficient flip count, skipping jaccard
[rand_rows_rep_flip_count] avg: 0.040 (min: 0.000 - max: 1.000)
[rand_rows_rep] insufficient flip count, skipping jaccard
[rand_rows_rep_flip_count] avg: 0.000 (min: 0.000 - max: 0.000)
[rand_rows_rep] insufficient flip count, skipping jaccard
[rand_rows_rep_flip_count] avg: 0.000 (min: 0.000 - max: 0.000)
[rand_rows_rep] insufficient flip count, skipping jaccard
[rand_rows_rep_flip_count] avg: 0.000 (min: 0.000 - max: 0.000)
[rand_rows_rep] insufficient flip count, skipping jaccard
[rand_rows_rep_flip_count] avg: 0.000 (min: 0.000 - max: 0.000)
[rand_rows_rep] insufficient flip count, skipping jaccard
[rand_rows_rep_flip_count] avg: 0.000 (min: 0.000 - max: 0.000)
[rand_rows_rep] insufficient flip count, skipping jaccard
[rand_rows_rep_flip_count] avg: 1.000 (min: 1.000 - max: 1.000)
[rand_rows_rep] insufficient flip count, skipping jaccard
[rand_rows_rep_flip_count] avg: 1.000 (min: 1.000 - max: 1.000)
[rand_rows_rep] insufficient flip count, skipping jaccard
[rand_rows_rep_flip_count] avg: 0.000 (min: 0.000 - max: 0.000)
[rand_rows_rep] insufficient flip count, skipping jaccard
[rand_rows_rep_flip_count] avg: 0.000 (min: 0.000 - max: 0.000)
[rand_rows_rep] insufficient flip count, skipping jaccard
[rand_rows_rep_flip_count] avg: 0.000 (min: 0.000 - max: 0.000)
[rand_rows_rep] insufficient flip count, skipping jaccard
[rand_rows_rep_flip_count] avg: 1.000 (min: 1.000 - max: 1.000)
[rand_rows_rep] insufficient flip count, skipping jaccard
[rand_rows_rep_flip_count] avg: 0.000 (min: 0.000 - max: 0.000)
[rand_rows_rep] insufficient flip count, skipping jaccard
[rand_rows_rep_flip_count] avg: 1.010 (min: 1.000 - max: 2.000)
[rand_rows_rep] insufficient flip count, skipping jaccard
##### zentel_ROS1_1M #####
[rand_rows_uniq_flip_count] avg: 0.507 (min: 0.000 - max: 60.000)
[rand_rows_uniq] insufficient flip count, skipping plots and jaccards
##### zentel_ROS1_1M #####
[seq_rows_rep_flip_count] avg: 0.000 (min: 0.000 - max: 0.000)
[seq_rows_rep] insufficient flip count, skipping jaccard
[seq_rows_rep_flip_count] avg: 0.000 (min: 0.000 - max: 0.000)
[seq_rows_rep] insufficient flip count, skipping jaccard
[seq_rows_rep_flip_count] avg: 0.000 (min: 0.000 - max: 0.000)
[seq_rows_rep] insufficient flip count, skipping jaccard
[seq_rows_rep_flip_count] avg: 0.000 (min: 0.000 - max: 0.000)
[seq_rows_rep] insufficient flip count, skipping jaccard
[seq_rows_rep_flip_count] avg: 0.000 (min: 0.000 - max: 0.000)
[seq_rows_rep] insufficient flip count, skipping jaccard
[seq_rows_rep_flip_count] avg: 0.020 (min: 0.000 - max: 1.000)
[seq_rows_rep] insufficient flip count, skipping jaccard
[seq_rows_rep_flip_count] avg: 0.000 (min: 0.000 - max: 0.000)
[seq_rows_rep] insufficient flip count, skipping jaccard
[seq_rows_rep_flip_count] avg: 0.000 (min: 0.000 - max: 0.000)
[seq_rows_rep] insufficient flip count, skipping jaccard
[seq_rows_rep_flip_count] avg: 0.000 (min: 0.000 - max: 0.000)
[seq_rows_rep] insufficient flip count, skipping jaccard
[seq_rows_rep_flip_count] avg: 0.000 (min: 0.000 - max: 0.000)
[seq_rows_rep] insufficient flip count, skipping jaccard
[seq_rows_rep_flip_count] avg: 1.000 (min: 1.000 - max: 1.000)
[seq_rows_rep] insufficient flip count, skipping jaccard
[seq_rows_rep_flip_count] avg: 0.000 (min: 0.000 - max: 0.000)
[seq_rows_rep] insufficient flip count, skipping jaccard
[seq_rows_rep_flip_count] avg: 0.000 (min: 0.000 - max: 0.000)
[seq_rows_rep] insufficient flip count, skipping jaccard
[seq_rows_rep_flip_count] avg: 0.000 (min: 0.000 - max: 0.000)
[seq_rows_rep] insufficient flip count, skipping jaccard
[seq_rows_rep_flip_count] avg: 0.000 (min: 0.000 - max: 0.000)
[seq_rows_rep] insufficient flip count, skipping jaccard
[seq_rows_rep_flip_count] avg: 1.000 (min: 1.000 - max: 1.000)
[seq_rows_rep] insufficient flip count, skipping jaccard
[seq_rows_rep_flip_count] avg: 0.000 (min: 0.000 - max: 0.000)
[seq_rows_rep] insufficient flip count, skipping jaccard
[seq_rows_rep_flip_count] avg: 0.220 (min: 0.000 - max: 1.000)
[seq_rows_rep] insufficient flip count, skipping jaccard
[seq_rows_rep_flip_count] avg: 1.000 (min: 1.000 - max: 1.000)
[seq_rows_rep] insufficient flip count, skipping jaccard
[seq_rows_rep_flip_count] avg: 1.000 (min: 1.000 - max: 1.000)
[seq_rows_rep] insufficient flip count, skipping jaccard
[seq_rows_rep_flip_count] avg: 0.000 (min: 0.000 - max: 0.000)
[seq_rows_rep] insufficient flip count, skipping jaccard
[seq_rows_rep_flip_count] avg: 0.160 (min: 0.000 - max: 1.000)
[seq_rows_rep] insufficient flip count, skipping jaccard
[seq_rows_rep_flip_count] avg: 0.000 (min: 0.000 - max: 0.000)
[seq_rows_rep] insufficient flip count, skipping jaccard
[seq_rows_rep_flip_count] avg: 0.000 (min: 0.000 - max: 0.000)
[seq_rows_rep] insufficient flip count, skipping jaccard
[seq_rows_rep_flip_count] avg: 0.000 (min: 0.000 - max: 0.000)
[seq_rows_rep] insufficient flip count, skipping jaccard
[seq_rows_rep_flip_count] avg: 0.000 (min: 0.000 - max: 0.000)
[seq_rows_rep] insufficient flip count, skipping jaccard
[seq_rows_rep_flip_count] avg: 0.000 (min: 0.000 - max: 0.000)
[seq_rows_rep] insufficient flip count, skipping jaccard
[seq_rows_rep_flip_count] avg: 0.000 (min: 0.000 - max: 0.000)
[seq_rows_rep] insufficient flip count, skipping jaccard
[seq_rows_rep_flip_count] avg: 0.000 (min: 0.000 - max: 0.000)
[seq_rows_rep] insufficient flip count, skipping jaccard
[seq_rows_rep_flip_count] avg: 1.000 (min: 1.000 - max: 1.000)
[seq_rows_rep] insufficient flip count, skipping jaccard
[seq_rows_rep_flip_count] avg: 0.000 (min: 0.000 - max: 0.000)
[seq_rows_rep] insufficient flip count, skipping jaccard
[seq_rows_rep_flip_count] avg: 0.000 (min: 0.000 - max: 0.000)
[seq_rows_rep] insufficient flip count, skipping jaccard
[seq_rows_rep_flip_count] avg: 1.000 (min: 1.000 - max: 1.000)
[seq_rows_rep] insufficient flip count, skipping jaccard
[seq_rows_rep_flip_count] avg: 1.000 (min: 1.000 - max: 1.000)
[seq_rows_rep] insufficient flip count, skipping jaccard
[seq_rows_rep_flip_count] avg: 0.000 (min: 0.000 - max: 0.000)
[seq_rows_rep] insufficient flip count, skipping jaccard
[seq_rows_rep_flip_count] avg: 0.010 (min: 0.000 - max: 1.000)
[seq_rows_rep] insufficient flip count, skipping jaccard
[seq_rows_rep_flip_count] avg: 0.720 (min: 0.000 - max: 1.000)
[seq_rows_rep] insufficient flip count, skipping jaccard
[seq_rows_rep_flip_count] avg: 1.030 (min: 1.000 - max: 2.000)
[seq_rows_rep] insufficient flip count, skipping jaccard
[seq_rows_rep_flip_count] avg: 0.460 (min: 0.000 - max: 1.000)
[seq_rows_rep] insufficient flip count, skipping jaccard
[seq_rows_rep_flip_count] avg: 0.000 (min: 0.000 - max: 0.000)
[seq_rows_rep] insufficient flip count, skipping jaccard
[seq_rows_rep_flip_count] avg: 0.000 (min: 0.000 - max: 0.000)
[seq_rows_rep] insufficient flip count, skipping jaccard
[seq_rows_rep_flip_count] avg: 0.000 (min: 0.000 - max: 0.000)
[seq_rows_rep] insufficient flip count, skipping jaccard
[seq_rows_rep_flip_count] avg: 1.000 (min: 1.000 - max: 1.000)
[seq_rows_rep] insufficient flip count, skipping jaccard
[seq_rows_rep_flip_count] avg: 0.000 (min: 0.000 - max: 0.000)
[seq_rows_rep] insufficient flip count, skipping jaccard
[seq_rows_rep_flip_count] avg: 0.000 (min: 0.000 - max: 0.000)
[seq_rows_rep] insufficient flip count, skipping jaccard
[seq_rows_rep_flip_count] avg: 0.000 (min: 0.000 - max: 0.000)
[seq_rows_rep] insufficient flip count, skipping jaccard
[seq_rows_rep_flip_count] avg: 0.000 (min: 0.000 - max: 0.000)
[seq_rows_rep] insufficient flip count, skipping jaccard
[seq_rows_rep_flip_count] avg: 0.000 (min: 0.000 - max: 0.000)
[seq_rows_rep] insufficient flip count, skipping jaccard
[seq_rows_rep_flip_count] avg: 0.000 (min: 0.000 - max: 0.000)
[seq_rows_rep] insufficient flip count, skipping jaccard
[seq_rows_rep_flip_count] avg: 1.890 (min: 1.000 - max: 2.000)
[seq_rows_rep] insufficient flip count, skipping jaccard
